<?xml version="1.0" encoding="UTF-8"?>
<robot generator="Robot 7.2.2 (Python 3.13.3 on win32)" generated="2025-05-13T16:51:51.870977" rpa="false" schemaversion="5">
<suite id="s1" name="Automaticke" source="C:\Users\Daniel\Desktop\testování\Automaticke">
<suite id="s1-s1" name="FotogalerieAVideo" source="C:\Users\Daniel\Desktop\testování\Automaticke\FotogalerieAVideo">
<suite id="s1-s1-s1" name="061" source="C:\Users\Daniel\Desktop\testování\Automaticke\FotogalerieAVideo\061">
<suite id="s1-s1-s1-s1" name="TS 061" source="C:\Users\Daniel\Desktop\testování\Automaticke\FotogalerieAVideo\061\TS_061.robot">
<test id="s1-s1-s1-s1-t1" name="Pre-conditions" line="11">
<kw name="Otevri Prohlizec Jdi na URL a Zkontroluj" owner="Keywords">
<kw name="Evaluate" owner="BuiltIn">
<msg time="2025-05-13T16:51:53.730488" level="INFO">${service} = &lt;selenium.webdriver.chrome.service.Service object at 0x000001E07D43A120&gt;</msg>
<var>${service}</var>
<arg>sys.modules['selenium.webdriver.chrome.service'].Service('C:/Users/Daniel/Desktop/testování/chromedriver.exe')</arg>
<arg>sys</arg>
<doc>Evaluates the given expression in Python and returns the result.</doc>
<status status="PASS" start="2025-05-13T16:51:53.729014" elapsed="0.001609"/>
</kw>
<kw name="Create Webdriver" owner="SeleniumLibrary">
<msg time="2025-05-13T16:51:53.731597" level="INFO">Creating an instance of the Chrome WebDriver.</msg>
<msg time="2025-05-13T16:51:58.351752" level="INFO">${driver} = 1</msg>
<var>${driver}</var>
<arg>Chrome</arg>
<arg>service=${service}</arg>
<doc>Creates an instance of Selenium WebDriver.</doc>
<status status="PASS" start="2025-05-13T16:51:53.731073" elapsed="4.620795"/>
</kw>
<kw name="Go To" owner="SeleniumLibrary">
<msg time="2025-05-13T16:51:58.352961" level="INFO">Opening url 'https://pozlovice.cz/'</msg>
<arg>${URL}</arg>
<doc>Navigates the current browser window to the provided ``url``.</doc>
<status status="PASS" start="2025-05-13T16:51:58.352466" elapsed="13.794250"/>
</kw>
<kw name="Maximize Browser Window" owner="SeleniumLibrary">
<doc>Maximizes current browser window.</doc>
<status status="PASS" start="2025-05-13T16:52:12.147839" elapsed="0.209963"/>
</kw>
<kw name="Wait Until Element Is Visible" owner="SeleniumLibrary">
<arg>${KontrolovanyElement}</arg>
<doc>Waits until the element ``locator`` is visible.</doc>
<status status="PASS" start="2025-05-13T16:52:12.358180" elapsed="2.682455"/>
</kw>
<arg>${Browser_Chrome}</arg>
<arg>${URL_MainPage}</arg>
<arg>${Button_Foto}</arg>
<status status="PASS" start="2025-05-13T16:51:53.726755" elapsed="21.314136"/>
</kw>
<status status="PASS" start="2025-05-13T16:51:53.722688" elapsed="21.393751"/>
</test>
<test id="s1-s1-s1-s1-t2" name="Ověření dostupnosti sekce „Fotogalerie“" line="14">
<kw name="Kontroluj" owner="Keywords">
<kw name="Element Should Be Visible" owner="SeleniumLibrary">
<msg time="2025-05-13T16:52:15.212171" level="INFO">Element '//a[normalize-space()='Fotogalerie a videa']' is displayed.</msg>
<arg>${ButtonFoto}</arg>
<doc>Verifies that the element identified by ``locator`` is visible.</doc>
<status status="PASS" start="2025-05-13T16:52:15.121852" elapsed="0.090516"/>
</kw>
<kw name="Click Element" owner="SeleniumLibrary">
<msg time="2025-05-13T16:52:15.213162" level="INFO">Clicking element '//a[normalize-space()='Fotogalerie a videa']'.</msg>
<arg>${ButtonFoto}</arg>
<doc>Click the element identified by ``locator``.</doc>
<status status="PASS" start="2025-05-13T16:52:15.212716" elapsed="2.246374"/>
</kw>
<kw name="Location Should Contain" owner="SeleniumLibrary">
<msg time="2025-05-13T16:52:17.659843" level="INFO">Current location contains 'https://pozlovice.cz/obec/fotogalerie-a-video'.</msg>
<arg>${StrankaFoto}</arg>
<doc>Verifies that the current URL contains ``expected``.</doc>
<status status="PASS" start="2025-05-13T16:52:17.459528" elapsed="0.200541"/>
</kw>
<kw name="Element Should Be Visible" owner="SeleniumLibrary">
<msg time="2025-05-13T16:52:17.697245" level="INFO">Element '//a[contains(text(),'Fotogalerie')]' is displayed.</msg>
<arg>${ButtonFoto2}</arg>
<doc>Verifies that the element identified by ``locator`` is visible.</doc>
<status status="PASS" start="2025-05-13T16:52:17.660424" elapsed="0.037349"/>
</kw>
<kw name="Click Element" owner="SeleniumLibrary">
<msg time="2025-05-13T16:52:17.698669" level="INFO">Clicking element '//a[contains(text(),'Fotogalerie')]'.</msg>
<arg>${ButtonFoto2}</arg>
<doc>Click the element identified by ``locator``.</doc>
<status status="PASS" start="2025-05-13T16:52:17.698169" elapsed="0.648824"/>
</kw>
<kw name="Location Should Contain" owner="SeleniumLibrary">
<msg time="2025-05-13T16:52:20.244435" level="INFO">Current location contains 'https://pozlovice.cz/obec/fotogalerie'.</msg>
<arg>${StrankaFoto2}</arg>
<doc>Verifies that the current URL contains ``expected``.</doc>
<status status="PASS" start="2025-05-13T16:52:18.347483" elapsed="1.897127"/>
</kw>
<arg>${Button_Foto}</arg>
<arg>${URL_Finish}</arg>
<arg>${Button_Foto2}</arg>
<arg>${URL_Finish2}</arg>
<status status="PASS" start="2025-05-13T16:52:15.120839" elapsed="5.123902"/>
</kw>
<status status="PASS" start="2025-05-13T16:52:15.118740" elapsed="5.126333"/>
</test>
<test id="s1-s1-s1-s1-t3" name="Post-conditions" line="17">
<kw name="Close Browser" owner="SeleniumLibrary">
<doc>Closes the current browser.</doc>
<status status="PASS" start="2025-05-13T16:52:20.245893" elapsed="2.278932"/>
</kw>
<status status="PASS" start="2025-05-13T16:52:20.245492" elapsed="2.279661"/>
</test>
<status status="PASS" start="2025-05-13T16:51:52.185760" elapsed="30.340050"/>
</suite>
<status status="PASS" start="2025-05-13T16:51:52.106778" elapsed="30.419656"/>
</suite>
<suite id="s1-s1-s2" name="062" source="C:\Users\Daniel\Desktop\testování\Automaticke\FotogalerieAVideo\062">
<suite id="s1-s1-s2-s1" name="TS 062" source="C:\Users\Daniel\Desktop\testování\Automaticke\FotogalerieAVideo\062\TS_062.robot">
<test id="s1-s1-s2-s1-t1" name="Pre-conditions" line="11">
<kw name="Otevri Prohlizec Jdi na URL a Zkontroluj" owner="Keywords">
<kw name="Evaluate" owner="BuiltIn">
<msg time="2025-05-13T16:52:22.537002" level="INFO">${service} = &lt;selenium.webdriver.chrome.service.Service object at 0x000001E07CF002D0&gt;</msg>
<var>${service}</var>
<arg>sys.modules['selenium.webdriver.chrome.service'].Service('C:/Users/Daniel/Desktop/testování/chromedriver.exe')</arg>
<arg>sys</arg>
<doc>Evaluates the given expression in Python and returns the result.</doc>
<status status="PASS" start="2025-05-13T16:52:22.536559" elapsed="0.000474"/>
</kw>
<kw name="Create Webdriver" owner="SeleniumLibrary">
<msg time="2025-05-13T16:52:22.537285" level="INFO">Creating an instance of the Chrome WebDriver.</msg>
<msg time="2025-05-13T16:52:23.715639" level="INFO">${driver} = 2</msg>
<var>${driver}</var>
<arg>Chrome</arg>
<arg>service=${service}</arg>
<doc>Creates an instance of Selenium WebDriver.</doc>
<status status="PASS" start="2025-05-13T16:52:22.537146" elapsed="1.178552"/>
</kw>
<kw name="Go To" owner="SeleniumLibrary">
<msg time="2025-05-13T16:52:23.716142" level="INFO">Opening url 'https://pozlovice.cz/'</msg>
<arg>${URL}</arg>
<doc>Navigates the current browser window to the provided ``url``.</doc>
<status status="PASS" start="2025-05-13T16:52:23.715918" elapsed="7.792472"/>
</kw>
<kw name="Maximize Browser Window" owner="SeleniumLibrary">
<doc>Maximizes current browser window.</doc>
<status status="PASS" start="2025-05-13T16:52:31.508595" elapsed="0.047304"/>
</kw>
<kw name="Wait Until Element Is Visible" owner="SeleniumLibrary">
<arg>${KontrolovanyElement}</arg>
<doc>Waits until the element ``locator`` is visible.</doc>
<status status="PASS" start="2025-05-13T16:52:31.556236" elapsed="0.063882"/>
</kw>
<arg>${Browser_Chrome}</arg>
<arg>${URL_MainPage}</arg>
<arg>${Button_Foto}</arg>
<status status="PASS" start="2025-05-13T16:52:22.536219" elapsed="9.084034"/>
</kw>
<status status="PASS" start="2025-05-13T16:52:22.535825" elapsed="9.084787"/>
</test>
<test id="s1-s1-s2-s1-t2" name="Ověření funkčnosti zobrazení konkrétní fotogalerie" line="14">
<kw name="Kontroluj" owner="Keywords">
<kw name="Element Should Be Visible" owner="SeleniumLibrary">
<msg time="2025-05-13T16:52:31.730178" level="INFO">Element '//a[normalize-space()='Fotogalerie a videa']' is displayed.</msg>
<arg>${ButtonFoto}</arg>
<doc>Verifies that the element identified by ``locator`` is visible.</doc>
<status status="PASS" start="2025-05-13T16:52:31.622592" elapsed="0.107764"/>
</kw>
<kw name="Click Element" owner="SeleniumLibrary">
<msg time="2025-05-13T16:52:31.730981" level="INFO">Clicking element '//a[normalize-space()='Fotogalerie a videa']'.</msg>
<arg>${ButtonFoto}</arg>
<doc>Click the element identified by ``locator``.</doc>
<status status="PASS" start="2025-05-13T16:52:31.730647" elapsed="0.308412"/>
</kw>
<kw name="Location Should Contain" owner="SeleniumLibrary">
<msg time="2025-05-13T16:52:32.139330" level="INFO">Current location contains 'https://pozlovice.cz/obec/fotogalerie-a-video'.</msg>
<arg>${StrankaFoto}</arg>
<doc>Verifies that the current URL contains ``expected``.</doc>
<status status="PASS" start="2025-05-13T16:52:32.039282" elapsed="0.100311"/>
</kw>
<kw name="Element Should Be Visible" owner="SeleniumLibrary">
<msg time="2025-05-13T16:52:32.163050" level="INFO">Element '//a[contains(text(),'Fotogalerie')]' is displayed.</msg>
<arg>${ButtonFoto2}</arg>
<doc>Verifies that the element identified by ``locator`` is visible.</doc>
<status status="PASS" start="2025-05-13T16:52:32.139954" elapsed="0.023234"/>
</kw>
<kw name="Click Element" owner="SeleniumLibrary">
<msg time="2025-05-13T16:52:32.163880" level="INFO">Clicking element '//a[contains(text(),'Fotogalerie')]'.</msg>
<arg>${ButtonFoto2}</arg>
<doc>Click the element identified by ``locator``.</doc>
<status status="PASS" start="2025-05-13T16:52:32.163416" elapsed="0.316657"/>
</kw>
<kw name="Location Should Contain" owner="SeleniumLibrary">
<msg time="2025-05-13T16:52:33.948611" level="INFO">Current location contains 'https://pozlovice.cz/obec/fotogalerie'.</msg>
<arg>${StrankaFoto2}</arg>
<doc>Verifies that the current URL contains ``expected``.</doc>
<status status="PASS" start="2025-05-13T16:52:32.480354" elapsed="1.468362"/>
</kw>
<kw name="Element Should Be Visible" owner="SeleniumLibrary">
<msg time="2025-05-13T16:52:33.963827" level="INFO">Element '//h5[contains(text(),'Stavění máje')]' is displayed.</msg>
<arg>${ButtonFoto3}</arg>
<doc>Verifies that the element identified by ``locator`` is visible.</doc>
<status status="PASS" start="2025-05-13T16:52:33.948891" elapsed="0.015059"/>
</kw>
<kw name="Click Element" owner="SeleniumLibrary">
<msg time="2025-05-13T16:52:33.964336" level="INFO">Clicking element '//h5[contains(text(),'Stavění máje')]'.</msg>
<arg>${ButtonFoto3}</arg>
<doc>Click the element identified by ``locator``.</doc>
<status status="PASS" start="2025-05-13T16:52:33.964123" elapsed="1.137607"/>
</kw>
<kw name="Location Should Contain" owner="SeleniumLibrary">
<msg time="2025-05-13T16:52:35.104681" level="INFO">Current location contains 'https://pozlovice.cz/spol/hasici/p1081-staveni-maje'.</msg>
<arg>${StrankaFoto3}</arg>
<doc>Verifies that the current URL contains ``expected``.</doc>
<status status="PASS" start="2025-05-13T16:52:35.101936" elapsed="0.002874"/>
</kw>
<kw name="Element Should Be Visible" owner="SeleniumLibrary">
<msg time="2025-05-13T16:52:35.118414" level="INFO">Element '//a[@title='Foto 1/7']' is displayed.</msg>
<arg>${ButtonFoto4}</arg>
<doc>Verifies that the element identified by ``locator`` is visible.</doc>
<status status="PASS" start="2025-05-13T16:52:35.105034" elapsed="0.013480"/>
</kw>
<kw name="Click Element" owner="SeleniumLibrary">
<msg time="2025-05-13T16:52:35.118891" level="INFO">Clicking element '//a[@title='Foto 1/7']'.</msg>
<arg>${ButtonFoto4}</arg>
<doc>Click the element identified by ``locator``.</doc>
<status status="PASS" start="2025-05-13T16:52:35.118686" elapsed="0.071874"/>
</kw>
<kw name="Location Should Contain" owner="SeleniumLibrary">
<msg time="2025-05-13T16:52:35.196387" level="INFO">Current location contains 'https://pozlovice.cz/spol/hasici/p1081-staveni-maje#lg=1&amp;slide=0'.</msg>
<arg>${StrankaFoto4}</arg>
<doc>Verifies that the current URL contains ``expected``.</doc>
<status status="PASS" start="2025-05-13T16:52:35.190779" elapsed="0.005732"/>
</kw>
<arg>${Button_Foto}</arg>
<arg>${URL_Finish}</arg>
<arg>${Button_Foto2}</arg>
<arg>${URL_Finish2}</arg>
<arg>${Button_Foto3}</arg>
<arg>${URL_Finish3}</arg>
<arg>${Button_Foto4}</arg>
<arg>${URL_Finish4}</arg>
<status status="PASS" start="2025-05-13T16:52:31.621939" elapsed="3.574698"/>
</kw>
<status status="PASS" start="2025-05-13T16:52:31.621119" elapsed="3.575809"/>
</test>
<test id="s1-s1-s2-s1-t3" name="Post-conditions" line="17">
<kw name="Close Browser" owner="SeleniumLibrary">
<doc>Closes the current browser.</doc>
<status status="PASS" start="2025-05-13T16:52:35.197744" elapsed="2.176332"/>
</kw>
<status status="PASS" start="2025-05-13T16:52:35.197376" elapsed="2.177096"/>
</test>
<status status="PASS" start="2025-05-13T16:52:22.528815" elapsed="14.846179"/>
</suite>
<status status="PASS" start="2025-05-13T16:52:22.526895" elapsed="14.848603"/>
</suite>
<suite id="s1-s1-s3" name="063" source="C:\Users\Daniel\Desktop\testování\Automaticke\FotogalerieAVideo\063">
<suite id="s1-s1-s3-s1" name="TS 063" source="C:\Users\Daniel\Desktop\testování\Automaticke\FotogalerieAVideo\063\TS_063.robot">
<test id="s1-s1-s3-s1-t1" name="Pre-conditions" line="11">
<kw name="Otevri Prohlizec Jdi na URL a Zkontroluj" owner="Keywords">
<kw name="Evaluate" owner="BuiltIn">
<msg time="2025-05-13T16:52:37.385158" level="INFO">${service} = &lt;selenium.webdriver.chrome.service.Service object at 0x000001E07D3A3B10&gt;</msg>
<var>${service}</var>
<arg>sys.modules['selenium.webdriver.chrome.service'].Service('C:/Users/Daniel/Desktop/testování/chromedriver.exe')</arg>
<arg>sys</arg>
<doc>Evaluates the given expression in Python and returns the result.</doc>
<status status="PASS" start="2025-05-13T16:52:37.384712" elapsed="0.000482"/>
</kw>
<kw name="Create Webdriver" owner="SeleniumLibrary">
<msg time="2025-05-13T16:52:37.385433" level="INFO">Creating an instance of the Chrome WebDriver.</msg>
<msg time="2025-05-13T16:52:38.417004" level="INFO">${driver} = 3</msg>
<var>${driver}</var>
<arg>Chrome</arg>
<arg>service=${service}</arg>
<doc>Creates an instance of Selenium WebDriver.</doc>
<status status="PASS" start="2025-05-13T16:52:37.385304" elapsed="1.031753"/>
</kw>
<kw name="Go To" owner="SeleniumLibrary">
<msg time="2025-05-13T16:52:38.417414" level="INFO">Opening url 'https://pozlovice.cz/'</msg>
<arg>${URL}</arg>
<doc>Navigates the current browser window to the provided ``url``.</doc>
<status status="PASS" start="2025-05-13T16:52:38.417249" elapsed="4.088808"/>
</kw>
<kw name="Maximize Browser Window" owner="SeleniumLibrary">
<doc>Maximizes current browser window.</doc>
<status status="PASS" start="2025-05-13T16:52:42.506264" elapsed="0.042917"/>
</kw>
<kw name="Wait Until Element Is Visible" owner="SeleniumLibrary">
<arg>${KontrolovanyElement}</arg>
<doc>Waits until the element ``locator`` is visible.</doc>
<status status="PASS" start="2025-05-13T16:52:42.549507" elapsed="0.059438"/>
</kw>
<arg>${Browser_Chrome}</arg>
<arg>${URL_MainPage}</arg>
<arg>${Button_Foto}</arg>
<status status="PASS" start="2025-05-13T16:52:37.384348" elapsed="5.224799"/>
</kw>
<status status="PASS" start="2025-05-13T16:52:37.383974" elapsed="5.225677"/>
</test>
<test id="s1-s1-s3-s1-t2" name="Ověření dostupnosti sekce „Videa“" line="14">
<kw name="Kontroluj" owner="Keywords">
<kw name="Element Should Be Visible" owner="SeleniumLibrary">
<msg time="2025-05-13T16:52:42.680408" level="INFO">Element '//a[normalize-space()='Fotogalerie a videa']' is displayed.</msg>
<arg>${ButtonFoto}</arg>
<doc>Verifies that the element identified by ``locator`` is visible.</doc>
<status status="PASS" start="2025-05-13T16:52:42.611851" elapsed="0.068745"/>
</kw>
<kw name="Click Element" owner="SeleniumLibrary">
<msg time="2025-05-13T16:52:42.681630" level="INFO">Clicking element '//a[normalize-space()='Fotogalerie a videa']'.</msg>
<arg>${ButtonFoto}</arg>
<doc>Click the element identified by ``locator``.</doc>
<status status="PASS" start="2025-05-13T16:52:42.680977" elapsed="0.227007"/>
</kw>
<kw name="Location Should Contain" owner="SeleniumLibrary">
<msg time="2025-05-13T16:52:43.006590" level="INFO">Current location contains 'https://pozlovice.cz/obec/fotogalerie-a-video'.</msg>
<arg>${StrankaFoto}</arg>
<doc>Verifies that the current URL contains ``expected``.</doc>
<status status="PASS" start="2025-05-13T16:52:42.908188" elapsed="0.098540"/>
</kw>
<kw name="Element Should Be Visible" owner="SeleniumLibrary">
<msg time="2025-05-13T16:52:43.027285" level="INFO">Element '//a[@class='btn-rounded'][contains(text(),'Videa z příspěvků')]' is displayed.</msg>
<arg>${ButtonFoto2}</arg>
<doc>Verifies that the element identified by ``locator`` is visible.</doc>
<status status="PASS" start="2025-05-13T16:52:43.006972" elapsed="0.020451"/>
</kw>
<kw name="Click Element" owner="SeleniumLibrary">
<msg time="2025-05-13T16:52:43.027893" level="INFO">Clicking element '//a[@class='btn-rounded'][contains(text(),'Videa z příspěvků')]'.</msg>
<arg>${ButtonFoto2}</arg>
<doc>Click the element identified by ``locator``.</doc>
<status status="PASS" start="2025-05-13T16:52:43.027631" elapsed="0.278001"/>
</kw>
<kw name="Location Should Contain" owner="SeleniumLibrary">
<msg time="2025-05-13T16:52:44.256497" level="INFO">Current location contains 'https://pozlovice.cz/obec/videa'.</msg>
<arg>${StrankaFoto2}</arg>
<doc>Verifies that the current URL contains ``expected``.</doc>
<status status="PASS" start="2025-05-13T16:52:43.305832" elapsed="0.950768"/>
</kw>
<arg>${Button_Foto}</arg>
<arg>${URL_Finish}</arg>
<arg>${Button_Foto2}</arg>
<arg>${URL_Finish2}</arg>
<status status="PASS" start="2025-05-13T16:52:42.611222" elapsed="1.645470"/>
</kw>
<status status="PASS" start="2025-05-13T16:52:42.610346" elapsed="1.646578"/>
</test>
<test id="s1-s1-s3-s1-t3" name="Post-conditions" line="17">
<kw name="Close Browser" owner="SeleniumLibrary">
<doc>Closes the current browser.</doc>
<status status="PASS" start="2025-05-13T16:52:44.257546" elapsed="2.159355"/>
</kw>
<status status="PASS" start="2025-05-13T16:52:44.257227" elapsed="2.160212"/>
</test>
<status status="PASS" start="2025-05-13T16:52:37.377409" elapsed="9.041063"/>
</suite>
<status status="PASS" start="2025-05-13T16:52:37.375898" elapsed="9.043329"/>
</suite>
<suite id="s1-s1-s4" name="064" source="C:\Users\Daniel\Desktop\testování\Automaticke\FotogalerieAVideo\064">
<suite id="s1-s1-s4-s1" name="TS 064" source="C:\Users\Daniel\Desktop\testování\Automaticke\FotogalerieAVideo\064\TS_064.robot">
<test id="s1-s1-s4-s1-t1" name="Pre-conditions" line="11">
<kw name="Otevri Prohlizec Jdi na URL a Zkontroluj" owner="Keywords">
<kw name="Evaluate" owner="BuiltIn">
<msg time="2025-05-13T16:52:46.429926" level="INFO">${service} = &lt;selenium.webdriver.chrome.service.Service object at 0x000001E07D43C9D0&gt;</msg>
<var>${service}</var>
<arg>sys.modules['selenium.webdriver.chrome.service'].Service('C:/Users/Daniel/Desktop/testování/chromedriver.exe')</arg>
<arg>sys</arg>
<doc>Evaluates the given expression in Python and returns the result.</doc>
<status status="PASS" start="2025-05-13T16:52:46.429496" elapsed="0.000463"/>
</kw>
<kw name="Create Webdriver" owner="SeleniumLibrary">
<msg time="2025-05-13T16:52:46.430207" level="INFO">Creating an instance of the Chrome WebDriver.</msg>
<msg time="2025-05-13T16:52:47.496626" level="INFO">${driver} = 4</msg>
<var>${driver}</var>
<arg>Chrome</arg>
<arg>service=${service}</arg>
<doc>Creates an instance of Selenium WebDriver.</doc>
<status status="PASS" start="2025-05-13T16:52:46.430073" elapsed="1.066608"/>
</kw>
<kw name="Go To" owner="SeleniumLibrary">
<msg time="2025-05-13T16:52:47.497073" level="INFO">Opening url 'https://pozlovice.cz/'</msg>
<arg>${URL}</arg>
<doc>Navigates the current browser window to the provided ``url``.</doc>
<status status="PASS" start="2025-05-13T16:52:47.496883" elapsed="3.922382"/>
</kw>
<kw name="Maximize Browser Window" owner="SeleniumLibrary">
<doc>Maximizes current browser window.</doc>
<status status="PASS" start="2025-05-13T16:52:51.419463" elapsed="0.045328"/>
</kw>
<kw name="Wait Until Element Is Visible" owner="SeleniumLibrary">
<arg>${KontrolovanyElement}</arg>
<doc>Waits until the element ``locator`` is visible.</doc>
<status status="PASS" start="2025-05-13T16:52:51.465108" elapsed="0.077611"/>
</kw>
<arg>${Browser_Chrome}</arg>
<arg>${URL_MainPage}</arg>
<arg>${Button_Foto}</arg>
<status status="PASS" start="2025-05-13T16:52:46.429174" elapsed="5.113700"/>
</kw>
<status status="PASS" start="2025-05-13T16:52:46.428755" elapsed="5.114458"/>
</test>
<test id="s1-s1-s4-s1-t2" name="Ověření funkčnosti zobrazení konkrétního videa" line="14">
<kw name="Kontroluj" owner="Keywords">
<kw name="Element Should Be Visible" owner="SeleniumLibrary">
<msg time="2025-05-13T16:52:51.561063" level="INFO">Element '//a[normalize-space()='Fotogalerie a videa']' is displayed.</msg>
<arg>${ButtonFoto}</arg>
<doc>Verifies that the element identified by ``locator`` is visible.</doc>
<status status="PASS" start="2025-05-13T16:52:51.545150" elapsed="0.016046"/>
</kw>
<kw name="Click Element" owner="SeleniumLibrary">
<msg time="2025-05-13T16:52:51.561851" level="INFO">Clicking element '//a[normalize-space()='Fotogalerie a videa']'.</msg>
<arg>${ButtonFoto}</arg>
<doc>Click the element identified by ``locator``.</doc>
<status status="PASS" start="2025-05-13T16:52:51.561484" elapsed="0.264365"/>
</kw>
<kw name="Location Should Contain" owner="SeleniumLibrary">
<msg time="2025-05-13T16:52:51.924356" level="INFO">Current location contains 'https://pozlovice.cz/obec/fotogalerie-a-video'.</msg>
<arg>${StrankaFoto}</arg>
<doc>Verifies that the current URL contains ``expected``.</doc>
<status status="PASS" start="2025-05-13T16:52:51.826123" elapsed="0.098355"/>
</kw>
<kw name="Element Should Be Visible" owner="SeleniumLibrary">
<msg time="2025-05-13T16:52:51.944885" level="INFO">Element '//a[@class='btn-rounded'][contains(text(),'Videa z příspěvků')]' is displayed.</msg>
<arg>${ButtonFoto2}</arg>
<doc>Verifies that the element identified by ``locator`` is visible.</doc>
<status status="PASS" start="2025-05-13T16:52:51.924686" elapsed="0.020316"/>
</kw>
<kw name="Click Element" owner="SeleniumLibrary">
<msg time="2025-05-13T16:52:51.945432" level="INFO">Clicking element '//a[@class='btn-rounded'][contains(text(),'Videa z příspěvků')]'.</msg>
<arg>${ButtonFoto2}</arg>
<doc>Click the element identified by ``locator``.</doc>
<status status="PASS" start="2025-05-13T16:52:51.945195" elapsed="0.300923"/>
</kw>
<kw name="Location Should Contain" owner="SeleniumLibrary">
<msg time="2025-05-13T16:52:52.752099" level="INFO">Current location contains 'https://pozlovice.cz/obec/videa'.</msg>
<arg>${StrankaFoto2}</arg>
<doc>Verifies that the current URL contains ``expected``.</doc>
<status status="PASS" start="2025-05-13T16:52:52.246328" elapsed="0.505875"/>
</kw>
<kw name="Element Should Be Visible" owner="SeleniumLibrary">
<msg time="2025-05-13T16:52:52.767892" level="INFO">Element '//h5[@class='card-title']' is displayed.</msg>
<arg>${ButtonFoto3}</arg>
<doc>Verifies that the element identified by ``locator`` is visible.</doc>
<status status="PASS" start="2025-05-13T16:52:52.752375" elapsed="0.015639"/>
</kw>
<kw name="Click Element" owner="SeleniumLibrary">
<msg time="2025-05-13T16:52:52.768427" level="INFO">Clicking element '//h5[@class='card-title']'.</msg>
<arg>${ButtonFoto3}</arg>
<doc>Click the element identified by ``locator``.</doc>
<status status="PASS" start="2025-05-13T16:52:52.768198" elapsed="1.948199"/>
</kw>
<kw name="Location Should Contain" owner="SeleniumLibrary">
<msg time="2025-05-13T16:52:54.719025" level="INFO">Current location contains 'https://pozlovice.cz/obec/p887-kost-slivovice-a-ochutnavka-medu-z-luhacovskeho-zalesi'.</msg>
<arg>${StrankaFoto3}</arg>
<doc>Verifies that the current URL contains ``expected``.</doc>
<status status="PASS" start="2025-05-13T16:52:54.716589" elapsed="0.002566"/>
</kw>
<kw name="Execute Javascript" owner="SeleniumLibrary">
<msg time="2025-05-13T16:52:54.719624" level="INFO">Executing JavaScript:
document.querySelector("video").play();
Without any arguments.</msg>
<arg>document.querySelector("video").play();</arg>
<doc>Executes the given JavaScript code with possible arguments.</doc>
<status status="PASS" start="2025-05-13T16:52:54.719300" elapsed="0.012769"/>
</kw>
<kw name="Execute Javascript" owner="SeleniumLibrary">
<msg time="2025-05-13T16:52:54.732946" level="INFO">Executing JavaScript:
return document.querySelector("video").paused === false;
Without any arguments.</msg>
<msg time="2025-05-13T16:52:54.738287" level="INFO">${is_playing} = True</msg>
<var>${is_playing}</var>
<arg>return document.querySelector("video").paused === false;</arg>
<doc>Executes the given JavaScript code with possible arguments.</doc>
<status status="PASS" start="2025-05-13T16:52:54.732366" elapsed="0.005972"/>
</kw>
<kw name="Should Be True" owner="BuiltIn">
<arg>${is_playing}</arg>
<arg>Video by mělo být přehráváno</arg>
<doc>Fails if the given condition is not true.</doc>
<status status="PASS" start="2025-05-13T16:52:54.738520" elapsed="0.000234"/>
</kw>
<kw name="Execute Javascript" owner="SeleniumLibrary">
<msg time="2025-05-13T16:52:54.739252" level="INFO">Executing JavaScript:
return document.querySelector("video").currentTime;
Without any arguments.</msg>
<msg time="2025-05-13T16:52:54.755339" level="INFO">${start} = 0</msg>
<var>${start}</var>
<arg>return document.querySelector("video").currentTime;</arg>
<doc>Executes the given JavaScript code with possible arguments.</doc>
<status status="PASS" start="2025-05-13T16:52:54.738900" elapsed="0.016545"/>
</kw>
<kw name="Sleep" owner="BuiltIn">
<msg time="2025-05-13T16:52:56.756739" level="INFO">Slept 2 seconds.</msg>
<arg>2s</arg>
<doc>Pauses the test executed for the given time.</doc>
<status status="PASS" start="2025-05-13T16:52:54.755766" elapsed="2.001093"/>
</kw>
<kw name="Execute Javascript" owner="SeleniumLibrary">
<msg time="2025-05-13T16:52:56.757388" level="INFO">Executing JavaScript:
return document.querySelector("video").currentTime;
Without any arguments.</msg>
<msg time="2025-05-13T16:52:56.761121" level="INFO">${end} = 1.671438</msg>
<var>${end}</var>
<arg>return document.querySelector("video").currentTime;</arg>
<doc>Executes the given JavaScript code with possible arguments.</doc>
<status status="PASS" start="2025-05-13T16:52:56.757045" elapsed="0.004147"/>
</kw>
<kw name="Should Be True" owner="BuiltIn">
<arg>${end} &gt; ${start}</arg>
<arg>Video by mělo běžet (čas se musí zvětšit)</arg>
<doc>Fails if the given condition is not true.</doc>
<status status="PASS" start="2025-05-13T16:52:56.761422" elapsed="0.000317"/>
</kw>
<arg>${Button_Foto}</arg>
<arg>${URL_Finish}</arg>
<arg>${Button_Foto2}</arg>
<arg>${URL_Finish2}</arg>
<arg>${Button_Foto3}</arg>
<arg>${URL_Finish3}</arg>
<status status="PASS" start="2025-05-13T16:52:51.544484" elapsed="5.217346"/>
</kw>
<status status="PASS" start="2025-05-13T16:52:51.543732" elapsed="5.218354"/>
</test>
<test id="s1-s1-s4-s1-t3" name="Post-conditions" line="17">
<kw name="Close Browser" owner="SeleniumLibrary">
<doc>Closes the current browser.</doc>
<status status="PASS" start="2025-05-13T16:52:56.762776" elapsed="2.177395"/>
</kw>
<status status="PASS" start="2025-05-13T16:52:56.762439" elapsed="2.178271"/>
</test>
<status status="PASS" start="2025-05-13T16:52:46.420958" elapsed="12.520244"/>
</suite>
<status status="PASS" start="2025-05-13T16:52:46.419641" elapsed="12.522192"/>
</suite>
<status status="PASS" start="2025-05-13T16:51:52.064984" elapsed="66.877280"/>
</suite>
<suite id="s1-s2" name="HlavniMenu Navigace" source="C:\Users\Daniel\Desktop\testování\Automaticke\HlavniMenu_Navigace">
<suite id="s1-s2-s1" name="011" source="C:\Users\Daniel\Desktop\testování\Automaticke\HlavniMenu_Navigace\011">
<suite id="s1-s2-s1-s1" name="TS 011" source="C:\Users\Daniel\Desktop\testování\Automaticke\HlavniMenu_Navigace\011\TS_011.robot">
<test id="s1-s2-s1-s1-t1" name="Pre-conditions" line="11">
<kw name="Otevri Prohlizec Jdi na URL a Zkontroluj" owner="Keywords">
<kw name="Evaluate" owner="BuiltIn">
<msg time="2025-05-13T16:52:58.952872" level="INFO">${service} = &lt;selenium.webdriver.chrome.service.Service object at 0x000001E07CE4FE10&gt;</msg>
<var>${service}</var>
<arg>sys.modules['selenium.webdriver.chrome.service'].Service('C:/Users/Daniel/Desktop/testování/chromedriver.exe')</arg>
<arg>sys</arg>
<doc>Evaluates the given expression in Python and returns the result.</doc>
<status status="PASS" start="2025-05-13T16:52:58.952458" elapsed="0.000445"/>
</kw>
<kw name="Create Webdriver" owner="SeleniumLibrary">
<msg time="2025-05-13T16:52:58.953153" level="INFO">Creating an instance of the Chrome WebDriver.</msg>
<msg time="2025-05-13T16:53:00.004263" level="INFO">${driver} = 5</msg>
<var>${driver}</var>
<arg>Chrome</arg>
<arg>service=${service}</arg>
<doc>Creates an instance of Selenium WebDriver.</doc>
<status status="PASS" start="2025-05-13T16:52:58.953016" elapsed="1.051348"/>
</kw>
<kw name="Go To" owner="SeleniumLibrary">
<msg time="2025-05-13T16:53:00.004942" level="INFO">Opening url 'https://pozlovice.cz/'</msg>
<arg>${URL}</arg>
<doc>Navigates the current browser window to the provided ``url``.</doc>
<status status="PASS" start="2025-05-13T16:53:00.004695" elapsed="5.535060"/>
</kw>
<kw name="Maximize Browser Window" owner="SeleniumLibrary">
<doc>Maximizes current browser window.</doc>
<status status="PASS" start="2025-05-13T16:53:05.539952" elapsed="0.041250"/>
</kw>
<kw name="Wait Until Element Is Visible" owner="SeleniumLibrary">
<arg>${KontrolovanyElement}</arg>
<doc>Waits until the element ``locator`` is visible.</doc>
<status status="PASS" start="2025-05-13T16:53:05.581482" elapsed="0.077846"/>
</kw>
<arg>${Browser_Chrome}</arg>
<arg>${URL_MainPage}</arg>
<arg>${Button_Obcan}</arg>
<status status="PASS" start="2025-05-13T16:52:58.952155" elapsed="6.707330"/>
</kw>
<status status="PASS" start="2025-05-13T16:52:58.951781" elapsed="6.708089"/>
</test>
<test id="s1-s2-s1-s1-t2" name="Testování dostupnosti kategorie občam" line="14">
<kw name="Kontroluj" owner="Keywords">
<kw name="Element Should Be Visible" owner="SeleniumLibrary">
<msg time="2025-05-13T16:53:05.754238" level="INFO">Element '//a[@href='/obec/obcan']' is displayed.</msg>
<arg>${ButtonObcan}</arg>
<doc>Verifies that the element identified by ``locator`` is visible.</doc>
<status status="PASS" start="2025-05-13T16:53:05.661105" elapsed="0.093261"/>
</kw>
<kw name="Click Element" owner="SeleniumLibrary">
<msg time="2025-05-13T16:53:05.754868" level="INFO">Clicking element '//a[@href='/obec/obcan']'.</msg>
<arg>${ButtonObcan}</arg>
<doc>Click the element identified by ``locator``.</doc>
<status status="PASS" start="2025-05-13T16:53:05.754574" elapsed="0.275813"/>
</kw>
<kw name="Location Should Contain" owner="SeleniumLibrary">
<msg time="2025-05-13T16:53:06.125874" level="INFO">Current location contains 'https://pozlovice.cz/obec/obcan'.</msg>
<arg>${StrankaObcan}</arg>
<doc>Verifies that the current URL contains ``expected``.</doc>
<status status="PASS" start="2025-05-13T16:53:06.030688" elapsed="0.095347"/>
</kw>
<arg>${Button_Obcan}</arg>
<arg>${URL_Finish}</arg>
<status status="PASS" start="2025-05-13T16:53:05.660779" elapsed="0.465456"/>
</kw>
<status status="PASS" start="2025-05-13T16:53:05.660331" elapsed="0.466326"/>
</test>
<test id="s1-s2-s1-s1-t3" name="Post-conditions" line="17">
<kw name="Close Browser" owner="SeleniumLibrary">
<doc>Closes the current browser.</doc>
<status status="PASS" start="2025-05-13T16:53:06.127809" elapsed="2.157467"/>
</kw>
<status status="PASS" start="2025-05-13T16:53:06.127250" elapsed="2.158545"/>
</test>
<status status="PASS" start="2025-05-13T16:52:58.945078" elapsed="9.341577"/>
</suite>
<status status="PASS" start="2025-05-13T16:52:58.944016" elapsed="9.343379"/>
</suite>
<suite id="s1-s2-s2" name="0110" source="C:\Users\Daniel\Desktop\testování\Automaticke\HlavniMenu_Navigace\0110">
<suite id="s1-s2-s2-s1" name="TS 0110" source="C:\Users\Daniel\Desktop\testování\Automaticke\HlavniMenu_Navigace\0110\TS_0110.robot">
<test id="s1-s2-s2-s1-t1" name="Pre-conditions" line="11">
<kw name="Otevri Prohlizec Jdi na URL a Zkontroluj" owner="Keywords">
<kw name="Evaluate" owner="BuiltIn">
<msg time="2025-05-13T16:53:08.297846" level="INFO">${service} = &lt;selenium.webdriver.chrome.service.Service object at 0x000001E07D5095B0&gt;</msg>
<var>${service}</var>
<arg>sys.modules['selenium.webdriver.chrome.service'].Service('C:/Users/Daniel/Desktop/testování/chromedriver.exe')</arg>
<arg>sys</arg>
<doc>Evaluates the given expression in Python and returns the result.</doc>
<status status="PASS" start="2025-05-13T16:53:08.297381" elapsed="0.000500"/>
</kw>
<kw name="Create Webdriver" owner="SeleniumLibrary">
<msg time="2025-05-13T16:53:08.298169" level="INFO">Creating an instance of the Chrome WebDriver.</msg>
<msg time="2025-05-13T16:53:09.400869" level="INFO">${driver} = 6</msg>
<var>${driver}</var>
<arg>Chrome</arg>
<arg>service=${service}</arg>
<doc>Creates an instance of Selenium WebDriver.</doc>
<status status="PASS" start="2025-05-13T16:53:08.298013" elapsed="1.102948"/>
</kw>
<kw name="Go To" owner="SeleniumLibrary">
<msg time="2025-05-13T16:53:09.401560" level="INFO">Opening url 'https://pozlovice.cz/'</msg>
<arg>${URL}</arg>
<doc>Navigates the current browser window to the provided ``url``.</doc>
<status status="PASS" start="2025-05-13T16:53:09.401269" elapsed="4.220176"/>
</kw>
<kw name="Maximize Browser Window" owner="SeleniumLibrary">
<doc>Maximizes current browser window.</doc>
<status status="PASS" start="2025-05-13T16:53:13.621646" elapsed="0.043007"/>
</kw>
<kw name="Wait Until Element Is Visible" owner="SeleniumLibrary">
<arg>${KontrolovanyElement}</arg>
<doc>Waits until the element ``locator`` is visible.</doc>
<status status="PASS" start="2025-05-13T16:53:13.664884" elapsed="0.041533"/>
</kw>
<arg>${Browser_Chrome}</arg>
<arg>${URL_MainPage}</arg>
<arg>${Button_Zprava}</arg>
<status status="PASS" start="2025-05-13T16:53:08.297006" elapsed="5.409685"/>
</kw>
<status status="PASS" start="2025-05-13T16:53:08.296609" elapsed="5.410613"/>
</test>
<test id="s1-s2-s2-s1-t2" name="Ověření funkčnosti odkazu na „Sociální sítě“" line="14">
<kw name="Kontroluj" owner="Keywords">
<kw name="Element Should Be Visible" owner="SeleniumLibrary">
<msg time="2025-05-13T16:53:13.796515" level="INFO">Element '//img[@src='/theme/base/images/icoig.png']' is displayed.</msg>
<arg>${ButtonZprava}</arg>
<doc>Verifies that the element identified by ``locator`` is visible.</doc>
<status status="PASS" start="2025-05-13T16:53:13.709743" elapsed="0.086961"/>
</kw>
<kw name="Get Window Handles" owner="SeleniumLibrary">
<msg time="2025-05-13T16:53:13.799167" level="INFO">${OldWindows} = ['3B4120B9F91FE6570C7C23DF6C858074']</msg>
<var>${OldWindows}</var>
<doc>Returns all child window handles of the selected browser as a list.</doc>
<status status="PASS" start="2025-05-13T16:53:13.797058" elapsed="0.002163"/>
</kw>
<kw name="Click Element" owner="SeleniumLibrary">
<msg time="2025-05-13T16:53:13.799658" level="INFO">Clicking element '//img[@src='/theme/base/images/icoig.png']'.</msg>
<arg>${ButtonZprava}</arg>
<doc>Click the element identified by ``locator``.</doc>
<status status="PASS" start="2025-05-13T16:53:13.799422" elapsed="0.236344"/>
</kw>
<kw name="Wait Until Keyword Succeeds" owner="BuiltIn">
<kw name="Window Handle Should Change" owner="Keywords">
<kw name="Get Window Handles" owner="SeleniumLibrary">
<msg time="2025-05-13T16:53:14.053331" level="INFO">${CurrentWindows} = ['3B4120B9F91FE6570C7C23DF6C858074', '5C409B5D39E5A85F69CBA896B461355C']</msg>
<var>${CurrentWindows}</var>
<doc>Returns all child window handles of the selected browser as a list.</doc>
<status status="PASS" start="2025-05-13T16:53:14.037411" elapsed="0.016003"/>
</kw>
<kw name="Get Length" owner="BuiltIn">
<msg time="2025-05-13T16:53:14.054016" level="INFO">Length is 1.</msg>
<msg time="2025-05-13T16:53:14.054178" level="INFO">${old_len} = 1</msg>
<var>${old_len}</var>
<arg>${OldWindows}</arg>
<doc>Returns and logs the length of the given item as an integer.</doc>
<status status="PASS" start="2025-05-13T16:53:14.053694" elapsed="0.000544"/>
</kw>
<kw name="Get Length" owner="BuiltIn">
<msg time="2025-05-13T16:53:14.054774" level="INFO">Length is 2.</msg>
<msg time="2025-05-13T16:53:14.054894" level="INFO">${new_len} = 2</msg>
<var>${new_len}</var>
<arg>${CurrentWindows}</arg>
<doc>Returns and logs the length of the given item as an integer.</doc>
<status status="PASS" start="2025-05-13T16:53:14.054533" elapsed="0.000414"/>
</kw>
<kw name="Should Be True" owner="BuiltIn">
<arg>${new_len} &gt; ${old_len}</arg>
<doc>Fails if the given condition is not true.</doc>
<status status="PASS" start="2025-05-13T16:53:14.055180" elapsed="0.000403"/>
</kw>
<arg>${OldWindows}</arg>
<status status="PASS" start="2025-05-13T16:53:14.036827" elapsed="0.018902"/>
</kw>
<arg>10x</arg>
<arg>1s</arg>
<arg>Window Handle Should Change</arg>
<arg>${OldWindows}</arg>
<doc>Runs the specified keyword and retries if it fails.</doc>
<status status="PASS" start="2025-05-13T16:53:14.036157" elapsed="0.019688"/>
</kw>
<kw name="Get Window Handles" owner="SeleniumLibrary">
<msg time="2025-05-13T16:53:14.057926" level="INFO">${AllWindows} = ['3B4120B9F91FE6570C7C23DF6C858074', '5C409B5D39E5A85F69CBA896B461355C']</msg>
<var>${AllWindows}</var>
<doc>Returns all child window handles of the selected browser as a list.</doc>
<status status="PASS" start="2025-05-13T16:53:14.056084" elapsed="0.001896"/>
</kw>
<kw name="Get New Window Handle" owner="Keywords">
<for flavor="IN">
<iter>
<kw name="Run Keyword If" owner="BuiltIn">
<arg>'${handle}' not in ${OldHandles}</arg>
<arg>Return From Keyword</arg>
<arg>${handle}</arg>
<doc>Runs the given keyword with the given arguments, if ``condition`` is true.</doc>
<status status="PASS" start="2025-05-13T16:53:14.059378" elapsed="0.000396"/>
</kw>
<var name="${handle}">3B4120B9F91FE6570C7C23DF6C858074</var>
<status status="PASS" start="2025-05-13T16:53:14.059120" elapsed="0.000770"/>
</iter>
<iter>
<kw name="Run Keyword If" owner="BuiltIn">
<kw name="Return From Keyword" owner="BuiltIn">
<msg time="2025-05-13T16:53:14.061022" level="INFO">Returning from the enclosing user keyword.</msg>
<arg>${handle}</arg>
<doc>Returns from the enclosing user keyword.</doc>
<status status="PASS" start="2025-05-13T16:53:14.060860" elapsed="0.000317"/>
</kw>
<arg>'${handle}' not in ${OldHandles}</arg>
<arg>Return From Keyword</arg>
<arg>${handle}</arg>
<doc>Runs the given keyword with the given arguments, if ``condition`` is true.</doc>
<status status="PASS" start="2025-05-13T16:53:14.060334" elapsed="0.000973"/>
</kw>
<var name="${handle}">5C409B5D39E5A85F69CBA896B461355C</var>
<status status="PASS" start="2025-05-13T16:53:14.060107" elapsed="0.001304"/>
</iter>
<var>${handle}</var>
<value>@{NewHandles}</value>
<status status="PASS" start="2025-05-13T16:53:14.058853" elapsed="0.002666"/>
</for>
<msg time="2025-05-13T16:53:14.061851" level="INFO">${NewWindow} = 5C409B5D39E5A85F69CBA896B461355C</msg>
<var>${NewWindow}</var>
<arg>${OldWindows}</arg>
<arg>${AllWindows}</arg>
<status status="PASS" start="2025-05-13T16:53:14.058371" elapsed="0.003537"/>
</kw>
<kw name="Switch Window" owner="SeleniumLibrary">
<arg>${NewWindow}</arg>
<doc>Switches to browser window matching ``locator``.</doc>
<status status="PASS" start="2025-05-13T16:53:14.062161" elapsed="0.064047"/>
</kw>
<kw name="Location Should Contain" owner="SeleniumLibrary">
<msg time="2025-05-13T16:53:14.748590" level="INFO">Current location contains 'https://www.instagram.com/pozlovice'.</msg>
<arg>${StrankaZprava}</arg>
<doc>Verifies that the current URL contains ``expected``.</doc>
<status status="PASS" start="2025-05-13T16:53:14.126760" elapsed="0.621996"/>
</kw>
<kw name="Close Browser" owner="SeleniumLibrary">
<doc>Closes the current browser.</doc>
<status status="PASS" start="2025-05-13T16:53:14.749093" elapsed="2.192574"/>
</kw>
<arg>${Button_Zprava}</arg>
<arg>${URL_Finish}</arg>
<status status="PASS" start="2025-05-13T16:53:13.709026" elapsed="3.232837"/>
</kw>
<status status="PASS" start="2025-05-13T16:53:13.707796" elapsed="3.234420"/>
</test>
<test id="s1-s2-s2-s1-t3" name="Post-conditions" line="17">
<kw name="Close Browser" owner="SeleniumLibrary">
<doc>Closes the current browser.</doc>
<status status="PASS" start="2025-05-13T16:53:16.943208" elapsed="0.000126"/>
</kw>
<status status="PASS" start="2025-05-13T16:53:16.942775" elapsed="0.000724"/>
</test>
<status status="PASS" start="2025-05-13T16:53:08.289225" elapsed="8.654650"/>
</suite>
<status status="PASS" start="2025-05-13T16:53:08.287747" elapsed="8.656678"/>
</suite>
<suite id="s1-s2-s3" name="012" source="C:\Users\Daniel\Desktop\testování\Automaticke\HlavniMenu_Navigace\012">
<suite id="s1-s2-s3-s1" name="TS 012" source="C:\Users\Daniel\Desktop\testování\Automaticke\HlavniMenu_Navigace\012\TS_012.robot">
<test id="s1-s2-s3-s1-t1" name="Pre-conditions" line="11">
<kw name="Otevri Prohlizec Jdi na URL a Zkontroluj" owner="Keywords">
<kw name="Evaluate" owner="BuiltIn">
<msg time="2025-05-13T16:53:16.953617" level="INFO">${service} = &lt;selenium.webdriver.chrome.service.Service object at 0x000001E07D3F3CE0&gt;</msg>
<var>${service}</var>
<arg>sys.modules['selenium.webdriver.chrome.service'].Service('C:/Users/Daniel/Desktop/testování/chromedriver.exe')</arg>
<arg>sys</arg>
<doc>Evaluates the given expression in Python and returns the result.</doc>
<status status="PASS" start="2025-05-13T16:53:16.953205" elapsed="0.000441"/>
</kw>
<kw name="Create Webdriver" owner="SeleniumLibrary">
<msg time="2025-05-13T16:53:16.953882" level="INFO">Creating an instance of the Chrome WebDriver.</msg>
<msg time="2025-05-13T16:53:18.013758" level="INFO">${driver} = 7</msg>
<var>${driver}</var>
<arg>Chrome</arg>
<arg>service=${service}</arg>
<doc>Creates an instance of Selenium WebDriver.</doc>
<status status="PASS" start="2025-05-13T16:53:16.953755" elapsed="1.060057"/>
</kw>
<kw name="Go To" owner="SeleniumLibrary">
<msg time="2025-05-13T16:53:18.014190" level="INFO">Opening url 'https://pozlovice.cz/'</msg>
<arg>${URL}</arg>
<doc>Navigates the current browser window to the provided ``url``.</doc>
<status status="PASS" start="2025-05-13T16:53:18.014011" elapsed="4.526212"/>
</kw>
<kw name="Maximize Browser Window" owner="SeleniumLibrary">
<doc>Maximizes current browser window.</doc>
<status status="PASS" start="2025-05-13T16:53:22.540423" elapsed="0.025534"/>
</kw>
<kw name="Wait Until Element Is Visible" owner="SeleniumLibrary">
<arg>${KontrolovanyElement}</arg>
<doc>Waits until the element ``locator`` is visible.</doc>
<status status="PASS" start="2025-05-13T16:53:22.566162" elapsed="0.090574"/>
</kw>
<arg>${Browser_Chrome}</arg>
<arg>${URL_MainPage}</arg>
<arg>${Button_Spolky}</arg>
<status status="PASS" start="2025-05-13T16:53:16.952892" elapsed="5.703999"/>
</kw>
<status status="PASS" start="2025-05-13T16:53:16.952531" elapsed="5.704657"/>
</test>
<test id="s1-s2-s3-s1-t2" name="Ověření funkčnosti odkazu na sekci &quot;Spolky a instituce&quot;" line="14">
<kw name="Kontroluj" owner="Keywords">
<kw name="Element Should Be Visible" owner="SeleniumLibrary">
<msg time="2025-05-13T16:53:22.696849" level="INFO">Element '//a[@class='hbi-item'][normalize-space()='Spolky a instituce']' is displayed.</msg>
<arg>${ButtonSpolky}</arg>
<doc>Verifies that the element identified by ``locator`` is visible.</doc>
<status status="PASS" start="2025-05-13T16:53:22.658618" elapsed="0.038348"/>
</kw>
<kw name="Click Element" owner="SeleniumLibrary">
<msg time="2025-05-13T16:53:22.697407" level="INFO">Clicking element '//a[@class='hbi-item'][normalize-space()='Spolky a instituce']'.</msg>
<arg>${ButtonSpolky}</arg>
<doc>Click the element identified by ``locator``.</doc>
<status status="PASS" start="2025-05-13T16:53:22.697157" elapsed="0.270824"/>
</kw>
<kw name="Location Should Contain" owner="SeleniumLibrary">
<msg time="2025-05-13T16:53:23.106635" level="INFO">Current location contains 'https://pozlovice.cz/spolky-instituce'.</msg>
<arg>${StrankaSpolky}</arg>
<doc>Verifies that the current URL contains ``expected``.</doc>
<status status="PASS" start="2025-05-13T16:53:22.968244" elapsed="0.138514"/>
</kw>
<arg>${Button_Spolky}</arg>
<arg>${URL_Finish}</arg>
<status status="PASS" start="2025-05-13T16:53:22.658219" elapsed="0.448673"/>
</kw>
<status status="PASS" start="2025-05-13T16:53:22.657645" elapsed="0.449601"/>
</test>
<test id="s1-s2-s3-s1-t3" name="Post-conditions" line="17">
<kw name="Close Browser" owner="SeleniumLibrary">
<doc>Closes the current browser.</doc>
<status status="PASS" start="2025-05-13T16:53:23.108982" elapsed="2.161641"/>
</kw>
<status status="PASS" start="2025-05-13T16:53:23.108046" elapsed="2.163107"/>
</test>
<status status="PASS" start="2025-05-13T16:53:16.946030" elapsed="8.325615"/>
</suite>
<status status="PASS" start="2025-05-13T16:53:16.944784" elapsed="8.327458"/>
</suite>
<suite id="s1-s2-s4" name="013" source="C:\Users\Daniel\Desktop\testování\Automaticke\HlavniMenu_Navigace\013">
<suite id="s1-s2-s4-s1" name="TS 013" source="C:\Users\Daniel\Desktop\testování\Automaticke\HlavniMenu_Navigace\013\TS_013.robot">
<test id="s1-s2-s4-s1-t1" name="Pre-conditions" line="11">
<kw name="Otevri Prohlizec Jdi na URL a Zkontroluj" owner="Keywords">
<kw name="Evaluate" owner="BuiltIn">
<msg time="2025-05-13T16:53:25.281379" level="INFO">${service} = &lt;selenium.webdriver.chrome.service.Service object at 0x000001E07E880490&gt;</msg>
<var>${service}</var>
<arg>sys.modules['selenium.webdriver.chrome.service'].Service('C:/Users/Daniel/Desktop/testování/chromedriver.exe')</arg>
<arg>sys</arg>
<doc>Evaluates the given expression in Python and returns the result.</doc>
<status status="PASS" start="2025-05-13T16:53:25.280950" elapsed="0.000459"/>
</kw>
<kw name="Create Webdriver" owner="SeleniumLibrary">
<msg time="2025-05-13T16:53:25.281655" level="INFO">Creating an instance of the Chrome WebDriver.</msg>
<msg time="2025-05-13T16:53:26.332712" level="INFO">${driver} = 8</msg>
<var>${driver}</var>
<arg>Chrome</arg>
<arg>service=${service}</arg>
<doc>Creates an instance of Selenium WebDriver.</doc>
<status status="PASS" start="2025-05-13T16:53:25.281523" elapsed="1.051242"/>
</kw>
<kw name="Go To" owner="SeleniumLibrary">
<msg time="2025-05-13T16:53:26.333204" level="INFO">Opening url 'https://pozlovice.cz/'</msg>
<arg>${URL}</arg>
<doc>Navigates the current browser window to the provided ``url``.</doc>
<status status="PASS" start="2025-05-13T16:53:26.332989" elapsed="4.716596"/>
</kw>
<kw name="Maximize Browser Window" owner="SeleniumLibrary">
<doc>Maximizes current browser window.</doc>
<status status="PASS" start="2025-05-13T16:53:31.049789" elapsed="0.042705"/>
</kw>
<kw name="Wait Until Element Is Visible" owner="SeleniumLibrary">
<arg>${KontrolovanyElement}</arg>
<doc>Waits until the element ``locator`` is visible.</doc>
<status status="PASS" start="2025-05-13T16:53:31.092754" elapsed="0.058246"/>
</kw>
<arg>${Browser_Chrome}</arg>
<arg>${URL_MainPage}</arg>
<arg>${Button_Turista}</arg>
<status status="PASS" start="2025-05-13T16:53:25.280666" elapsed="5.870474"/>
</kw>
<status status="PASS" start="2025-05-13T16:53:25.280330" elapsed="5.871132"/>
</test>
<test id="s1-s2-s4-s1-t2" name="Kontrola přístupu k sekci &quot;Turista a volný čas&quot;" line="14">
<kw name="Kontroluj" owner="Keywords">
<kw name="Element Should Be Visible" owner="SeleniumLibrary">
<msg time="2025-05-13T16:53:31.168027" level="INFO">Element '//a[@href='/obec/turista-a-volny-cas']' is displayed.</msg>
<arg>${ButtonTurista}</arg>
<doc>Verifies that the element identified by ``locator`` is visible.</doc>
<status status="PASS" start="2025-05-13T16:53:31.152991" elapsed="0.015159"/>
</kw>
<kw name="Click Element" owner="SeleniumLibrary">
<msg time="2025-05-13T16:53:31.168869" level="INFO">Clicking element '//a[@href='/obec/turista-a-volny-cas']'.</msg>
<arg>${ButtonTurista}</arg>
<doc>Click the element identified by ``locator``.</doc>
<status status="PASS" start="2025-05-13T16:53:31.168515" elapsed="0.317594"/>
</kw>
<kw name="Location Should Contain" owner="SeleniumLibrary">
<msg time="2025-05-13T16:53:32.301842" level="INFO">Current location contains 'https://pozlovice.cz/obec/turista-a-volny-cas'.</msg>
<arg>${StrankaTurista}</arg>
<doc>Verifies that the current URL contains ``expected``.</doc>
<status status="PASS" start="2025-05-13T16:53:31.486436" elapsed="0.815592"/>
</kw>
<arg>${Button_Turista}</arg>
<arg>${URL_Finish}</arg>
<status status="PASS" start="2025-05-13T16:53:31.152530" elapsed="1.149659"/>
</kw>
<status status="PASS" start="2025-05-13T16:53:31.151933" elapsed="1.150661"/>
</test>
<test id="s1-s2-s4-s1-t3" name="Post-conditions" line="17">
<kw name="Close Browser" owner="SeleniumLibrary">
<doc>Closes the current browser.</doc>
<status status="PASS" start="2025-05-13T16:53:32.304210" elapsed="3.734876"/>
</kw>
<status status="PASS" start="2025-05-13T16:53:32.303468" elapsed="3.736081"/>
</test>
<status status="PASS" start="2025-05-13T16:53:25.274118" elapsed="10.766159"/>
</suite>
<status status="PASS" start="2025-05-13T16:53:25.272584" elapsed="10.768523"/>
</suite>
<suite id="s1-s2-s5" name="014" source="C:\Users\Daniel\Desktop\testování\Automaticke\HlavniMenu_Navigace\014">
<suite id="s1-s2-s5-s1" name="TS 014" source="C:\Users\Daniel\Desktop\testování\Automaticke\HlavniMenu_Navigace\014\TS_014.robot">
<test id="s1-s2-s5-s1-t1" name="Pre-conditions" line="11">
<kw name="Otevri Prohlizec Jdi na URL a Zkontroluj" owner="Keywords">
<kw name="Evaluate" owner="BuiltIn">
<msg time="2025-05-13T16:53:36.049990" level="INFO">${service} = &lt;selenium.webdriver.chrome.service.Service object at 0x000001E07D4C4E50&gt;</msg>
<var>${service}</var>
<arg>sys.modules['selenium.webdriver.chrome.service'].Service('C:/Users/Daniel/Desktop/testování/chromedriver.exe')</arg>
<arg>sys</arg>
<doc>Evaluates the given expression in Python and returns the result.</doc>
<status status="PASS" start="2025-05-13T16:53:36.049552" elapsed="0.000476"/>
</kw>
<kw name="Create Webdriver" owner="SeleniumLibrary">
<msg time="2025-05-13T16:53:36.050323" level="INFO">Creating an instance of the Chrome WebDriver.</msg>
<msg time="2025-05-13T16:53:37.126562" level="INFO">${driver} = 9</msg>
<var>${driver}</var>
<arg>Chrome</arg>
<arg>service=${service}</arg>
<doc>Creates an instance of Selenium WebDriver.</doc>
<status status="PASS" start="2025-05-13T16:53:36.050164" elapsed="1.076463"/>
</kw>
<kw name="Go To" owner="SeleniumLibrary">
<msg time="2025-05-13T16:53:37.127069" level="INFO">Opening url 'https://pozlovice.cz/'</msg>
<arg>${URL}</arg>
<doc>Navigates the current browser window to the provided ``url``.</doc>
<status status="PASS" start="2025-05-13T16:53:37.126857" elapsed="10.536408"/>
</kw>
<kw name="Maximize Browser Window" owner="SeleniumLibrary">
<doc>Maximizes current browser window.</doc>
<status status="PASS" start="2025-05-13T16:53:47.663533" elapsed="0.039458"/>
</kw>
<kw name="Wait Until Element Is Visible" owner="SeleniumLibrary">
<arg>${KontrolovanyElement}</arg>
<doc>Waits until the element ``locator`` is visible.</doc>
<status status="PASS" start="2025-05-13T16:53:47.703199" elapsed="0.085081"/>
</kw>
<arg>${Browser_Chrome}</arg>
<arg>${URL_MainPage}</arg>
<arg>${Button_Ubytovani}</arg>
<status status="PASS" start="2025-05-13T16:53:36.049286" elapsed="11.739136"/>
</kw>
<status status="PASS" start="2025-05-13T16:53:36.048967" elapsed="11.739750"/>
</test>
<test id="s1-s2-s5-s1-t2" name="Ověření funkčnosti odkazu na sekci &quot;Ubytování a služby&quot;" line="14">
<kw name="Kontroluj" owner="Keywords">
<kw name="Element Should Be Visible" owner="SeleniumLibrary">
<msg time="2025-05-13T16:53:47.905855" level="INFO">Element '//a[@href='/obec/ubytovani-a-sluzby']' is displayed.</msg>
<arg>${ButtonUbytovani}</arg>
<doc>Verifies that the element identified by ``locator`` is visible.</doc>
<status status="PASS" start="2025-05-13T16:53:47.790149" elapsed="0.115863"/>
</kw>
<kw name="Click Element" owner="SeleniumLibrary">
<msg time="2025-05-13T16:53:47.906778" level="INFO">Clicking element '//a[@href='/obec/ubytovani-a-sluzby']'.</msg>
<arg>${ButtonUbytovani}</arg>
<doc>Click the element identified by ``locator``.</doc>
<status status="PASS" start="2025-05-13T16:53:47.906351" elapsed="0.225421"/>
</kw>
<kw name="Location Should Contain" owner="SeleniumLibrary">
<msg time="2025-05-13T16:53:48.223401" level="INFO">Current location contains 'https://pozlovice.cz/obec/ubytovani-a-sluzby'.</msg>
<arg>${StrankaUbytovani}</arg>
<doc>Verifies that the current URL contains ``expected``.</doc>
<status status="PASS" start="2025-05-13T16:53:48.132082" elapsed="0.091446"/>
</kw>
<arg>${Button_Ubytovani}</arg>
<arg>${URL_Finish}</arg>
<status status="PASS" start="2025-05-13T16:53:47.789742" elapsed="0.433924"/>
</kw>
<status status="PASS" start="2025-05-13T16:53:47.789194" elapsed="0.434798"/>
</test>
<test id="s1-s2-s5-s1-t3" name="Post-conditions" line="17">
<kw name="Close Browser" owner="SeleniumLibrary">
<doc>Closes the current browser.</doc>
<status status="PASS" start="2025-05-13T16:53:48.225040" elapsed="2.155178"/>
</kw>
<status status="PASS" start="2025-05-13T16:53:48.224558" elapsed="2.156198"/>
</test>
<status status="PASS" start="2025-05-13T16:53:36.042908" elapsed="14.338434"/>
</suite>
<status status="PASS" start="2025-05-13T16:53:36.041504" elapsed="14.340405"/>
</suite>
<suite id="s1-s2-s6" name="015" source="C:\Users\Daniel\Desktop\testování\Automaticke\HlavniMenu_Navigace\015">
<suite id="s1-s2-s6-s1" name="TS 015" source="C:\Users\Daniel\Desktop\testování\Automaticke\HlavniMenu_Navigace\015\TS_015.robot">
<test id="s1-s2-s6-s1-t1" name="Pre-conditions" line="11">
<kw name="Otevri Prohlizec Jdi na URL a Zkontroluj" owner="Keywords">
<kw name="Evaluate" owner="BuiltIn">
<msg time="2025-05-13T16:53:50.391076" level="INFO">${service} = &lt;selenium.webdriver.chrome.service.Service object at 0x000001E07D4C5F50&gt;</msg>
<var>${service}</var>
<arg>sys.modules['selenium.webdriver.chrome.service'].Service('C:/Users/Daniel/Desktop/testování/chromedriver.exe')</arg>
<arg>sys</arg>
<doc>Evaluates the given expression in Python and returns the result.</doc>
<status status="PASS" start="2025-05-13T16:53:50.390614" elapsed="0.000499"/>
</kw>
<kw name="Create Webdriver" owner="SeleniumLibrary">
<msg time="2025-05-13T16:53:50.391433" level="INFO">Creating an instance of the Chrome WebDriver.</msg>
<msg time="2025-05-13T16:53:51.456339" level="INFO">${driver} = 10</msg>
<var>${driver}</var>
<arg>Chrome</arg>
<arg>service=${service}</arg>
<doc>Creates an instance of Selenium WebDriver.</doc>
<status status="PASS" start="2025-05-13T16:53:50.391273" elapsed="1.065123"/>
</kw>
<kw name="Go To" owner="SeleniumLibrary">
<msg time="2025-05-13T16:53:51.456788" level="INFO">Opening url 'https://pozlovice.cz/'</msg>
<arg>${URL}</arg>
<doc>Navigates the current browser window to the provided ``url``.</doc>
<status status="PASS" start="2025-05-13T16:53:51.456596" elapsed="4.158608"/>
</kw>
<kw name="Maximize Browser Window" owner="SeleniumLibrary">
<doc>Maximizes current browser window.</doc>
<status status="PASS" start="2025-05-13T16:53:55.615402" elapsed="0.042934"/>
</kw>
<kw name="Wait Until Element Is Visible" owner="SeleniumLibrary">
<arg>${KontrolovanyElement}</arg>
<doc>Waits until the element ``locator`` is visible.</doc>
<status status="PASS" start="2025-05-13T16:53:55.658639" elapsed="0.066868"/>
</kw>
<arg>${Browser_Chrome}</arg>
<arg>${URL_MainPage}</arg>
<arg>${Button_Rezervace}</arg>
<status status="PASS" start="2025-05-13T16:53:50.390259" elapsed="5.335487"/>
</kw>
<status status="PASS" start="2025-05-13T16:53:50.389819" elapsed="5.336347"/>
</test>
<test id="s1-s2-s6-s1-t2" name="Ověření funkčnosti odkazu na sekci &quot;Rezervační systém&quot;" line="14">
<kw name="Kontroluj" owner="Keywords">
<kw name="Element Should Be Visible" owner="SeleniumLibrary">
<msg time="2025-05-13T16:53:55.800988" level="INFO">Element '//a[@href='/obec/rezervacni-system']' is displayed.</msg>
<arg>${ButtonRezervace}</arg>
<doc>Verifies that the element identified by ``locator`` is visible.</doc>
<status status="PASS" start="2025-05-13T16:53:55.728491" elapsed="0.072615"/>
</kw>
<kw name="Click Element" owner="SeleniumLibrary">
<msg time="2025-05-13T16:53:55.801584" level="INFO">Clicking element '//a[@href='/obec/rezervacni-system']'.</msg>
<arg>${ButtonRezervace}</arg>
<doc>Click the element identified by ``locator``.</doc>
<status status="PASS" start="2025-05-13T16:53:55.801317" elapsed="0.238249"/>
</kw>
<kw name="Location Should Contain" owner="SeleniumLibrary">
<msg time="2025-05-13T16:53:56.308943" level="INFO">Current location contains 'https://pozlovice.cz/obec/rezervacni-system'.</msg>
<arg>${StrankaRezervace}</arg>
<doc>Verifies that the current URL contains ``expected``.</doc>
<status status="PASS" start="2025-05-13T16:53:56.039879" elapsed="0.269230"/>
</kw>
<arg>${Button_Rezervace}</arg>
<arg>${URL_Finish}</arg>
<status status="PASS" start="2025-05-13T16:53:55.727740" elapsed="0.581532"/>
</kw>
<status status="PASS" start="2025-05-13T16:53:55.726842" elapsed="0.582905"/>
</test>
<test id="s1-s2-s6-s1-t3" name="Post-conditions" line="17">
<kw name="Close Browser" owner="SeleniumLibrary">
<doc>Closes the current browser.</doc>
<status status="PASS" start="2025-05-13T16:53:56.311132" elapsed="2.173899"/>
</kw>
<status status="PASS" start="2025-05-13T16:53:56.310517" elapsed="2.174940"/>
</test>
<status status="PASS" start="2025-05-13T16:53:50.383775" elapsed="8.102223"/>
</suite>
<status status="PASS" start="2025-05-13T16:53:50.382227" elapsed="8.104337"/>
</suite>
<suite id="s1-s2-s7" name="016" source="C:\Users\Daniel\Desktop\testování\Automaticke\HlavniMenu_Navigace\016">
<suite id="s1-s2-s7-s1" name="TS 016" source="C:\Users\Daniel\Desktop\testování\Automaticke\HlavniMenu_Navigace\016\TS_016.robot">
<test id="s1-s2-s7-s1-t1" name="Pre-conditions" line="11">
<kw name="Otevri Prohlizec Jdi na URL a Zkontroluj" owner="Keywords">
<kw name="Evaluate" owner="BuiltIn">
<msg time="2025-05-13T16:53:58.495773" level="INFO">${service} = &lt;selenium.webdriver.chrome.service.Service object at 0x000001E07D42D7C0&gt;</msg>
<var>${service}</var>
<arg>sys.modules['selenium.webdriver.chrome.service'].Service('C:/Users/Daniel/Desktop/testování/chromedriver.exe')</arg>
<arg>sys</arg>
<doc>Evaluates the given expression in Python and returns the result.</doc>
<status status="PASS" start="2025-05-13T16:53:58.495341" elapsed="0.000464"/>
</kw>
<kw name="Create Webdriver" owner="SeleniumLibrary">
<msg time="2025-05-13T16:53:58.496063" level="INFO">Creating an instance of the Chrome WebDriver.</msg>
<msg time="2025-05-13T16:53:59.552916" level="INFO">${driver} = 11</msg>
<var>${driver}</var>
<arg>Chrome</arg>
<arg>service=${service}</arg>
<doc>Creates an instance of Selenium WebDriver.</doc>
<status status="PASS" start="2025-05-13T16:53:58.495924" elapsed="1.057073"/>
</kw>
<kw name="Go To" owner="SeleniumLibrary">
<msg time="2025-05-13T16:53:59.553569" level="INFO">Opening url 'https://pozlovice.cz/'</msg>
<arg>${URL}</arg>
<doc>Navigates the current browser window to the provided ``url``.</doc>
<status status="PASS" start="2025-05-13T16:53:59.553321" elapsed="6.124008"/>
</kw>
<kw name="Maximize Browser Window" owner="SeleniumLibrary">
<doc>Maximizes current browser window.</doc>
<status status="PASS" start="2025-05-13T16:54:05.677624" elapsed="0.038214"/>
</kw>
<kw name="Wait Until Element Is Visible" owner="SeleniumLibrary">
<arg>${KontrolovanyElement}</arg>
<doc>Waits until the element ``locator`` is visible.</doc>
<status status="PASS" start="2025-05-13T16:54:05.716439" elapsed="0.092194"/>
</kw>
<arg>${Browser_Chrome}</arg>
<arg>${URL_MainPage}</arg>
<arg>${Button_Foto}</arg>
<status status="PASS" start="2025-05-13T16:53:58.495060" elapsed="7.313719"/>
</kw>
<status status="PASS" start="2025-05-13T16:53:58.494733" elapsed="7.314336"/>
</test>
<test id="s1-s2-s7-s1-t2" name="Ověření funkčnosti odkazu na sekci &quot;Fotogalerie a Videa&quot;" line="14">
<kw name="Kontroluj" owner="Keywords">
<kw name="Element Should Be Visible" owner="SeleniumLibrary">
<msg time="2025-05-13T16:54:05.853395" level="INFO">Element '//a[normalize-space()='Fotogalerie a videa']' is displayed.</msg>
<arg>${ButtonFoto}</arg>
<doc>Verifies that the element identified by ``locator`` is visible.</doc>
<status status="PASS" start="2025-05-13T16:54:05.810307" elapsed="0.043198"/>
</kw>
<kw name="Click Element" owner="SeleniumLibrary">
<msg time="2025-05-13T16:54:05.853923" level="INFO">Clicking element '//a[normalize-space()='Fotogalerie a videa']'.</msg>
<arg>${ButtonFoto}</arg>
<doc>Click the element identified by ``locator``.</doc>
<status status="PASS" start="2025-05-13T16:54:05.853688" elapsed="0.240192"/>
</kw>
<kw name="Location Should Contain" owner="SeleniumLibrary">
<msg time="2025-05-13T16:54:06.199260" level="INFO">Current location contains 'https://pozlovice.cz/obec/fotogalerie-a-video'.</msg>
<arg>${StrankaFoto}</arg>
<doc>Verifies that the current URL contains ``expected``.</doc>
<status status="PASS" start="2025-05-13T16:54:06.094182" elapsed="0.105226"/>
</kw>
<arg>${Button_Foto}</arg>
<arg>${URL_Finish}</arg>
<status status="PASS" start="2025-05-13T16:54:05.809961" elapsed="0.389603"/>
</kw>
<status status="PASS" start="2025-05-13T16:54:05.809498" elapsed="0.390370"/>
</test>
<test id="s1-s2-s7-s1-t3" name="Post-conditions" line="17">
<kw name="Close Browser" owner="SeleniumLibrary">
<doc>Closes the current browser.</doc>
<status status="PASS" start="2025-05-13T16:54:06.200679" elapsed="2.171804"/>
</kw>
<status status="PASS" start="2025-05-13T16:54:06.200317" elapsed="2.172645"/>
</test>
<status status="PASS" start="2025-05-13T16:53:58.488509" elapsed="9.885187"/>
</suite>
<status status="PASS" start="2025-05-13T16:53:58.486957" elapsed="9.887281"/>
</suite>
<suite id="s1-s2-s8" name="017" source="C:\Users\Daniel\Desktop\testování\Automaticke\HlavniMenu_Navigace\017">
<suite id="s1-s2-s8-s1" name="TS 017" source="C:\Users\Daniel\Desktop\testování\Automaticke\HlavniMenu_Navigace\017\TS_017.robot">
<test id="s1-s2-s8-s1-t1" name="Pre-conditions" line="11">
<kw name="Otevri Prohlizec Jdi na URL a Zkontroluj" owner="Keywords">
<kw name="Evaluate" owner="BuiltIn">
<msg time="2025-05-13T16:54:08.384117" level="INFO">${service} = &lt;selenium.webdriver.chrome.service.Service object at 0x000001E07D42D9A0&gt;</msg>
<var>${service}</var>
<arg>sys.modules['selenium.webdriver.chrome.service'].Service('C:/Users/Daniel/Desktop/testování/chromedriver.exe')</arg>
<arg>sys</arg>
<doc>Evaluates the given expression in Python and returns the result.</doc>
<status status="PASS" start="2025-05-13T16:54:08.383660" elapsed="0.000492"/>
</kw>
<kw name="Create Webdriver" owner="SeleniumLibrary">
<msg time="2025-05-13T16:54:08.384424" level="INFO">Creating an instance of the Chrome WebDriver.</msg>
<msg time="2025-05-13T16:54:09.434226" level="INFO">${driver} = 12</msg>
<var>${driver}</var>
<arg>Chrome</arg>
<arg>service=${service}</arg>
<doc>Creates an instance of Selenium WebDriver.</doc>
<status status="PASS" start="2025-05-13T16:54:08.384286" elapsed="1.050024"/>
</kw>
<kw name="Go To" owner="SeleniumLibrary">
<msg time="2025-05-13T16:54:09.434888" level="INFO">Opening url 'https://pozlovice.cz/'</msg>
<arg>${URL}</arg>
<doc>Navigates the current browser window to the provided ``url``.</doc>
<status status="PASS" start="2025-05-13T16:54:09.434603" elapsed="3.987797"/>
</kw>
<kw name="Maximize Browser Window" owner="SeleniumLibrary">
<doc>Maximizes current browser window.</doc>
<status status="PASS" start="2025-05-13T16:54:13.422664" elapsed="0.043628"/>
</kw>
<kw name="Wait Until Element Is Visible" owner="SeleniumLibrary">
<arg>${KontrolovanyElement}</arg>
<doc>Waits until the element ``locator`` is visible.</doc>
<status status="PASS" start="2025-05-13T16:54:13.466670" elapsed="0.092881"/>
</kw>
<arg>${Browser_Chrome}</arg>
<arg>${URL_MainPage}</arg>
<arg>${Button_Novinka}</arg>
<status status="PASS" start="2025-05-13T16:54:08.383337" elapsed="5.176530"/>
</kw>
<status status="PASS" start="2025-05-13T16:54:08.382964" elapsed="5.177245"/>
</test>
<test id="s1-s2-s8-s1-t2" name="Ověření, že sekce „Aktuální zprávy“ na úvodní stránce zobrazuje nejnovější informace" line="14">
<kw name="Kontroluj" owner="Keywords">
<kw name="Element Should Be Visible" owner="SeleniumLibrary">
<msg time="2025-05-13T16:54:13.601834" level="INFO">Element '//h4[contains(text(),'Mobilní hospicová péče')]' is displayed.</msg>
<arg>${ButtonNovinka}</arg>
<doc>Verifies that the element identified by ``locator`` is visible.</doc>
<status status="PASS" start="2025-05-13T16:54:13.562123" elapsed="0.039894"/>
</kw>
<kw name="Click Element" owner="SeleniumLibrary">
<msg time="2025-05-13T16:54:13.602643" level="INFO">Clicking element '//h4[contains(text(),'Mobilní hospicová péče')]'.</msg>
<arg>${ButtonNovinka}</arg>
<doc>Click the element identified by ``locator``.</doc>
<status status="PASS" start="2025-05-13T16:54:13.602299" elapsed="0.275299"/>
</kw>
<kw name="Location Should Contain" owner="SeleniumLibrary">
<msg time="2025-05-13T16:54:14.135919" level="INFO">Current location contains 'https://pozlovice.cz/obec/aktualita/974'.</msg>
<arg>${StrankaNovinka}</arg>
<doc>Verifies that the current URL contains ``expected``.</doc>
<status status="PASS" start="2025-05-13T16:54:13.877838" elapsed="0.258201"/>
</kw>
<kw name="Element Should Be Visible" owner="SeleniumLibrary">
<msg time="2025-05-13T16:54:14.152740" level="INFO">Element '//img[@alt='letak_pahop']' is displayed.</msg>
<arg>${ButtonFoto}</arg>
<doc>Verifies that the element identified by ``locator`` is visible.</doc>
<status status="PASS" start="2025-05-13T16:54:14.136246" elapsed="0.016616"/>
</kw>
<kw name="Click Element" owner="SeleniumLibrary">
<msg time="2025-05-13T16:54:14.153352" level="INFO">Clicking element '//img[@alt='letak_pahop']'.</msg>
<arg>${ButtonFoto}</arg>
<doc>Click the element identified by ``locator``.</doc>
<status status="PASS" start="2025-05-13T16:54:14.153084" elapsed="0.062141"/>
</kw>
<kw name="Location Should Contain" owner="SeleniumLibrary">
<msg time="2025-05-13T16:54:14.218440" level="INFO">Current location contains 'https://pozlovice.cz/obec/aktualita/974#lg=1&amp;slide=0'.</msg>
<arg>${StrankaFoto}</arg>
<doc>Verifies that the current URL contains ``expected``.</doc>
<status status="PASS" start="2025-05-13T16:54:14.215443" elapsed="0.003089"/>
</kw>
<arg>${Button_Novinka}</arg>
<arg>${URL_Finish1}</arg>
<arg>${Button_Foto}</arg>
<arg>${URL_Finish2}</arg>
<status status="PASS" start="2025-05-13T16:54:13.561604" elapsed="0.657045"/>
</kw>
<status status="PASS" start="2025-05-13T16:54:13.560703" elapsed="0.658257"/>
</test>
<test id="s1-s2-s8-s1-t3" name="Post-conditions" line="17">
<kw name="Close Browser" owner="SeleniumLibrary">
<doc>Closes the current browser.</doc>
<status status="PASS" start="2025-05-13T16:54:14.219783" elapsed="2.172486"/>
</kw>
<status status="PASS" start="2025-05-13T16:54:14.219414" elapsed="2.173288"/>
</test>
<status status="PASS" start="2025-05-13T16:54:08.376082" elapsed="8.017217"/>
</suite>
<status status="PASS" start="2025-05-13T16:54:08.374546" elapsed="8.019302"/>
</suite>
<suite id="s1-s2-s9" name="018" source="C:\Users\Daniel\Desktop\testování\Automaticke\HlavniMenu_Navigace\018">
<suite id="s1-s2-s9-s1" name="TS 018" source="C:\Users\Daniel\Desktop\testování\Automaticke\HlavniMenu_Navigace\018\TS_018.robot">
<test id="s1-s2-s9-s1-t1" name="Pre-conditions" line="11">
<kw name="Otevri Prohlizec Jdi na URL a Zkontroluj" owner="Keywords">
<kw name="Evaluate" owner="BuiltIn">
<msg time="2025-05-13T16:54:16.404104" level="INFO">${service} = &lt;selenium.webdriver.chrome.service.Service object at 0x000001E07D41AC10&gt;</msg>
<var>${service}</var>
<arg>sys.modules['selenium.webdriver.chrome.service'].Service('C:/Users/Daniel/Desktop/testování/chromedriver.exe')</arg>
<arg>sys</arg>
<doc>Evaluates the given expression in Python and returns the result.</doc>
<status status="PASS" start="2025-05-13T16:54:16.403703" elapsed="0.000431"/>
</kw>
<kw name="Create Webdriver" owner="SeleniumLibrary">
<msg time="2025-05-13T16:54:16.404368" level="INFO">Creating an instance of the Chrome WebDriver.</msg>
<msg time="2025-05-13T16:54:17.454356" level="INFO">${driver} = 13</msg>
<var>${driver}</var>
<arg>Chrome</arg>
<arg>service=${service}</arg>
<doc>Creates an instance of Selenium WebDriver.</doc>
<status status="PASS" start="2025-05-13T16:54:16.404242" elapsed="1.050173"/>
</kw>
<kw name="Go To" owner="SeleniumLibrary">
<msg time="2025-05-13T16:54:17.454821" level="INFO">Opening url 'https://pozlovice.cz/'</msg>
<arg>${URL}</arg>
<doc>Navigates the current browser window to the provided ``url``.</doc>
<status status="PASS" start="2025-05-13T16:54:17.454624" elapsed="4.290895"/>
</kw>
<kw name="Maximize Browser Window" owner="SeleniumLibrary">
<doc>Maximizes current browser window.</doc>
<status status="PASS" start="2025-05-13T16:54:21.745726" elapsed="0.037255"/>
</kw>
<kw name="Wait Until Element Is Visible" owner="SeleniumLibrary">
<arg>${KontrolovanyElement}</arg>
<doc>Waits until the element ``locator`` is visible.</doc>
<status status="PASS" start="2025-05-13T16:54:21.783250" elapsed="0.072289"/>
</kw>
<arg>${Browser_Chrome}</arg>
<arg>${URL_MainPage}</arg>
<arg>${Button_Zprava}</arg>
<status status="PASS" start="2025-05-13T16:54:16.403429" elapsed="5.452254"/>
</kw>
<status status="PASS" start="2025-05-13T16:54:16.403028" elapsed="5.452961"/>
</test>
<test id="s1-s2-s9-s1-t2" name="Ověření funkčnosti odkazu na „Úřední desku“ z úvodní stránky" line="14">
<kw name="Kontroluj" owner="Keywords">
<kw name="Element Should Be Visible" owner="SeleniumLibrary">
<msg time="2025-05-13T16:54:21.886300" level="INFO">Element '//h4[contains(text(),'Stanovení přechodné úpravy provozu č. 24/2025')]' is displayed.</msg>
<arg>${ButtonZprava}</arg>
<doc>Verifies that the element identified by ``locator`` is visible.</doc>
<status status="PASS" start="2025-05-13T16:54:21.857882" elapsed="0.028568"/>
</kw>
<kw name="Click Element" owner="SeleniumLibrary">
<msg time="2025-05-13T16:54:21.886967" level="INFO">Clicking element '//h4[contains(text(),'Stanovení přechodné úpravy provozu č. 24/2025')]'.</msg>
<arg>${ButtonZprava}</arg>
<doc>Click the element identified by ``locator``.</doc>
<status status="PASS" start="2025-05-13T16:54:21.886715" elapsed="0.316216"/>
</kw>
<kw name="Location Should Contain" owner="SeleniumLibrary">
<msg time="2025-05-13T16:54:22.304846" level="INFO">Current location contains 'https://pozlovice.cz/obec/uredni-deska/1042'.</msg>
<arg>${StrankaZprava}</arg>
<doc>Verifies that the current URL contains ``expected``.</doc>
<status status="PASS" start="2025-05-13T16:54:22.203224" elapsed="0.101810"/>
</kw>
<kw name="Element Should Be Visible" owner="SeleniumLibrary">
<msg time="2025-05-13T16:54:22.326749" level="INFO">Element '//h4[normalize-space()='05_02_25_Slalom']' is displayed.</msg>
<arg>${ButtonPDF}</arg>
<doc>Verifies that the element identified by ``locator`` is visible.</doc>
<status status="PASS" start="2025-05-13T16:54:22.305352" elapsed="0.021541"/>
</kw>
<kw name="Get Window Handles" owner="SeleniumLibrary">
<msg time="2025-05-13T16:54:22.328397" level="INFO">${OldWindows} = ['7956E7D2F9FE9F3CBD4E7C8B561ADF8A']</msg>
<var>${OldWindows}</var>
<doc>Returns all child window handles of the selected browser as a list.</doc>
<status status="PASS" start="2025-05-13T16:54:22.327112" elapsed="0.001334"/>
</kw>
<kw name="Click Element" owner="SeleniumLibrary">
<msg time="2025-05-13T16:54:22.328893" level="INFO">Clicking element '//h4[normalize-space()='05_02_25_Slalom']'.</msg>
<arg>${ButtonPDF}</arg>
<doc>Click the element identified by ``locator``.</doc>
<status status="PASS" start="2025-05-13T16:54:22.328648" elapsed="0.087933"/>
</kw>
<kw name="Wait Until Keyword Succeeds" owner="BuiltIn">
<kw name="Window Handle Should Change" owner="Keywords">
<kw name="Get Window Handles" owner="SeleniumLibrary">
<msg time="2025-05-13T16:54:22.430352" level="INFO">${CurrentWindows} = ['7956E7D2F9FE9F3CBD4E7C8B561ADF8A', '280A44691B611C01E68E1470FDA07118']</msg>
<var>${CurrentWindows}</var>
<doc>Returns all child window handles of the selected browser as a list.</doc>
<status status="PASS" start="2025-05-13T16:54:22.419423" elapsed="0.010991"/>
</kw>
<kw name="Get Length" owner="BuiltIn">
<msg time="2025-05-13T16:54:22.430845" level="INFO">Length is 1.</msg>
<msg time="2025-05-13T16:54:22.430938" level="INFO">${old_len} = 1</msg>
<var>${old_len}</var>
<arg>${OldWindows}</arg>
<doc>Returns and logs the length of the given item as an integer.</doc>
<status status="PASS" start="2025-05-13T16:54:22.430634" elapsed="0.000334"/>
</kw>
<kw name="Get Length" owner="BuiltIn">
<msg time="2025-05-13T16:54:22.431284" level="INFO">Length is 2.</msg>
<msg time="2025-05-13T16:54:22.431386" level="INFO">${new_len} = 2</msg>
<var>${new_len}</var>
<arg>${CurrentWindows}</arg>
<doc>Returns and logs the length of the given item as an integer.</doc>
<status status="PASS" start="2025-05-13T16:54:22.431130" elapsed="0.000308"/>
</kw>
<kw name="Should Be True" owner="BuiltIn">
<arg>${new_len} &gt; ${old_len}</arg>
<doc>Fails if the given condition is not true.</doc>
<status status="PASS" start="2025-05-13T16:54:22.431659" elapsed="0.000280"/>
</kw>
<arg>${OldWindows}</arg>
<status status="PASS" start="2025-05-13T16:54:22.418618" elapsed="0.013417"/>
</kw>
<arg>10x</arg>
<arg>1s</arg>
<arg>Window Handle Should Change</arg>
<arg>${OldWindows}</arg>
<doc>Runs the specified keyword and retries if it fails.</doc>
<status status="PASS" start="2025-05-13T16:54:22.417767" elapsed="0.014336"/>
</kw>
<kw name="Get Window Handles" owner="SeleniumLibrary">
<msg time="2025-05-13T16:54:22.434459" level="INFO">${AllWindows} = ['7956E7D2F9FE9F3CBD4E7C8B561ADF8A', '280A44691B611C01E68E1470FDA07118']</msg>
<var>${AllWindows}</var>
<doc>Returns all child window handles of the selected browser as a list.</doc>
<status status="PASS" start="2025-05-13T16:54:22.432255" elapsed="0.002304"/>
</kw>
<kw name="Get New Window Handle" owner="Keywords">
<for flavor="IN">
<iter>
<kw name="Run Keyword If" owner="BuiltIn">
<arg>'${handle}' not in ${OldHandles}</arg>
<arg>Return From Keyword</arg>
<arg>${handle}</arg>
<doc>Runs the given keyword with the given arguments, if ``condition`` is true.</doc>
<status status="PASS" start="2025-05-13T16:54:22.435860" elapsed="0.000298"/>
</kw>
<var name="${handle}">7956E7D2F9FE9F3CBD4E7C8B561ADF8A</var>
<status status="PASS" start="2025-05-13T16:54:22.435673" elapsed="0.000574"/>
</iter>
<iter>
<kw name="Run Keyword If" owner="BuiltIn">
<kw name="Return From Keyword" owner="BuiltIn">
<msg time="2025-05-13T16:54:22.437133" level="INFO">Returning from the enclosing user keyword.</msg>
<arg>${handle}</arg>
<doc>Returns from the enclosing user keyword.</doc>
<status status="PASS" start="2025-05-13T16:54:22.437002" elapsed="0.000233"/>
</kw>
<arg>'${handle}' not in ${OldHandles}</arg>
<arg>Return From Keyword</arg>
<arg>${handle}</arg>
<doc>Runs the given keyword with the given arguments, if ``condition`` is true.</doc>
<status status="PASS" start="2025-05-13T16:54:22.436614" elapsed="0.000696"/>
</kw>
<var name="${handle}">280A44691B611C01E68E1470FDA07118</var>
<status status="PASS" start="2025-05-13T16:54:22.436431" elapsed="0.000935"/>
</iter>
<var>${handle}</var>
<value>@{NewHandles}</value>
<status status="PASS" start="2025-05-13T16:54:22.435450" elapsed="0.001971"/>
</for>
<msg time="2025-05-13T16:54:22.437607" level="INFO">${NewWindow} = 280A44691B611C01E68E1470FDA07118</msg>
<var>${NewWindow}</var>
<arg>${OldWindows}</arg>
<arg>${AllWindows}</arg>
<status status="PASS" start="2025-05-13T16:54:22.435015" elapsed="0.002623"/>
</kw>
<kw name="Switch Window" owner="SeleniumLibrary">
<arg>${NewWindow}</arg>
<doc>Switches to browser window matching ``locator``.</doc>
<status status="PASS" start="2025-05-13T16:54:22.437793" elapsed="0.051148"/>
</kw>
<kw name="Location Should Contain" owner="SeleniumLibrary">
<msg time="2025-05-13T16:54:22.563265" level="INFO">Current location contains 'https://pozlovice.cz/soubory/desk/1042/files/1lu8dot5.pdf'.</msg>
<arg>${StrankaPDF}</arg>
<doc>Verifies that the current URL contains ``expected``.</doc>
<status status="PASS" start="2025-05-13T16:54:22.489389" elapsed="0.073995"/>
</kw>
<kw name="Close Browser" owner="SeleniumLibrary">
<doc>Closes the current browser.</doc>
<status status="PASS" start="2025-05-13T16:54:22.563592" elapsed="2.172746"/>
</kw>
<arg>${Button_Zprava}</arg>
<arg>${URL_Finish1}</arg>
<arg>${Button_PDF}</arg>
<arg>${URL_Finish2}</arg>
<status status="PASS" start="2025-05-13T16:54:21.857263" elapsed="2.879300"/>
</kw>
<status status="PASS" start="2025-05-13T16:54:21.856462" elapsed="2.880405"/>
</test>
<test id="s1-s2-s9-s1-t3" name="Post-conditions" line="17">
<kw name="Close Browser" owner="SeleniumLibrary">
<doc>Closes the current browser.</doc>
<status status="PASS" start="2025-05-13T16:54:24.737625" elapsed="0.000120"/>
</kw>
<status status="PASS" start="2025-05-13T16:54:24.737285" elapsed="0.000583"/>
</test>
<status status="PASS" start="2025-05-13T16:54:16.395717" elapsed="8.342401"/>
</suite>
<status status="PASS" start="2025-05-13T16:54:16.394159" elapsed="8.344433"/>
</suite>
<suite id="s1-s2-s10" name="019" source="C:\Users\Daniel\Desktop\testování\Automaticke\HlavniMenu_Navigace\019">
<suite id="s1-s2-s10-s1" name="TS 019" source="C:\Users\Daniel\Desktop\testování\Automaticke\HlavniMenu_Navigace\019\TS_019.robot">
<test id="s1-s2-s10-s1-t1" name="Pre-conditions" line="11">
<kw name="Otevri Prohlizec Jdi na URL a Zkontroluj" owner="Keywords">
<kw name="Evaluate" owner="BuiltIn">
<msg time="2025-05-13T16:54:24.748766" level="INFO">${service} = &lt;selenium.webdriver.chrome.service.Service object at 0x000001E07D418AD0&gt;</msg>
<var>${service}</var>
<arg>sys.modules['selenium.webdriver.chrome.service'].Service('C:/Users/Daniel/Desktop/testování/chromedriver.exe')</arg>
<arg>sys</arg>
<doc>Evaluates the given expression in Python and returns the result.</doc>
<status status="PASS" start="2025-05-13T16:54:24.748319" elapsed="0.000478"/>
</kw>
<kw name="Create Webdriver" owner="SeleniumLibrary">
<msg time="2025-05-13T16:54:24.749048" level="INFO">Creating an instance of the Chrome WebDriver.</msg>
<msg time="2025-05-13T16:54:25.801898" level="INFO">${driver} = 14</msg>
<var>${driver}</var>
<arg>Chrome</arg>
<arg>service=${service}</arg>
<doc>Creates an instance of Selenium WebDriver.</doc>
<status status="PASS" start="2025-05-13T16:54:24.748913" elapsed="1.053041"/>
</kw>
<kw name="Go To" owner="SeleniumLibrary">
<msg time="2025-05-13T16:54:25.802385" level="INFO">Opening url 'https://pozlovice.cz/'</msg>
<arg>${URL}</arg>
<doc>Navigates the current browser window to the provided ``url``.</doc>
<status status="PASS" start="2025-05-13T16:54:25.802180" elapsed="4.034425"/>
</kw>
<kw name="Maximize Browser Window" owner="SeleniumLibrary">
<doc>Maximizes current browser window.</doc>
<status status="PASS" start="2025-05-13T16:54:29.836805" elapsed="0.042997"/>
</kw>
<kw name="Wait Until Element Is Visible" owner="SeleniumLibrary">
<arg>${KontrolovanyElement}</arg>
[...]
<doc>Returns all child window handles of the selected browser as a list.</doc>
<status status="PASS" start="2025-05-13T16:58:57.441688" elapsed="0.016078"/>
</kw>
<kw name="Get Length" owner="BuiltIn">
<msg time="2025-05-13T16:58:57.458633" level="INFO">Length is 1.</msg>
<msg time="2025-05-13T16:58:57.458822" level="INFO">${old_len} = 1</msg>
<var>${old_len}</var>
<arg>${OldWindows}</arg>
<doc>Returns and logs the length of the given item as an integer.</doc>
<status status="PASS" start="2025-05-13T16:58:57.458057" elapsed="0.000817"/>
</kw>
<kw name="Get Length" owner="BuiltIn">
<msg time="2025-05-13T16:58:57.459356" level="INFO">Length is 2.</msg>
<msg time="2025-05-13T16:58:57.459463" level="INFO">${new_len} = 2</msg>
<var>${new_len}</var>
<arg>${CurrentWindows}</arg>
<doc>Returns and logs the length of the given item as an integer.</doc>
<status status="PASS" start="2025-05-13T16:58:57.459136" elapsed="0.000367"/>
</kw>
<kw name="Should Be True" owner="BuiltIn">
<arg>${new_len} &gt; ${old_len}</arg>
<doc>Fails if the given condition is not true.</doc>
<status status="PASS" start="2025-05-13T16:58:57.459699" elapsed="0.000330"/>
</kw>
<arg>${OldWindows}</arg>
<status status="PASS" start="2025-05-13T16:58:57.441138" elapsed="0.019009"/>
</kw>
<arg>10x</arg>
<arg>1s</arg>
<arg>Window Handle Should Change</arg>
<arg>${OldWindows}</arg>
<doc>Runs the specified keyword and retries if it fails.</doc>
<status status="PASS" start="2025-05-13T16:58:57.440693" elapsed="0.019536"/>
</kw>
<kw name="Get Window Handles" owner="SeleniumLibrary">
<msg time="2025-05-13T16:58:57.462490" level="INFO">${AllWindows} = ['A6DABAE8AC82C9499F6ABB86C8D70BDF', 'A4FD11E3463C1B3D0ACA9D8716223C09']</msg>
<var>${AllWindows}</var>
<doc>Returns all child window handles of the selected browser as a list.</doc>
<status status="PASS" start="2025-05-13T16:58:57.460430" elapsed="0.002156"/>
</kw>
<kw name="Get New Window Handle" owner="Keywords">
<for flavor="IN">
<iter>
<kw name="Run Keyword If" owner="BuiltIn">
<arg>'${handle}' not in ${OldHandles}</arg>
<arg>Return From Keyword</arg>
<arg>${handle}</arg>
<doc>Runs the given keyword with the given arguments, if ``condition`` is true.</doc>
<status status="PASS" start="2025-05-13T16:58:57.464093" elapsed="0.000422"/>
</kw>
<var name="${handle}">A6DABAE8AC82C9499F6ABB86C8D70BDF</var>
<status status="PASS" start="2025-05-13T16:58:57.463848" elapsed="0.000786"/>
</iter>
<iter>
<kw name="Run Keyword If" owner="BuiltIn">
<kw name="Return From Keyword" owner="BuiltIn">
<msg time="2025-05-13T16:58:57.465736" level="INFO">Returning from the enclosing user keyword.</msg>
<arg>${handle}</arg>
<doc>Returns from the enclosing user keyword.</doc>
<status status="PASS" start="2025-05-13T16:58:57.465573" elapsed="0.000285"/>
</kw>
<arg>'${handle}' not in ${OldHandles}</arg>
<arg>Return From Keyword</arg>
<arg>${handle}</arg>
<doc>Runs the given keyword with the given arguments, if ``condition`` is true.</doc>
<status status="PASS" start="2025-05-13T16:58:57.465057" elapsed="0.000926"/>
</kw>
<var name="${handle}">A4FD11E3463C1B3D0ACA9D8716223C09</var>
<status status="PASS" start="2025-05-13T16:58:57.464830" elapsed="0.001247"/>
</iter>
<var>${handle}</var>
<value>@{NewHandles}</value>
<status status="PASS" start="2025-05-13T16:58:57.463581" elapsed="0.002588"/>
</for>
<msg time="2025-05-13T16:58:57.466432" level="INFO">${NewWindow} = A4FD11E3463C1B3D0ACA9D8716223C09</msg>
<var>${NewWindow}</var>
<arg>${OldWindows}</arg>
<arg>${AllWindows}</arg>
<status status="PASS" start="2025-05-13T16:58:57.463020" elapsed="0.003467"/>
</kw>
<kw name="Switch Window" owner="SeleniumLibrary">
<arg>${NewWindow}</arg>
<doc>Switches to browser window matching ``locator``.</doc>
<status status="PASS" start="2025-05-13T16:58:57.466857" elapsed="0.059449"/>
</kw>
<kw name="Location Should Contain" owner="SeleniumLibrary">
<msg time="2025-05-13T16:58:59.345493" level="INFO">Current location contains 'https://www.adoltova.cz/'.</msg>
<arg>${StrankaRest3}</arg>
<doc>Verifies that the current URL contains ``expected``.</doc>
<status status="PASS" start="2025-05-13T16:58:57.526654" elapsed="1.819017"/>
</kw>
<kw name="Close Browser" owner="SeleniumLibrary">
<doc>Closes the current browser.</doc>
<status status="PASS" start="2025-05-13T16:58:59.345996" elapsed="2.162938"/>
</kw>
<arg>${Button_Sluzby}</arg>
<arg>${URL_Finish1}</arg>
<arg>${Button_Rest1}</arg>
<arg>${URL_Finish2}</arg>
<arg>${Button_Rest2}</arg>
<arg>${URL_Finish3}</arg>
<arg>${Button_Rest3}</arg>
<arg>${URL_Finish4}</arg>
<status status="PASS" start="2025-05-13T16:58:56.431323" elapsed="5.077811"/>
</kw>
<status status="PASS" start="2025-05-13T16:58:56.430539" elapsed="5.079030"/>
</test>
<test id="s1-s6-s6-s1-t3" name="Post-conditions" line="17">
<kw name="Close Browser" owner="SeleniumLibrary">
<doc>Closes the current browser.</doc>
<status status="PASS" start="2025-05-13T16:59:01.510577" elapsed="0.000159"/>
</kw>
<status status="PASS" start="2025-05-13T16:59:01.510130" elapsed="0.000808"/>
</test>
<status status="PASS" start="2025-05-13T16:58:50.996612" elapsed="10.514730"/>
</suite>
<status status="PASS" start="2025-05-13T16:58:50.995184" elapsed="10.516981"/>
</suite>
<status status="PASS" start="2025-05-13T16:57:59.796727" elapsed="61.716138"/>
</suite>
<status status="PASS" start="2025-05-13T16:51:51.874254" elapsed="429.639545"/>
</suite>
<statistics>
<total>
<stat pass="120" fail="0" skip="0">All Tests</stat>
</total>
<tag>
</tag>
<suite>
<stat name="Automaticke" id="s1" pass="120" fail="0" skip="0">Automaticke</stat>
<stat name="FotogalerieAVideo" id="s1-s1" pass="12" fail="0" skip="0">Automaticke.FotogalerieAVideo</stat>
<stat name="061" id="s1-s1-s1" pass="3" fail="0" skip="0">Automaticke.FotogalerieAVideo.061</stat>
<stat name="TS 061" id="s1-s1-s1-s1" pass="3" fail="0" skip="0">Automaticke.FotogalerieAVideo.061.TS 061</stat>
<stat name="062" id="s1-s1-s2" pass="3" fail="0" skip="0">Automaticke.FotogalerieAVideo.062</stat>
<stat name="TS 062" id="s1-s1-s2-s1" pass="3" fail="0" skip="0">Automaticke.FotogalerieAVideo.062.TS 062</stat>
<stat name="063" id="s1-s1-s3" pass="3" fail="0" skip="0">Automaticke.FotogalerieAVideo.063</stat>
<stat name="TS 063" id="s1-s1-s3-s1" pass="3" fail="0" skip="0">Automaticke.FotogalerieAVideo.063.TS 063</stat>
<stat name="064" id="s1-s1-s4" pass="3" fail="0" skip="0">Automaticke.FotogalerieAVideo.064</stat>
<stat name="TS 064" id="s1-s1-s4-s1" pass="3" fail="0" skip="0">Automaticke.FotogalerieAVideo.064.TS 064</stat>
<stat name="HlavniMenu Navigace" id="s1-s2" pass="30" fail="0" skip="0">Automaticke.HlavniMenu Navigace</stat>
<stat name="011" id="s1-s2-s1" pass="3" fail="0" skip="0">Automaticke.HlavniMenu Navigace.011</stat>
<stat name="TS 011" id="s1-s2-s1-s1" pass="3" fail="0" skip="0">Automaticke.HlavniMenu Navigace.011.TS 011</stat>
<stat name="0110" id="s1-s2-s2" pass="3" fail="0" skip="0">Automaticke.HlavniMenu Navigace.0110</stat>
<stat name="TS 0110" id="s1-s2-s2-s1" pass="3" fail="0" skip="0">Automaticke.HlavniMenu Navigace.0110.TS 0110</stat>
<stat name="012" id="s1-s2-s3" pass="3" fail="0" skip="0">Automaticke.HlavniMenu Navigace.012</stat>
<stat name="TS 012" id="s1-s2-s3-s1" pass="3" fail="0" skip="0">Automaticke.HlavniMenu Navigace.012.TS 012</stat>
<stat name="013" id="s1-s2-s4" pass="3" fail="0" skip="0">Automaticke.HlavniMenu Navigace.013</stat>
<stat name="TS 013" id="s1-s2-s4-s1" pass="3" fail="0" skip="0">Automaticke.HlavniMenu Navigace.013.TS 013</stat>
<stat name="014" id="s1-s2-s5" pass="3" fail="0" skip="0">Automaticke.HlavniMenu Navigace.014</stat>
<stat name="TS 014" id="s1-s2-s5-s1" pass="3" fail="0" skip="0">Automaticke.HlavniMenu Navigace.014.TS 014</stat>
<stat name="015" id="s1-s2-s6" pass="3" fail="0" skip="0">Automaticke.HlavniMenu Navigace.015</stat>
<stat name="TS 015" id="s1-s2-s6-s1" pass="3" fail="0" skip="0">Automaticke.HlavniMenu Navigace.015.TS 015</stat>
<stat name="016" id="s1-s2-s7" pass="3" fail="0" skip="0">Automaticke.HlavniMenu Navigace.016</stat>
<stat name="TS 016" id="s1-s2-s7-s1" pass="3" fail="0" skip="0">Automaticke.HlavniMenu Navigace.016.TS 016</stat>
<stat name="017" id="s1-s2-s8" pass="3" fail="0" skip="0">Automaticke.HlavniMenu Navigace.017</stat>
<stat name="TS 017" id="s1-s2-s8-s1" pass="3" fail="0" skip="0">Automaticke.HlavniMenu Navigace.017.TS 017</stat>
<stat name="018" id="s1-s2-s9" pass="3" fail="0" skip="0">Automaticke.HlavniMenu Navigace.018</stat>
<stat name="TS 018" id="s1-s2-s9-s1" pass="3" fail="0" skip="0">Automaticke.HlavniMenu Navigace.018.TS 018</stat>
<stat name="019" id="s1-s2-s10" pass="3" fail="0" skip="0">Automaticke.HlavniMenu Navigace.019</stat>
<stat name="TS 019" id="s1-s2-s10-s1" pass="3" fail="0" skip="0">Automaticke.HlavniMenu Navigace.019.TS 019</stat>
<stat name="Rezervace" id="s1-s3" pass="18" fail="0" skip="0">Automaticke.Rezervace</stat>
<stat name="071" id="s1-s3-s1" pass="3" fail="0" skip="0">Automaticke.Rezervace.071</stat>
<stat name="TS 071" id="s1-s3-s1-s1" pass="3" fail="0" skip="0">Automaticke.Rezervace.071.TS 071</stat>
<stat name="072" id="s1-s3-s2" pass="3" fail="0" skip="0">Automaticke.Rezervace.072</stat>
<stat name="TS 072" id="s1-s3-s2-s1" pass="3" fail="0" skip="0">Automaticke.Rezervace.072.TS 072</stat>
<stat name="073" id="s1-s3-s3" pass="3" fail="0" skip="0">Automaticke.Rezervace.073</stat>
<stat name="TS 073" id="s1-s3-s3-s1" pass="3" fail="0" skip="0">Automaticke.Rezervace.073.TS 073</stat>
<stat name="074" id="s1-s3-s4" pass="3" fail="0" skip="0">Automaticke.Rezervace.074</stat>
<stat name="TS 074" id="s1-s3-s4-s1" pass="3" fail="0" skip="0">Automaticke.Rezervace.074.TS 074</stat>
<stat name="075" id="s1-s3-s5" pass="3" fail="0" skip="0">Automaticke.Rezervace.075</stat>
<stat name="TS 075" id="s1-s3-s5-s1" pass="3" fail="0" skip="0">Automaticke.Rezervace.075.TS 075</stat>
<stat name="076" id="s1-s3-s6" pass="3" fail="0" skip="0">Automaticke.Rezervace.076</stat>
<stat name="TS 076" id="s1-s3-s6-s1" pass="3" fail="0" skip="0">Automaticke.Rezervace.076.TS 076</stat>
<stat name="SpolkyAInstituce" id="s1-s4" pass="18" fail="0" skip="0">Automaticke.SpolkyAInstituce</stat>
<stat name="031" id="s1-s4-s1" pass="3" fail="0" skip="0">Automaticke.SpolkyAInstituce.031</stat>
<stat name="TS 031" id="s1-s4-s1-s1" pass="3" fail="0" skip="0">Automaticke.SpolkyAInstituce.031.TS 031</stat>
<stat name="032" id="s1-s4-s2" pass="3" fail="0" skip="0">Automaticke.SpolkyAInstituce.032</stat>
<stat name="TS 032" id="s1-s4-s2-s1" pass="3" fail="0" skip="0">Automaticke.SpolkyAInstituce.032.TS 032</stat>
<stat name="033" id="s1-s4-s3" pass="3" fail="0" skip="0">Automaticke.SpolkyAInstituce.033</stat>
<stat name="TS 033" id="s1-s4-s3-s1" pass="3" fail="0" skip="0">Automaticke.SpolkyAInstituce.033.TS 033</stat>
<stat name="034" id="s1-s4-s4" pass="3" fail="0" skip="0">Automaticke.SpolkyAInstituce.034</stat>
<stat name="TS 034" id="s1-s4-s4-s1" pass="3" fail="0" skip="0">Automaticke.SpolkyAInstituce.034.TS 034</stat>
<stat name="035" id="s1-s4-s5" pass="3" fail="0" skip="0">Automaticke.SpolkyAInstituce.035</stat>
<stat name="TS 035" id="s1-s4-s5-s1" pass="3" fail="0" skip="0">Automaticke.SpolkyAInstituce.035.TS 035</stat>
<stat name="036" id="s1-s4-s6" pass="3" fail="0" skip="0">Automaticke.SpolkyAInstituce.036</stat>
<stat name="TS 036" id="s1-s4-s6-s1" pass="3" fail="0" skip="0">Automaticke.SpolkyAInstituce.036.TS 036</stat>
<stat name="TuristaAVolnyCas" id="s1-s5" pass="24" fail="0" skip="0">Automaticke.TuristaAVolnyCas</stat>
<stat name="041" id="s1-s5-s1" pass="3" fail="0" skip="0">Automaticke.TuristaAVolnyCas.041</stat>
<stat name="TS 041" id="s1-s5-s1-s1" pass="3" fail="0" skip="0">Automaticke.TuristaAVolnyCas.041.TS 041</stat>
<stat name="042" id="s1-s5-s2" pass="3" fail="0" skip="0">Automaticke.TuristaAVolnyCas.042</stat>
<stat name="TS 042" id="s1-s5-s2-s1" pass="3" fail="0" skip="0">Automaticke.TuristaAVolnyCas.042.TS 042</stat>
<stat name="043" id="s1-s5-s3" pass="3" fail="0" skip="0">Automaticke.TuristaAVolnyCas.043</stat>
<stat name="TS 043" id="s1-s5-s3-s1" pass="3" fail="0" skip="0">Automaticke.TuristaAVolnyCas.043.TS 043</stat>
<stat name="044" id="s1-s5-s4" pass="3" fail="0" skip="0">Automaticke.TuristaAVolnyCas.044</stat>
<stat name="TS 044" id="s1-s5-s4-s1" pass="3" fail="0" skip="0">Automaticke.TuristaAVolnyCas.044.TS 044</stat>
<stat name="045" id="s1-s5-s5" pass="3" fail="0" skip="0">Automaticke.TuristaAVolnyCas.045</stat>
<stat name="TS 045" id="s1-s5-s5-s1" pass="3" fail="0" skip="0">Automaticke.TuristaAVolnyCas.045.TS 045</stat>
<stat name="046" id="s1-s5-s6" pass="3" fail="0" skip="0">Automaticke.TuristaAVolnyCas.046</stat>
<stat name="TS 046" id="s1-s5-s6-s1" pass="3" fail="0" skip="0">Automaticke.TuristaAVolnyCas.046.TS 046</stat>
<stat name="047" id="s1-s5-s7" pass="3" fail="0" skip="0">Automaticke.TuristaAVolnyCas.047</stat>
<stat name="TS 047" id="s1-s5-s7-s1" pass="3" fail="0" skip="0">Automaticke.TuristaAVolnyCas.047.TS 047</stat>
<stat name="048" id="s1-s5-s8" pass="3" fail="0" skip="0">Automaticke.TuristaAVolnyCas.048</stat>
<stat name="TS 048" id="s1-s5-s8-s1" pass="3" fail="0" skip="0">Automaticke.TuristaAVolnyCas.048.TS 048</stat>
<stat name="UbytovaniSluzby" id="s1-s6" pass="18" fail="0" skip="0">Automaticke.UbytovaniSluzby</stat>
<stat name="051" id="s1-s6-s1" pass="3" fail="0" skip="0">Automaticke.UbytovaniSluzby.051</stat>
<stat name="TS 051" id="s1-s6-s1-s1" pass="3" fail="0" skip="0">Automaticke.UbytovaniSluzby.051.TS 051</stat>
<stat name="052" id="s1-s6-s2" pass="3" fail="0" skip="0">Automaticke.UbytovaniSluzby.052</stat>
<stat name="TS 052" id="s1-s6-s2-s1" pass="3" fail="0" skip="0">Automaticke.UbytovaniSluzby.052.TS 052</stat>
<stat name="053" id="s1-s6-s3" pass="3" fail="0" skip="0">Automaticke.UbytovaniSluzby.053</stat>
<stat name="TS 053" id="s1-s6-s3-s1" pass="3" fail="0" skip="0">Automaticke.UbytovaniSluzby.053.TS 053</stat>
<stat name="054" id="s1-s6-s4" pass="3" fail="0" skip="0">Automaticke.UbytovaniSluzby.054</stat>
<stat name="TS 054" id="s1-s6-s4-s1" pass="3" fail="0" skip="0">Automaticke.UbytovaniSluzby.054.TS 054</stat>
<stat name="055" id="s1-s6-s5" pass="3" fail="0" skip="0">Automaticke.UbytovaniSluzby.055</stat>
<stat name="TS 055" id="s1-s6-s5-s1" pass="3" fail="0" skip="0">Automaticke.UbytovaniSluzby.055.TS 055</stat>
<stat name="056" id="s1-s6-s6" pass="3" fail="0" skip="0">Automaticke.UbytovaniSluzby.056</stat>
<stat name="TS 056" id="s1-s6-s6-s1" pass="3" fail="0" skip="0">Automaticke.UbytovaniSluzby.056.TS 056</stat>
</suite>
</statistics>
<errors>
<msg time="2025-05-13T16:53:08.293246" level="WARN">Imported resource file 'C:\Users\Daniel\Desktop\testování\Automaticke\HlavniMenu_Navigace\0110\Values.robot' is empty.</msg>
<msg time="2025-05-13T16:53:08.294095" level="WARN">Imported resource file 'C:\Users\Daniel\Desktop\testování\Automaticke\HlavniMenu_Navigace\0110\Inputs.robot' is empty.</msg>
<msg time="2025-05-13T16:53:25.277994" level="WARN">Imported resource file 'C:\Users\Daniel\Desktop\testování\Automaticke\HlavniMenu_Navigace\013\Values.robot' is empty.</msg>
<msg time="2025-05-13T16:53:25.278708" level="WARN">Imported resource file 'C:\Users\Daniel\Desktop\testování\Automaticke\HlavniMenu_Navigace\013\Inputs.robot' is empty.</msg>
<msg time="2025-05-13T16:53:36.046590" level="WARN">Imported resource file 'C:\Users\Daniel\Desktop\testování\Automaticke\HlavniMenu_Navigace\014\Values.robot' is empty.</msg>
<msg time="2025-05-13T16:53:36.047184" level="WARN">Imported resource file 'C:\Users\Daniel\Desktop\testování\Automaticke\HlavniMenu_Navigace\014\Inputs.robot' is empty.</msg>
<msg time="2025-05-13T16:53:50.387545" level="WARN">Imported resource file 'C:\Users\Daniel\Desktop\testování\Automaticke\HlavniMenu_Navigace\015\Values.robot' is empty.</msg>
<msg time="2025-05-13T16:53:50.388095" level="WARN">Imported resource file 'C:\Users\Daniel\Desktop\testování\Automaticke\HlavniMenu_Navigace\015\Inputs.robot' is empty.</msg>
<msg time="2025-05-13T16:53:58.492388" level="WARN">Imported resource file 'C:\Users\Daniel\Desktop\testování\Automaticke\HlavniMenu_Navigace\016\Values.robot' is empty.</msg>
<msg time="2025-05-13T16:53:58.493009" level="WARN">Imported resource file 'C:\Users\Daniel\Desktop\testování\Automaticke\HlavniMenu_Navigace\016\Inputs.robot' is empty.</msg>
<msg time="2025-05-13T16:54:08.380303" level="WARN">Imported resource file 'C:\Users\Daniel\Desktop\testování\Automaticke\HlavniMenu_Navigace\017\Values.robot' is empty.</msg>
<msg time="2025-05-13T16:54:08.380995" level="WARN">Imported resource file 'C:\Users\Daniel\Desktop\testování\Automaticke\HlavniMenu_Navigace\017\Inputs.robot' is empty.</msg>
<msg time="2025-05-13T16:54:16.399891" level="WARN">Imported resource file 'C:\Users\Daniel\Desktop\testování\Automaticke\HlavniMenu_Navigace\018\Values.robot' is empty.</msg>
<msg time="2025-05-13T16:54:16.400632" level="WARN">Imported resource file 'C:\Users\Daniel\Desktop\testování\Automaticke\HlavniMenu_Navigace\018\Inputs.robot' is empty.</msg>
<msg time="2025-05-13T16:54:24.744677" level="WARN">Imported resource file 'C:\Users\Daniel\Desktop\testování\Automaticke\HlavniMenu_Navigace\019\Values.robot' is empty.</msg>
<msg time="2025-05-13T16:54:24.745384" level="WARN">Imported resource file 'C:\Users\Daniel\Desktop\testování\Automaticke\HlavniMenu_Navigace\019\Inputs.robot' is empty.</msg>
<msg time="2025-05-13T16:55:35.645261" level="WARN">Imported resource file 'C:\Users\Daniel\Desktop\testování\Automaticke\SpolkyAInstituce\031\Inputs.robot' is empty.</msg>
<msg time="2025-05-13T16:55:46.541472" level="WARN">Imported resource file 'C:\Users\Daniel\Desktop\testování\Automaticke\SpolkyAInstituce\032\Inputs.robot' is empty.</msg>
<msg time="2025-05-13T16:55:57.634130" level="WARN">Imported resource file 'C:\Users\Daniel\Desktop\testování\Automaticke\SpolkyAInstituce\033\Inputs.robot' is empty.</msg>
<msg time="2025-05-13T16:56:09.113860" level="WARN">Imported resource file 'C:\Users\Daniel\Desktop\testování\Automaticke\SpolkyAInstituce\034\Inputs.robot' is empty.</msg>
<msg time="2025-05-13T16:56:18.710772" level="WARN">Imported resource file 'C:\Users\Daniel\Desktop\testování\Automaticke\SpolkyAInstituce\035\Inputs.robot' is empty.</msg>
<msg time="2025-05-13T16:56:30.076355" level="WARN">Imported resource file 'C:\Users\Daniel\Desktop\testování\Automaticke\SpolkyAInstituce\036\Inputs.robot' is empty.</msg>
<msg time="2025-05-13T16:56:38.297821" level="WARN">Imported resource file 'C:\Users\Daniel\Desktop\testování\Automaticke\TuristaAVolnyCas\041\Values.robot' is empty.</msg>
<msg time="2025-05-13T16:56:38.298439" level="WARN">Imported resource file 'C:\Users\Daniel\Desktop\testování\Automaticke\TuristaAVolnyCas\041\Inputs.robot' is empty.</msg>
<msg time="2025-05-13T16:56:49.259130" level="WARN">Imported resource file 'C:\Users\Daniel\Desktop\testování\Automaticke\TuristaAVolnyCas\042\Values.robot' is empty.</msg>
<msg time="2025-05-13T16:56:49.259756" level="WARN">Imported resource file 'C:\Users\Daniel\Desktop\testování\Automaticke\TuristaAVolnyCas\042\Inputs.robot' is empty.</msg>
<msg time="2025-05-13T16:57:11.937134" level="WARN">Imported resource file 'C:\Users\Daniel\Desktop\testování\Automaticke\TuristaAVolnyCas\044\Inputs.robot' is empty.</msg>
<msg time="2025-05-13T16:57:21.491278" level="WARN">Imported resource file 'C:\Users\Daniel\Desktop\testování\Automaticke\TuristaAVolnyCas\045\Inputs.robot' is empty.</msg>
<msg time="2025-05-13T16:57:30.788146" level="WARN">Imported resource file 'C:\Users\Daniel\Desktop\testování\Automaticke\TuristaAVolnyCas\046\Inputs.robot' is empty.</msg>
<msg time="2025-05-13T16:57:39.786949" level="WARN">Imported resource file 'C:\Users\Daniel\Desktop\testování\Automaticke\TuristaAVolnyCas\047\Inputs.robot' is empty.</msg>
<msg time="2025-05-13T16:57:49.917733" level="WARN">Imported resource file 'C:\Users\Daniel\Desktop\testování\Automaticke\TuristaAVolnyCas\048\Inputs.robot' is empty.</msg>
</errors>
</robot>
