<?xml version="1.0" encoding="UTF-8"?>
<robot generator="Robot 7.2.2 (Python 3.13.3 on win32)" generated="2025-05-12T12:18:26.108281" rpa="false" schemaversion="5">
<suite id="s1" name="TS 004" source="C:\Users\Daniel\Desktop\testování\Automatické\HlavniMenu_Navigace\015\TS_004.robot">
<test id="s1-t1" name="Pre-conditions" line="11">
<kw name="Otevri Prohlizec Jdi na URL a Zkontroluj" owner="Keywords">
<kw name="Open Browser" owner="SeleniumLibrary">
<msg time="2025-05-12T12:18:26.385344" level="WARN">exexcutable_path is being deprecated. Please use service to configure the driver's executable_path as per documentation.</msg>
<msg time="2025-05-12T12:18:26.385551" level="INFO">Opening browser 'Chrome' to base url 'https://pozlovice.cz/'.</msg>
<arg>${URL}</arg>
<arg>${Browser}</arg>
<arg>executable_path=C:\\Users\\Daniel\\Desktop\\testování\\chromedriver.exe</arg>
<doc>Opens a new browser instance to the optional ``url``.</doc>
<status status="PASS" start="2025-05-12T12:18:26.385077" elapsed="14.595717"/>
</kw>
<kw name="Maximize Browser Window" owner="SeleniumLibrary">
<doc>Maximizes current browser window.</doc>
<status status="PASS" start="2025-05-12T12:18:40.981064" elapsed="0.041728"/>
</kw>
<kw name="Wait Until Element Is Visible" owner="SeleniumLibrary">
<arg>${KontrolovanyElement}</arg>
<doc>Waits until the element ``locator`` is visible.</doc>
<status status="PASS" start="2025-05-12T12:18:41.023002" elapsed="0.032398"/>
</kw>
<arg>${Browser_Chrome}</arg>
<arg>${URL_MainPage}</arg>
<arg>${Button_Rezervace}</arg>
<status status="PASS" start="2025-05-12T12:18:26.384335" elapsed="14.671210"/>
</kw>
<status status="PASS" start="2025-05-12T12:18:26.383669" elapsed="14.672198"/>
</test>
<test id="s1-t2" name="Kontrola tlacitka" line="14">
<kw name="Zaloguj a Zkontroluj" owner="Keywords">
<kw name="Element Should Be Visible" owner="SeleniumLibrary">
<msg time="2025-05-12T12:18:41.213021" level="INFO">Element '//a[@href='/obec/rezervacni-system']' is displayed.</msg>
<arg>${ButtonRezervace}</arg>
<doc>Verifies that the element identified by ``locator`` is visible.</doc>
<status status="PASS" start="2025-05-12T12:18:41.057381" elapsed="0.155781"/>
</kw>
<kw name="Click Element" owner="SeleniumLibrary">
<msg time="2025-05-12T12:18:41.213605" level="INFO">Clicking element '//a[@href='/obec/rezervacni-system']'.</msg>
<arg>${ButtonRezervace}</arg>
<doc>Click the element identified by ``locator``.</doc>
<status status="PASS" start="2025-05-12T12:18:41.213352" elapsed="0.264403"/>
</kw>
<kw name="Location Should Contain" owner="SeleniumLibrary">
<msg time="2025-05-12T12:18:42.235961" level="INFO">Current location contains 'https://pozlovice.cz/obec/rezervacni-system'.</msg>
<arg>${StrankaRezervace}</arg>
<doc>Verifies that the current URL contains ``expected``.</doc>
<status status="PASS" start="2025-05-12T12:18:41.478022" elapsed="0.758141"/>
</kw>
<arg>${Button_Rezervace}</arg>
<arg>${URL_Finish}</arg>
<status status="PASS" start="2025-05-12T12:18:41.057022" elapsed="1.179336"/>
</kw>
<status status="PASS" start="2025-05-12T12:18:41.056468" elapsed="1.180193"/>
</test>
<test id="s1-t3" name="Post-conditions" line="17">
<kw name="Close Browser" owner="SeleniumLibrary">
<doc>Closes the current browser.</doc>
<status status="PASS" start="2025-05-12T12:18:42.238578" elapsed="2.273446"/>
</kw>
<status status="PASS" start="2025-05-12T12:18:42.237838" elapsed="2.274634"/>
</test>
<status status="PASS" start="2025-05-12T12:18:26.109685" elapsed="18.403418"/>
</suite>
<statistics>
<total>
<stat pass="3" fail="0" skip="0">All Tests</stat>
</total>
<tag>
</tag>
<suite>
<stat name="TS 004" id="s1" pass="3" fail="0" skip="0">TS 004</stat>
</suite>
</statistics>
<errors>
<msg time="2025-05-12T12:18:26.380827" level="WARN">Imported resource file 'C:\Users\Daniel\Desktop\testování\Automatické\HlavniMenu_Navigace\015\Values.robot' is empty.</msg>
<msg time="2025-05-12T12:18:26.381607" level="WARN">Imported resource file 'C:\Users\Daniel\Desktop\testování\Automatické\HlavniMenu_Navigace\015\Inputs.robot' is empty.</msg>
<msg time="2025-05-12T12:18:26.385344" level="WARN">exexcutable_path is being deprecated. Please use service to configure the driver's executable_path as per documentation.</msg>
</errors>
</robot>
