<?xml version="1.0" encoding="UTF-8"?>
<robot generator="Robot 7.2.2 (Python 3.13.3 on win32)" generated="2025-05-12T11:52:42.559722" rpa="false" schemaversion="5">
<suite id="s1" name="TS 001" source="C:\Users\Daniel\Desktop\Nová složka (3)\TS_001.robot">
<test id="s1-t1" name="Pre-conditions" line="11">
<kw name="Otevri Prohlizec Jdi na URL a Zkontroluj" owner="Keywords">
<kw name="Open Browser" owner="SeleniumLibrary">
<msg time="2025-05-12T11:52:42.837974" level="WARN">exexcutable_path is being deprecated. Please use service to configure the driver's executable_path as per documentation.</msg>
<msg time="2025-05-12T11:52:42.838156" level="INFO">Opening browser 'Chrome' to base url 'https://pozlovice.cz/'.</msg>
<arg>${URL}</arg>
<arg>${Browser}</arg>
<arg>executable_path=C:\\Users\\Daniel\\Desktop\\testování\\chromedriver.exe</arg>
<doc>Opens a new browser instance to the optional ``url``.</doc>
<status status="PASS" start="2025-05-12T11:52:42.837708" elapsed="5.226376"/>
</kw>
<kw name="Maximize Browser Window" owner="SeleniumLibrary">
<doc>Maximizes current browser window.</doc>
<status status="PASS" start="2025-05-12T11:52:48.064728" elapsed="0.025414"/>
</kw>
<kw name="Wait Until Element Is Visible" owner="SeleniumLibrary">
<arg>${KontrolovanyElement}</arg>
<doc>Waits until the element ``locator`` is visible.</doc>
<status status="PASS" start="2025-05-12T11:52:48.090359" elapsed="0.274848"/>
</kw>
<arg>${Browser_Chrome}</arg>
<arg>${URL_MainPage}</arg>
<arg>${Button_MainPage_Login_XPath}</arg>
<status status="PASS" start="2025-05-12T11:52:42.836763" elapsed="5.528629"/>
</kw>
<status status="PASS" start="2025-05-12T11:52:42.836036" elapsed="5.529729"/>
</test>
<test id="s1-t2" name="Kontrola tlacitka" line="14">
<kw name="Zaloguj a Zkontroluj" owner="Keywords">
<kw name="Element Should Be Visible" owner="SeleniumLibrary">
<msg time="2025-05-12T11:52:48.397347" level="INFO">Element '//a[@href='/obec/obcan']' is displayed.</msg>
<arg>${ButtonObcan}</arg>
<doc>Verifies that the element identified by ``locator`` is visible.</doc>
<status status="PASS" start="2025-05-12T11:52:48.371122" elapsed="0.026377"/>
</kw>
<kw name="Click Element" owner="SeleniumLibrary">
<msg time="2025-05-12T11:52:48.398086" level="INFO">Clicking element '//a[@href='/obec/obcan']'.</msg>
<arg>${ButtonObcan}</arg>
<doc>Click the element identified by ``locator``.</doc>
<status status="PASS" start="2025-05-12T11:52:48.397802" elapsed="0.156175"/>
</kw>
<kw name="Location Should Contain" owner="SeleniumLibrary">
<msg time="2025-05-12T11:52:48.658331" level="INFO">Current location contains 'https://pozlovice.cz/obec/obcan'.</msg>
<arg>${StrankaObcan}</arg>
<doc>Verifies that the current URL contains ``expected``.</doc>
<status status="PASS" start="2025-05-12T11:52:48.554191" elapsed="0.104363"/>
</kw>
<arg>${Button_MainPage_Login_XPath}</arg>
<arg>${URL_Finish}</arg>
<status status="PASS" start="2025-05-12T11:52:48.370639" elapsed="0.288162"/>
</kw>
<status status="PASS" start="2025-05-12T11:52:48.366359" elapsed="0.292874"/>
</test>
<test id="s1-t3" name="Post-conditions" line="17">
<kw name="Close Browser" owner="SeleniumLibrary">
<doc>Closes the current browser.</doc>
<status status="PASS" start="2025-05-12T11:52:48.660685" elapsed="2.314869"/>
</kw>
<status status="PASS" start="2025-05-12T11:52:48.659924" elapsed="2.315928"/>
</test>
<status status="PASS" start="2025-05-12T11:52:42.561143" elapsed="8.415200"/>
</suite>
<statistics>
<total>
<stat pass="3" fail="0" skip="0">All Tests</stat>
</total>
<tag>
</tag>
<suite>
<stat name="TS 001" id="s1" pass="3" fail="0" skip="0">TS 001</stat>
</suite>
</statistics>
<errors>
<msg time="2025-05-12T11:52:42.837974" level="WARN">exexcutable_path is being deprecated. Please use service to configure the driver's executable_path as per documentation.</msg>
</errors>
</robot>
