<?xml version="1.0" encoding="UTF-8"?>
<robot generator="Robot 7.2.2 (Python 3.13.3 on win32)" generated="2025-05-12T13:23:14.303285" rpa="false" schemaversion="5">
<suite id="s1" name="TS 063" source="C:\Users\Daniel\Desktop\testování\Automatické\FotogalerieAVideo\063\TS_063.robot">
<test id="s1-t1" name="Pre-conditions" line="11">
<kw name="Otevri Prohlizec Jdi na URL a Zkontroluj" owner="Keywords">
<kw name="Open Browser" owner="SeleniumLibrary">
<msg time="2025-05-12T13:23:14.577679" level="WARN">exexcutable_path is being deprecated. Please use service to configure the driver's executable_path as per documentation.</msg>
<msg time="2025-05-12T13:23:14.577854" level="INFO">Opening browser 'Chrome' to base url 'https://pozlovice.cz/'.</msg>
<arg>${URL}</arg>
<arg>${Browser}</arg>
<arg>executable_path=C:\\Users\\Daniel\\Desktop\\testování\\chromedriver.exe</arg>
<doc>Opens a new browser instance to the optional ``url``.</doc>
<status status="PASS" start="2025-05-12T13:23:14.577429" elapsed="5.859480"/>
</kw>
<kw name="Maximize Browser Window" owner="SeleniumLibrary">
<doc>Maximizes current browser window.</doc>
<status status="PASS" start="2025-05-12T13:23:20.437151" elapsed="0.036996"/>
</kw>
<kw name="Wait Until Element Is Visible" owner="SeleniumLibrary">
<arg>${KontrolovanyElement}</arg>
<doc>Waits until the element ``locator`` is visible.</doc>
<status status="PASS" start="2025-05-12T13:23:20.474407" elapsed="0.090419"/>
</kw>
<arg>${Browser_Chrome}</arg>
<arg>${URL_MainPage}</arg>
<arg>${Button_Foto}</arg>
<status status="PASS" start="2025-05-12T13:23:14.576723" elapsed="5.988247"/>
</kw>
<status status="PASS" start="2025-05-12T13:23:14.576028" elapsed="5.989213"/>
</test>
<test id="s1-t2" name="Kontrola tlacitka" line="14">
<kw name="Zaloguj a Zkontroluj" owner="Keywords">
<kw name="Element Should Be Visible" owner="SeleniumLibrary">
<msg time="2025-05-12T13:23:20.590538" level="INFO">Element '//a[normalize-space()='Fotogalerie a videa']' is displayed.</msg>
<arg>${ButtonFoto}</arg>
<doc>Verifies that the element identified by ``locator`` is visible.</doc>
<status status="PASS" start="2025-05-12T13:23:20.566686" elapsed="0.023995"/>
</kw>
<kw name="Click Element" owner="SeleniumLibrary">
<msg time="2025-05-12T13:23:20.591220" level="INFO">Clicking element '//a[normalize-space()='Fotogalerie a videa']'.</msg>
<arg>${ButtonFoto}</arg>
<doc>Click the element identified by ``locator``.</doc>
<status status="PASS" start="2025-05-12T13:23:20.590914" elapsed="0.365811"/>
</kw>
<kw name="Location Should Contain" owner="SeleniumLibrary">
<msg time="2025-05-12T13:23:21.072545" level="INFO">Current location contains 'https://pozlovice.cz/obec/fotogalerie-a-video'.</msg>
<arg>${StrankaFoto}</arg>
<doc>Verifies that the current URL contains ``expected``.</doc>
<status status="PASS" start="2025-05-12T13:23:20.956988" elapsed="0.115687"/>
</kw>
<kw name="Element Should Be Visible" owner="SeleniumLibrary">
<msg time="2025-05-12T13:23:21.092168" level="INFO">Element '//a[@class='btn-rounded'][contains(text(),'Videa z příspěvků')]' is displayed.</msg>
<arg>${ButtonFoto2}</arg>
<doc>Verifies that the element identified by ``locator`` is visible.</doc>
<status status="PASS" start="2025-05-12T13:23:21.072909" elapsed="0.019418"/>
</kw>
<kw name="Click Element" owner="SeleniumLibrary">
<msg time="2025-05-12T13:23:21.092804" level="INFO">Clicking element '//a[@class='btn-rounded'][contains(text(),'Videa z příspěvků')]'.</msg>
<arg>${ButtonFoto2}</arg>
<doc>Click the element identified by ``locator``.</doc>
<status status="PASS" start="2025-05-12T13:23:21.092550" elapsed="0.650386"/>
</kw>
<kw name="Location Should Contain" owner="SeleniumLibrary">
<msg time="2025-05-12T13:23:21.745486" level="INFO">Current location contains 'https://pozlovice.cz/obec/videa'.</msg>
<arg>${StrankaFoto2}</arg>
<doc>Verifies that the current URL contains ``expected``.</doc>
<status status="PASS" start="2025-05-12T13:23:21.743126" elapsed="0.002427"/>
</kw>
<arg>${Button_Foto}</arg>
<arg>${URL_Finish}</arg>
<arg>${Button_Foto2}</arg>
<arg>${URL_Finish2}</arg>
<status status="PASS" start="2025-05-12T13:23:20.566209" elapsed="1.179426"/>
</kw>
<status status="PASS" start="2025-05-12T13:23:20.565680" elapsed="1.180182"/>
</test>
<test id="s1-t3" name="Post-conditions" line="17">
<kw name="Close Browser" owner="SeleniumLibrary">
<doc>Closes the current browser.</doc>
<status status="PASS" start="2025-05-12T13:23:21.746454" elapsed="2.264695"/>
</kw>
<status status="PASS" start="2025-05-12T13:23:21.746157" elapsed="2.265450"/>
</test>
<status status="PASS" start="2025-05-12T13:23:14.304676" elapsed="9.707589"/>
</suite>
<statistics>
<total>
<stat pass="3" fail="0" skip="0">All Tests</stat>
</total>
<tag>
</tag>
<suite>
<stat name="TS 063" id="s1" pass="3" fail="0" skip="0">TS 063</stat>
</suite>
</statistics>
<errors>
<msg time="2025-05-12T13:23:14.577679" level="WARN">exexcutable_path is being deprecated. Please use service to configure the driver's executable_path as per documentation.</msg>
</errors>
</robot>
