<?xml version="1.0" encoding="UTF-8"?>
<robot generator="Robot 7.2.2 (Python 3.13.3 on win32)" generated="2025-05-13T11:06:57.712792" rpa="false" schemaversion="5">
<suite id="s1" name="TS 001" source="C:\Users\Daniel\Desktop\testování\Automatické\Rezervace\071\TS_001.robot">
<test id="s1-t1" name="Pre-conditions" line="11">
<kw name="Otevri Prohlizec Jdi na URL a Zkontroluj" owner="Keywords">
<kw name="Open Browser" owner="SeleniumLibrary">
<msg time="2025-05-13T11:06:57.939348" level="WARN">exexcutable_path is being deprecated. Please use service to configure the driver's executable_path as per documentation.</msg>
<msg time="2025-05-13T11:06:57.939536" level="INFO">Opening browser 'Chrome' to base url 'https://pozlovice.cz/obec/rezervacni-system'.</msg>
<arg>${URL}</arg>
<arg>${Browser}</arg>
<arg>executable_path=C:\\Users\\Daniel\\Desktop\\testování\\chromedriver.exe</arg>
<doc>Opens a new browser instance to the optional ``url``.</doc>
<status status="PASS" start="2025-05-13T11:06:57.939100" elapsed="1.740398"/>
</kw>
<kw name="Maximize Browser Window" owner="SeleniumLibrary">
<doc>Maximizes current browser window.</doc>
<status status="PASS" start="2025-05-13T11:06:59.679923" elapsed="0.024558"/>
</kw>
<kw name="Wait Until Element Is Visible" owner="SeleniumLibrary">
<arg>${KontrolovanyElement}</arg>
<doc>Waits until the element ``locator`` is visible.</doc>
<status status="PASS" start="2025-05-13T11:06:59.704836" elapsed="0.060956"/>
</kw>
<arg>${Browser_Chrome}</arg>
<arg>${URL_MainPage}</arg>
<arg>${Button_Sys}</arg>
<status status="PASS" start="2025-05-13T11:06:57.938425" elapsed="1.827543"/>
</kw>
<status status="PASS" start="2025-05-13T11:06:57.937788" elapsed="1.828531"/>
</test>
<test id="s1-t2" name="Kontrola prihlaseni - Nevalidni login + heslo" line="14">
<kw name="Zaloguj a Zkontroluj" owner="Keywords">
<kw name="Element Should Be Visible" owner="SeleniumLibrary">
<msg time="2025-05-13T11:06:59.783759" level="INFO">Element '//a[@href='https://pozlovice.rezervace.online/']' is displayed.</msg>
<arg>${Button_Sys}</arg>
<doc>Verifies that the element identified by ``locator`` is visible.</doc>
<status status="PASS" start="2025-05-13T11:06:59.768539" elapsed="0.015350"/>
</kw>
<kw name="Get Window Handles" owner="SeleniumLibrary">
<msg time="2025-05-13T11:06:59.785371" level="INFO">${OldWindows} = ['DA825B02C34164131664FFFF229A56C5']</msg>
<var>${OldWindows}</var>
<doc>Returns all child window handles of the selected browser as a list.</doc>
<status status="PASS" start="2025-05-13T11:06:59.784099" elapsed="0.001315"/>
</kw>
<kw name="Click Element" owner="SeleniumLibrary">
<msg time="2025-05-13T11:06:59.785791" level="INFO">Clicking element '//a[@href='https://pozlovice.rezervace.online/']'.</msg>
<arg>${Button_Sys}</arg>
<doc>Click the element identified by ``locator``.</doc>
<status status="PASS" start="2025-05-13T11:06:59.785570" elapsed="0.129873"/>
</kw>
<kw name="Wait Until Keyword Succeeds" owner="BuiltIn">
<kw name="Window Handle Should Change" owner="Keywords">
<kw name="Get Window Handles" owner="SeleniumLibrary">
<msg time="2025-05-13T11:06:59.945137" level="INFO">${CurrentWindows} = ['DA825B02C34164131664FFFF229A56C5', '91723A1E9EBC2B40F0B54CF06D860461']</msg>
<var>${CurrentWindows}</var>
<doc>Returns all child window handles of the selected browser as a list.</doc>
<status status="PASS" start="2025-05-13T11:06:59.916996" elapsed="0.028221"/>
</kw>
<kw name="Get Length" owner="BuiltIn">
<msg time="2025-05-13T11:06:59.945731" level="INFO">Length is 1.</msg>
<msg time="2025-05-13T11:06:59.945843" level="INFO">${old_len} = 1</msg>
<var>${old_len}</var>
<arg>${OldWindows}</arg>
<doc>Returns and logs the length of the given item as an integer.</doc>
<status status="PASS" start="2025-05-13T11:06:59.945450" elapsed="0.000427"/>
</kw>
<kw name="Get Length" owner="BuiltIn">
<msg time="2025-05-13T11:06:59.946231" level="INFO">Length is 2.</msg>
<msg time="2025-05-13T11:06:59.946316" level="INFO">${new_len} = 2</msg>
<var>${new_len}</var>
<arg>${CurrentWindows}</arg>
<doc>Returns and logs the length of the given item as an integer.</doc>
<status status="PASS" start="2025-05-13T11:06:59.946064" elapsed="0.000281"/>
</kw>
<kw name="Should Be True" owner="BuiltIn">
<arg>${new_len} &gt; ${old_len}</arg>
<doc>Fails if the given condition is not true.</doc>
<status status="PASS" start="2025-05-13T11:06:59.946513" elapsed="0.000484"/>
</kw>
<arg>${OldWindows}</arg>
<status status="PASS" start="2025-05-13T11:06:59.916482" elapsed="0.030683"/>
</kw>
<arg>10x</arg>
<arg>1s</arg>
<arg>Window Handle Should Change</arg>
<arg>${OldWindows}</arg>
<doc>Runs the specified keyword and retries if it fails.</doc>
<status status="PASS" start="2025-05-13T11:06:59.915860" elapsed="0.031436"/>
</kw>
<kw name="Get Window Handles" owner="SeleniumLibrary">
<msg time="2025-05-13T11:06:59.949607" level="INFO">${AllWindows} = ['DA825B02C34164131664FFFF229A56C5', '91723A1E9EBC2B40F0B54CF06D860461']</msg>
<var>${AllWindows}</var>
<doc>Returns all child window handles of the selected browser as a list.</doc>
<status status="PASS" start="2025-05-13T11:06:59.947566" elapsed="0.002100"/>
</kw>
<kw name="Get New Window Handle" owner="Keywords">
<for flavor="IN">
<iter>
<kw name="Run Keyword If" owner="BuiltIn">
<arg>'${handle}' not in ${OldHandles}</arg>
<arg>Return From Keyword</arg>
<arg>${handle}</arg>
<doc>Runs the given keyword with the given arguments, if ``condition`` is true.</doc>
<status status="PASS" start="2025-05-13T11:06:59.950633" elapsed="0.000247"/>
</kw>
<var name="${handle}">DA825B02C34164131664FFFF229A56C5</var>
<status status="PASS" start="2025-05-13T11:06:59.950476" elapsed="0.000471"/>
</iter>
<iter>
<kw name="Run Keyword If" owner="BuiltIn">
<kw name="Return From Keyword" owner="BuiltIn">
<msg time="2025-05-13T11:06:59.951532" level="INFO">Returning from the enclosing user keyword.</msg>
<arg>${handle}</arg>
<doc>Returns from the enclosing user keyword.</doc>
<status status="PASS" start="2025-05-13T11:06:59.951446" elapsed="0.000181"/>
</kw>
<arg>'${handle}' not in ${OldHandles}</arg>
<arg>Return From Keyword</arg>
<arg>${handle}</arg>
<doc>Runs the given keyword with the given arguments, if ``condition`` is true.</doc>
<status status="PASS" start="2025-05-13T11:06:59.951180" elapsed="0.000518"/>
</kw>
<var name="${handle}">91723A1E9EBC2B40F0B54CF06D860461</var>
<status status="PASS" start="2025-05-13T11:06:59.951073" elapsed="0.000682"/>
</iter>
<var>${handle}</var>
<value>@{NewHandles}</value>
<status status="PASS" start="2025-05-13T11:06:59.950291" elapsed="0.001526"/>
</for>
<msg time="2025-05-13T11:06:59.951974" level="INFO">${NewWindow} = 91723A1E9EBC2B40F0B54CF06D860461</msg>
<var>${NewWindow}</var>
<arg>${OldWindows}</arg>
<arg>${AllWindows}</arg>
<status status="PASS" start="2025-05-13T11:06:59.949948" elapsed="0.002056"/>
</kw>
<kw name="Switch Window" owner="SeleniumLibrary">
<arg>${NewWindow}</arg>
<doc>Switches to browser window matching ``locator``.</doc>
<status status="PASS" start="2025-05-13T11:06:59.952135" elapsed="0.097877"/>
</kw>
<kw name="Sleep" owner="BuiltIn">
<msg time="2025-05-13T11:07:03.051088" level="INFO">Slept 3 seconds.</msg>
<arg>3s</arg>
<doc>Pauses the test executed for the given time.</doc>
<status status="PASS" start="2025-05-13T11:07:00.050405" elapsed="3.000921"/>
</kw>
<kw name="Location Should Contain" owner="SeleniumLibrary">
<msg time="2025-05-13T11:07:03.056250" level="INFO">Current location contains 'https://pozlovice.rezervace.online/cs/terms'.</msg>
<arg>${StrankaSys}</arg>
<doc>Verifies that the current URL contains ``expected``.</doc>
<status status="PASS" start="2025-05-13T11:07:03.051699" elapsed="0.004639"/>
</kw>
<kw name="Element Should Be Visible" owner="SeleniumLibrary">
<msg time="2025-05-13T11:07:03.070301" level="INFO">Element '//a[normalize-space()='Registrace']' is displayed.</msg>
<arg>${Button_Reg}</arg>
<doc>Verifies that the element identified by ``locator`` is visible.</doc>
<status status="PASS" start="2025-05-13T11:07:03.056499" elapsed="0.013903"/>
</kw>
<kw name="Click Element" owner="SeleniumLibrary">
<msg time="2025-05-13T11:07:03.070962" level="INFO">Clicking element '//a[normalize-space()='Registrace']'.</msg>
<arg>${Button_Reg}</arg>
<doc>Click the element identified by ``locator``.</doc>
<status status="PASS" start="2025-05-13T11:07:03.070743" elapsed="0.043595"/>
</kw>
<kw name="Sleep" owner="BuiltIn">
<msg time="2025-05-13T11:07:05.115210" level="INFO">Slept 2 seconds.</msg>
<arg>2s</arg>
<doc>Pauses the test executed for the given time.</doc>
<status status="PASS" start="2025-05-13T11:07:03.114552" elapsed="2.000839"/>
</kw>
<kw name="Location Should Contain" owner="SeleniumLibrary">
<msg time="2025-05-13T11:07:05.119046" level="INFO">Current location contains 'https://pozlovice.rezervace.online/cs/account/register'.</msg>
<arg>${StrankaReg}</arg>
<doc>Verifies that the current URL contains ``expected``.</doc>
<status status="PASS" start="2025-05-13T11:07:05.115671" elapsed="0.003455"/>
</kw>
<kw name="Element Should Be Visible" owner="SeleniumLibrary">
<msg time="2025-05-13T11:07:05.131761" level="INFO">Element '//input[@id='dynamic-form-control-0']' is displayed.</msg>
<arg>${Input_email}</arg>
<doc>Verifies that the element identified by ``locator`` is visible.</doc>
<status status="PASS" start="2025-05-13T11:07:05.119279" elapsed="0.012580"/>
</kw>
<kw name="Element Should Be Visible" owner="SeleniumLibrary">
<msg time="2025-05-13T11:07:05.142941" level="INFO">Element '//input[@id='dynamic-form-control-1']' is displayed.</msg>
<arg>${Input_heslo}</arg>
<doc>Verifies that the element identified by ``locator`` is visible.</doc>
<status status="PASS" start="2025-05-13T11:07:05.132025" elapsed="0.011012"/>
</kw>
<kw name="Element Should Be Visible" owner="SeleniumLibrary">
<msg time="2025-05-13T11:07:05.153733" level="INFO">Element '//input[@id='dynamic-form-control-2']' is displayed.</msg>
<arg>${Input_hesloVerify}</arg>
<doc>Verifies that the element identified by ``locator`` is visible.</doc>
<status status="PASS" start="2025-05-13T11:07:05.143206" elapsed="0.010624"/>
</kw>
<kw name="Element Should Be Visible" owner="SeleniumLibrary">
<msg time="2025-05-13T11:07:05.164794" level="INFO">Element '//input[@id='dynamic-form-control-3']' is displayed.</msg>
<arg>${Input_jmeno}</arg>
<doc>Verifies that the element identified by ``locator`` is visible.</doc>
<status status="PASS" start="2025-05-13T11:07:05.153995" elapsed="0.010901"/>
</kw>
<kw name="Element Should Be Visible" owner="SeleniumLibrary">
<msg time="2025-05-13T11:07:05.176010" level="INFO">Element '//input[@id='dynamic-form-control-4']' is displayed.</msg>
<arg>${Input_prijmeni}</arg>
<doc>Verifies that the element identified by ``locator`` is visible.</doc>
<status status="PASS" start="2025-05-13T11:07:05.165070" elapsed="0.011034"/>
</kw>
<kw name="Element Should Be Visible" owner="SeleniumLibrary">
<msg time="2025-05-13T11:07:05.186749" level="INFO">Element '//input[@id='dynamic-form-control-5']' is displayed.</msg>
<arg>${Input_tel}</arg>
<doc>Verifies that the element identified by ``locator`` is visible.</doc>
<status status="PASS" start="2025-05-13T11:07:05.176272" elapsed="0.010574"/>
</kw>
<kw name="Input Text" owner="SeleniumLibrary">
<msg time="2025-05-13T11:07:05.187234" level="INFO">Typing text 'testik@pes' into text field '//input[@id='dynamic-form-control-0']'.</msg>
<arg>${Input_email}</arg>
<arg>${Value_NevalidniEmail}</arg>
<doc>Types the given ``text`` into the text field identified by ``locator``.</doc>
<status status="PASS" start="2025-05-13T11:07:05.187008" elapsed="0.079003"/>
</kw>
<kw name="Input Text" owner="SeleniumLibrary">
<msg time="2025-05-13T11:07:05.266493" level="INFO">Typing text 'pepa1234' into text field '//input[@id='dynamic-form-control-1']'.</msg>
<arg>${Input_heslo}</arg>
<arg>${Value_Validniheslo}</arg>
<doc>Types the given ``text`` into the text field identified by ``locator``.</doc>
<status status="PASS" start="2025-05-13T11:07:05.266215" elapsed="0.065520"/>
</kw>
<kw name="Input Text" owner="SeleniumLibrary">
<msg time="2025-05-13T11:07:05.332175" level="INFO">Typing text 'pepa1234' into text field '//input[@id='dynamic-form-control-2']'.</msg>
<arg>${Input_hesloVerify}</arg>
<arg>${Value_Validniheslo}</arg>
<doc>Types the given ``text`` into the text field identified by ``locator``.</doc>
<status status="PASS" start="2025-05-13T11:07:05.331933" elapsed="0.058913"/>
</kw>
<kw name="Input Text" owner="SeleniumLibrary">
<msg time="2025-05-13T11:07:05.391449" level="INFO">Typing text 'Daniel' into text field '//input[@id='dynamic-form-control-3']'.</msg>
<arg>${Input_jmeno}</arg>
<arg>${Value_Validnijmeno}</arg>
<doc>Types the given ``text`` into the text field identified by ``locator``.</doc>
<status status="PASS" start="2025-05-13T11:07:05.391115" elapsed="0.060585"/>
</kw>
<kw name="Input Text" owner="SeleniumLibrary">
<msg time="2025-05-13T11:07:05.452410" level="INFO">Typing text 'Kubicek' into text field '//input[@id='dynamic-form-control-4']'.</msg>
<arg>${Input_prijmeni}</arg>
<arg>${Value_Validniprijmeni}</arg>
<doc>Types the given ``text`` into the text field identified by ``locator``.</doc>
<status status="PASS" start="2025-05-13T11:07:05.452000" elapsed="0.062485"/>
</kw>
<kw name="Input Text" owner="SeleniumLibrary">
<msg time="2025-05-13T11:07:05.515266" level="INFO">Typing text '123456789' into text field '//input[@id='dynamic-form-control-5']'.</msg>
<arg>${Input_tel}</arg>
<arg>${Value_ValidniTelefon}</arg>
<doc>Types the given ``text`` into the text field identified by ``locator``.</doc>
<status status="PASS" start="2025-05-13T11:07:05.514824" elapsed="0.070887"/>
</kw>
<kw name="Element Should Be Visible" owner="SeleniumLibrary">
<msg time="2025-05-13T11:07:05.601449" level="INFO">Element '//button[@type='submit']' is displayed.</msg>
<arg>${Button_FinalReg}</arg>
<doc>Verifies that the element identified by ``locator`` is visible.</doc>
<status status="PASS" start="2025-05-13T11:07:05.585989" elapsed="0.015580"/>
</kw>
<kw name="Click Element" owner="SeleniumLibrary">
<msg time="2025-05-13T11:07:05.602095" level="INFO">Clicking element '//button[@type='submit']'.</msg>
<arg>${Button_FinalReg}</arg>
<doc>Click the element identified by ``locator``.</doc>
<status status="PASS" start="2025-05-13T11:07:05.601774" elapsed="0.058748"/>
</kw>
<kw name="Wait Until Element Is Visible" owner="SeleniumLibrary">
<arg>${SpatneUdaje}</arg>
<doc>Waits until the element ``locator`` is visible.</doc>
<status status="PASS" start="2025-05-13T11:07:05.660812" elapsed="0.223864"/>
</kw>
<arg>${Button_Sys}</arg>
<arg>${URL_Sys}</arg>
<arg>${Button_Reg}</arg>
<arg>${URL_Reg}</arg>
<arg>${Input_email}</arg>
<arg>${Input_heslo}</arg>
<arg>${Input_hesloVerify}</arg>
<arg>${Input_jmeno}</arg>
<arg>${Input_prijmeni}</arg>
<arg>${Input_tel}</arg>
<arg>${Value_NevalidniEmail}</arg>
<arg>${Value_Validniheslo}</arg>
<arg>${Value_Validnijmeno}</arg>
<arg>${Value_Validniprijmeni}</arg>
<arg>${Value_ValidniTelefon}</arg>
<arg>${Button_FinalReg}</arg>
<arg>${SpatneUdaje}</arg>
<status status="PASS" start="2025-05-13T11:06:59.767694" elapsed="6.117098"/>
</kw>
<status status="PASS" start="2025-05-13T11:06:59.766919" elapsed="6.118152"/>
</test>
<test id="s1-t3" name="Post-conditions" line="17">
<kw name="Close Browser" owner="SeleniumLibrary">
<doc>Closes the current browser.</doc>
<status status="PASS" start="2025-05-13T11:07:05.885751" elapsed="2.257953"/>
</kw>
<status status="PASS" start="2025-05-13T11:07:05.885435" elapsed="2.258778"/>
</test>
<status status="PASS" start="2025-05-13T11:06:57.714129" elapsed="10.430971"/>
</suite>
<statistics>
<total>
<stat pass="3" fail="0" skip="0">All Tests</stat>
</total>
<tag>
</tag>
<suite>
<stat name="TS 001" id="s1" pass="3" fail="0" skip="0">TS 001</stat>
</suite>
</statistics>
<errors>
<msg time="2025-05-13T11:06:57.939348" level="WARN">exexcutable_path is being deprecated. Please use service to configure the driver's executable_path as per documentation.</msg>
</errors>
</robot>
