<?xml version="1.0" encoding="UTF-8"?>
<robot generator="Robot 7.2.2 (Python 3.13.3 on win32)" generated="2025-05-13T11:57:00.575833" rpa="false" schemaversion="5">
<suite id="s1" name="TS 017" source="C:\Users\Daniel\Desktop\testování\Automatické\HlavniMenu_Navigace\017\TS_017.robot">
<test id="s1-t1" name="Pre-conditions" line="11">
<kw name="Otevri Prohlizec Jdi na URL a Zkontroluj" owner="Keywords">
<kw name="Open Browser" owner="SeleniumLibrary">
<msg time="2025-05-13T11:57:01.035469" level="WARN">exexcutable_path is being deprecated. Please use service to configure the driver's executable_path as per documentation.</msg>
<msg time="2025-05-13T11:57:01.035830" level="INFO">Opening browser 'Chrome' to base url 'https://pozlovice.cz/'.</msg>
<arg>${URL}</arg>
<arg>${Browser}</arg>
<arg>executable_path=C:\\Users\\Daniel\\Desktop\\testování\\chromedriver.exe</arg>
<doc>Opens a new browser instance to the optional ``url``.</doc>
<status status="PASS" start="2025-05-13T11:57:01.035099" elapsed="7.158477"/>
</kw>
<kw name="Maximize Browser Window" owner="SeleniumLibrary">
<doc>Maximizes current browser window.</doc>
<status status="PASS" start="2025-05-13T11:57:08.193839" elapsed="0.052227"/>
</kw>
<kw name="Wait Until Element Is Visible" owner="SeleniumLibrary">
<arg>${KontrolovanyElement}</arg>
<doc>Waits until the element ``locator`` is visible.</doc>
<status status="PASS" start="2025-05-13T11:57:08.246290" elapsed="0.142419"/>
</kw>
<arg>${Browser_Chrome}</arg>
<arg>${URL_MainPage}</arg>
<arg>${Button_Novinka}</arg>
<status status="PASS" start="2025-05-13T11:57:01.034139" elapsed="7.354729"/>
</kw>
<status status="PASS" start="2025-05-13T11:57:01.032827" elapsed="7.356343"/>
</test>
<test id="s1-t2" name="Kontrola tlacitka" line="14">
<kw name="Zaloguj a Zkontroluj" owner="Keywords">
<kw name="Element Should Be Visible" owner="SeleniumLibrary">
<msg time="2025-05-13T11:57:08.424342" level="INFO">Element '//h4[contains(text(),'Mobilní hospicová péče')]' is displayed.</msg>
<arg>${ButtonNovinka}</arg>
<doc>Verifies that the element identified by ``locator`` is visible.</doc>
<status status="PASS" start="2025-05-13T11:57:08.390751" elapsed="0.033849"/>
</kw>
<kw name="Click Element" owner="SeleniumLibrary">
<msg time="2025-05-13T11:57:08.425341" level="INFO">Clicking element '//h4[contains(text(),'Mobilní hospicová péče')]'.</msg>
<arg>${ButtonNovinka}</arg>
<doc>Click the element identified by ``locator``.</doc>
<status status="PASS" start="2025-05-13T11:57:08.424945" elapsed="0.407991"/>
</kw>
<kw name="Location Should Contain" owner="SeleniumLibrary">
<msg time="2025-05-13T11:57:09.706118" level="INFO">Current location contains 'https://pozlovice.cz/obec/aktualita/974'.</msg>
<arg>${StrankaNovinka}</arg>
<doc>Verifies that the current URL contains ``expected``.</doc>
<status status="PASS" start="2025-05-13T11:57:08.833190" elapsed="0.873061"/>
</kw>
<kw name="Element Should Be Visible" owner="SeleniumLibrary">
<msg time="2025-05-13T11:57:09.722718" level="INFO">Element '//img[@alt='letak_pahop']' is displayed.</msg>
<arg>${ButtonFoto}</arg>
<doc>Verifies that the element identified by ``locator`` is visible.</doc>
<status status="PASS" start="2025-05-13T11:57:09.706467" elapsed="0.016358"/>
</kw>
<kw name="Click Element" owner="SeleniumLibrary">
<msg time="2025-05-13T11:57:09.723220" level="INFO">Clicking element '//img[@alt='letak_pahop']'.</msg>
<arg>${ButtonFoto}</arg>
<doc>Click the element identified by ``locator``.</doc>
<status status="PASS" start="2025-05-13T11:57:09.723003" elapsed="0.070707"/>
</kw>
<kw name="Location Should Contain" owner="SeleniumLibrary">
<msg time="2025-05-13T11:57:09.798618" level="INFO">Current location contains 'https://pozlovice.cz/obec/aktualita/974#lg=1&amp;slide=0'.</msg>
<arg>${StrankaFoto}</arg>
<doc>Verifies that the current URL contains ``expected``.</doc>
<status status="PASS" start="2025-05-13T11:57:09.794061" elapsed="0.004679"/>
</kw>
<arg>${Button_Novinka}</arg>
<arg>${URL_Finish1}</arg>
<arg>${Button_Foto}</arg>
<arg>${URL_Finish2}</arg>
<status status="PASS" start="2025-05-13T11:57:08.390301" elapsed="1.408566"/>
</kw>
<status status="PASS" start="2025-05-13T11:57:08.389696" elapsed="1.409501"/>
</test>
<test id="s1-t3" name="Post-conditions" line="17">
<kw name="Close Browser" owner="SeleniumLibrary">
<doc>Closes the current browser.</doc>
<status status="PASS" start="2025-05-13T11:57:09.800036" elapsed="2.285011"/>
</kw>
<status status="PASS" start="2025-05-13T11:57:09.799617" elapsed="2.285749"/>
</test>
<status status="PASS" start="2025-05-13T11:57:00.577593" elapsed="11.508288"/>
</suite>
<statistics>
<total>
<stat pass="3" fail="0" skip="0">All Tests</stat>
</total>
<tag>
</tag>
<suite>
<stat name="TS 017" id="s1" pass="3" fail="0" skip="0">TS 017</stat>
</suite>
</statistics>
<errors>
<msg time="2025-05-13T11:57:01.014655" level="WARN">Imported resource file 'C:\Users\Daniel\Desktop\testování\Automatické\HlavniMenu_Navigace\017\Values.robot' is empty.</msg>
<msg time="2025-05-13T11:57:01.015816" level="WARN">Imported resource file 'C:\Users\Daniel\Desktop\testování\Automatické\HlavniMenu_Navigace\017\Inputs.robot' is empty.</msg>
<msg time="2025-05-13T11:57:01.035469" level="WARN">exexcutable_path is being deprecated. Please use service to configure the driver's executable_path as per documentation.</msg>
</errors>
</robot>
