<?xml version="1.0" encoding="UTF-8"?>
<robot generator="Robot 7.2.2 (Python 3.13.3 on win32)" generated="2025-05-13T10:22:36.906544" rpa="false" schemaversion="5">
<suite id="s1" name="TS 036" source="C:\Users\Daniel\Desktop\testování\Automatické\SpolkyAInstituce\036\TS_036.robot">
<test id="s1-t1" name="Pre-conditions" line="11">
<kw name="Otevri Prohlizec Jdi na URL a Zkontroluj" owner="Keywords">
<kw name="Open Browser" owner="SeleniumLibrary">
<msg time="2025-05-13T10:22:37.176393" level="WARN">exexcutable_path is being deprecated. Please use service to configure the driver's executable_path as per documentation.</msg>
<msg time="2025-05-13T10:22:37.176625" level="INFO">Opening browser 'Chrome' to base url 'https://pozlovice.cz/'.</msg>
<arg>${URL}</arg>
<arg>${Browser}</arg>
<arg>executable_path=C:\\Users\\Daniel\\Desktop\\testování\\chromedriver.exe</arg>
<doc>Opens a new browser instance to the optional ``url``.</doc>
<status status="PASS" start="2025-05-13T10:22:37.176109" elapsed="5.720119"/>
</kw>
<kw name="Maximize Browser Window" owner="SeleniumLibrary">
<doc>Maximizes current browser window.</doc>
<status status="PASS" start="2025-05-13T10:22:42.896491" elapsed="0.048368"/>
</kw>
<kw name="Wait Until Element Is Visible" owner="SeleniumLibrary">
<arg>${KontrolovanyElement}</arg>
<doc>Waits until the element ``locator`` is visible.</doc>
<status status="PASS" start="2025-05-13T10:22:42.945175" elapsed="0.082712"/>
</kw>
<arg>${Browser_Chrome}</arg>
<arg>${URL_MainPage}</arg>
<arg>${Button_Spolky}</arg>
<status status="PASS" start="2025-05-13T10:22:37.175376" elapsed="5.852698"/>
</kw>
<status status="PASS" start="2025-05-13T10:22:37.174745" elapsed="5.853692"/>
</test>
<test id="s1-t2" name="Kontrola tlacitka" line="14">
<kw name="Zaloguj a Zkontroluj" owner="Keywords">
<kw name="Element Should Be Visible" owner="SeleniumLibrary">
<msg time="2025-05-13T10:22:43.189617" level="INFO">Element '//a[@class='hbi-item'][normalize-space()='Spolky a instituce']' is displayed.</msg>
<arg>${ButtonSpolky}</arg>
<doc>Verifies that the element identified by ``locator`` is visible.</doc>
<status status="PASS" start="2025-05-13T10:22:43.030275" elapsed="0.159464"/>
</kw>
<kw name="Click Element" owner="SeleniumLibrary">
<msg time="2025-05-13T10:22:43.190252" level="INFO">Clicking element '//a[@class='hbi-item'][normalize-space()='Spolky a instituce']'.</msg>
<arg>${ButtonSpolky}</arg>
<doc>Click the element identified by ``locator``.</doc>
<status status="PASS" start="2025-05-13T10:22:43.189966" elapsed="0.295730"/>
</kw>
<kw name="Location Should Contain" owner="SeleniumLibrary">
<msg time="2025-05-13T10:22:43.641109" level="INFO">Current location contains 'https://pozlovice.cz/spolky-instituce'.</msg>
<arg>${StrankaSpolky}</arg>
<doc>Verifies that the current URL contains ``expected``.</doc>
<status status="PASS" start="2025-05-13T10:22:43.486048" elapsed="0.155261"/>
</kw>
<kw name="Element Should Be Visible" owner="SeleniumLibrary">
<msg time="2025-05-13T10:22:43.662060" level="INFO">Element '//h3[normalize-space()='SK Pozlovice']' is displayed.</msg>
<arg>${ButtonSK}</arg>
<doc>Verifies that the element identified by ``locator`` is visible.</doc>
<status status="PASS" start="2025-05-13T10:22:43.641653" elapsed="0.020533"/>
</kw>
<kw name="Click Element" owner="SeleniumLibrary">
<msg time="2025-05-13T10:22:43.662901" level="INFO">Clicking element '//h3[normalize-space()='SK Pozlovice']'.</msg>
<arg>${ButtonSK}</arg>
<doc>Click the element identified by ``locator``.</doc>
<status status="PASS" start="2025-05-13T10:22:43.662511" elapsed="0.487942"/>
</kw>
<kw name="Location Should Contain" owner="SeleniumLibrary">
<msg time="2025-05-13T10:22:44.154750" level="INFO">Current location contains 'https://pozlovice.cz/spol/sk-pozlovice'.</msg>
<arg>${StrankaSK}</arg>
<doc>Verifies that the current URL contains ``expected``.</doc>
<status status="PASS" start="2025-05-13T10:22:44.150677" elapsed="0.004186"/>
</kw>
<arg>${Button_Spolky}</arg>
<arg>${URL_Finish}</arg>
<arg>${Button_SK}</arg>
<arg>${URL_Finish2}</arg>
<status status="PASS" start="2025-05-13T10:22:43.029689" elapsed="1.125292"/>
</kw>
<status status="PASS" start="2025-05-13T10:22:43.029017" elapsed="1.126230"/>
</test>
<test id="s1-t3" name="Post-conditions" line="17">
<kw name="Close Browser" owner="SeleniumLibrary">
<doc>Closes the current browser.</doc>
<status status="PASS" start="2025-05-13T10:22:44.156030" elapsed="2.265371"/>
</kw>
<status status="PASS" start="2025-05-13T10:22:44.155658" elapsed="2.266345"/>
</test>
<status status="PASS" start="2025-05-13T10:22:36.907975" elapsed="9.514725"/>
</suite>
<statistics>
<total>
<stat pass="3" fail="0" skip="0">All Tests</stat>
</total>
<tag>
</tag>
<suite>
<stat name="TS 036" id="s1" pass="3" fail="0" skip="0">TS 036</stat>
</suite>
</statistics>
<errors>
<msg time="2025-05-13T10:22:37.172457" level="WARN">Imported resource file 'C:\Users\Daniel\Desktop\testování\Automatické\SpolkyAInstituce\036\Inputs.robot' is empty.</msg>
<msg time="2025-05-13T10:22:37.176393" level="WARN">exexcutable_path is being deprecated. Please use service to configure the driver's executable_path as per documentation.</msg>
</errors>
</robot>
