<?xml version="1.0" encoding="UTF-8"?>
<robot generator="Robot 7.2.2 (Python 3.13.3 on win32)" generated="2025-05-12T13:30:17.071285" rpa="false" schemaversion="5">
<suite id="s1" name="TS 064" source="C:\Users\Daniel\Desktop\testování\Automatické\FotogalerieAVideo\064\TS_064.robot">
<test id="s1-t1" name="Pre-conditions" line="11">
<kw name="Otevri Prohlizec Jdi na URL a Zkontroluj" owner="Keywords">
<kw name="Open Browser" owner="SeleniumLibrary">
<msg time="2025-05-12T13:30:17.325170" level="WARN">exexcutable_path is being deprecated. Please use service to configure the driver's executable_path as per documentation.</msg>
<msg time="2025-05-12T13:30:17.325398" level="INFO">Opening browser 'Chrome' to base url 'https://pozlovice.cz/'.</msg>
<arg>${URL}</arg>
<arg>${Browser}</arg>
<arg>executable_path=C:\\Users\\Daniel\\Desktop\\testování\\chromedriver.exe</arg>
<doc>Opens a new browser instance to the optional ``url``.</doc>
<status status="PASS" start="2025-05-12T13:30:17.324901" elapsed="5.059532"/>
</kw>
<kw name="Maximize Browser Window" owner="SeleniumLibrary">
<doc>Maximizes current browser window.</doc>
<status status="PASS" start="2025-05-12T13:30:22.384718" elapsed="0.049259"/>
</kw>
<kw name="Wait Until Element Is Visible" owner="SeleniumLibrary">
<arg>${KontrolovanyElement}</arg>
<doc>Waits until the element ``locator`` is visible.</doc>
<status status="PASS" start="2025-05-12T13:30:22.434308" elapsed="0.061291"/>
</kw>
<arg>${Browser_Chrome}</arg>
<arg>${URL_MainPage}</arg>
<arg>${Button_Foto}</arg>
<status status="PASS" start="2025-05-12T13:30:17.324208" elapsed="5.171541"/>
</kw>
<status status="PASS" start="2025-05-12T13:30:17.323509" elapsed="5.172517"/>
</test>
<test id="s1-t2" name="Kontrola tlacitka" line="14">
<kw name="Zaloguj a Zkontroluj" owner="Keywords">
<kw name="Element Should Be Visible" owner="SeleniumLibrary">
<msg time="2025-05-12T13:30:22.591141" level="INFO">Element '//a[normalize-space()='Fotogalerie a videa']' is displayed.</msg>
<arg>${ButtonFoto}</arg>
<doc>Verifies that the element identified by ``locator`` is visible.</doc>
<status status="PASS" start="2025-05-12T13:30:22.497643" elapsed="0.093608"/>
</kw>
<kw name="Click Element" owner="SeleniumLibrary">
<msg time="2025-05-12T13:30:22.591671" level="INFO">Clicking element '//a[normalize-space()='Fotogalerie a videa']'.</msg>
<arg>${ButtonFoto}</arg>
<doc>Click the element identified by ``locator``.</doc>
<status status="PASS" start="2025-05-12T13:30:22.591433" elapsed="0.244981"/>
</kw>
<kw name="Location Should Contain" owner="SeleniumLibrary">
<msg time="2025-05-12T13:30:22.935568" level="INFO">Current location contains 'https://pozlovice.cz/obec/fotogalerie-a-video'.</msg>
<arg>${StrankaFoto}</arg>
<doc>Verifies that the current URL contains ``expected``.</doc>
<status status="PASS" start="2025-05-12T13:30:22.836734" elapsed="0.099013"/>
</kw>
<kw name="Element Should Be Visible" owner="SeleniumLibrary">
<msg time="2025-05-12T13:30:22.954622" level="INFO">Element '//a[@class='btn-rounded'][contains(text(),'Videa z příspěvků')]' is displayed.</msg>
<arg>${ButtonFoto2}</arg>
<doc>Verifies that the element identified by ``locator`` is visible.</doc>
<status status="PASS" start="2025-05-12T13:30:22.936074" elapsed="0.018676"/>
</kw>
<kw name="Click Element" owner="SeleniumLibrary">
<msg time="2025-05-12T13:30:22.955197" level="INFO">Clicking element '//a[@class='btn-rounded'][contains(text(),'Videa z příspěvků')]'.</msg>
<arg>${ButtonFoto2}</arg>
<doc>Click the element identified by ``locator``.</doc>
<status status="PASS" start="2025-05-12T13:30:22.954949" elapsed="0.298778"/>
</kw>
<kw name="Location Should Contain" owner="SeleniumLibrary">
<msg time="2025-05-12T13:30:23.517330" level="INFO">Current location contains 'https://pozlovice.cz/obec/videa'.</msg>
<arg>${StrankaFoto2}</arg>
<doc>Verifies that the current URL contains ``expected``.</doc>
<status status="PASS" start="2025-05-12T13:30:23.253934" elapsed="0.263551"/>
</kw>
<kw name="Element Should Be Visible" owner="SeleniumLibrary">
<msg time="2025-05-12T13:30:23.536903" level="INFO">Element '//h5[@class='card-title']' is displayed.</msg>
<arg>${ButtonFoto3}</arg>
<doc>Verifies that the element identified by ``locator`` is visible.</doc>
<status status="PASS" start="2025-05-12T13:30:23.517752" elapsed="0.019319"/>
</kw>
<kw name="Click Element" owner="SeleniumLibrary">
<msg time="2025-05-12T13:30:23.537707" level="INFO">Clicking element '//h5[@class='card-title']'.</msg>
<arg>${ButtonFoto3}</arg>
<doc>Click the element identified by ``locator``.</doc>
<status status="PASS" start="2025-05-12T13:30:23.537360" elapsed="0.579020"/>
</kw>
<kw name="Location Should Contain" owner="SeleniumLibrary">
<msg time="2025-05-12T13:30:24.118871" level="INFO">Current location contains 'https://pozlovice.cz/obec/p887-kost-slivovice-a-ochutnavka-medu-z-luhacovskeho-zalesi'.</msg>
<arg>${StrankaFoto3}</arg>
<doc>Verifies that the current URL contains ``expected``.</doc>
<status status="PASS" start="2025-05-12T13:30:24.116570" elapsed="0.002373"/>
</kw>
<kw name="Execute Javascript" owner="SeleniumLibrary">
<msg time="2025-05-12T13:30:24.119389" level="INFO">Executing JavaScript:
document.querySelector("video").play();
Without any arguments.</msg>
<arg>document.querySelector("video").play();</arg>
<doc>Executes the given JavaScript code with possible arguments.</doc>
<status status="PASS" start="2025-05-12T13:30:24.119082" elapsed="0.007480"/>
</kw>
<kw name="Execute Javascript" owner="SeleniumLibrary">
<msg time="2025-05-12T13:30:24.127410" level="INFO">Executing JavaScript:
return document.querySelector("video").paused === false;
Without any arguments.</msg>
<msg time="2025-05-12T13:30:24.142558" level="INFO">${is_playing} = True</msg>
<var>${is_playing}</var>
<arg>return document.querySelector("video").paused === false;</arg>
<doc>Executes the given JavaScript code with possible arguments.</doc>
<status status="PASS" start="2025-05-12T13:30:24.126899" elapsed="0.015712"/>
</kw>
<kw name="Should Be True" owner="BuiltIn">
<arg>${is_playing}</arg>
<arg>Video by mělo být přehráváno</arg>
<doc>Fails if the given condition is not true.</doc>
<status status="PASS" start="2025-05-12T13:30:24.142867" elapsed="0.000325"/>
</kw>
<kw name="Execute Javascript" owner="SeleniumLibrary">
<msg time="2025-05-12T13:30:24.143953" level="INFO">Executing JavaScript:
return document.querySelector("video").currentTime;
Without any arguments.</msg>
<msg time="2025-05-12T13:30:24.167065" level="INFO">${start} = 0</msg>
<var>${start}</var>
<arg>return document.querySelector("video").currentTime;</arg>
<doc>Executes the given JavaScript code with possible arguments.</doc>
<status status="PASS" start="2025-05-12T13:30:24.143374" elapsed="0.023803"/>
</kw>
<kw name="Sleep" owner="BuiltIn">
<msg time="2025-05-12T13:30:26.168324" level="INFO">Slept 2 seconds.</msg>
<arg>2s</arg>
<doc>Pauses the test executed for the given time.</doc>
<status status="PASS" start="2025-05-12T13:30:24.167498" elapsed="2.000947"/>
</kw>
<kw name="Execute Javascript" owner="SeleniumLibrary">
<msg time="2025-05-12T13:30:26.169305" level="INFO">Executing JavaScript:
return document.querySelector("video").currentTime;
Without any arguments.</msg>
<msg time="2025-05-12T13:30:26.172799" level="INFO">${end} = 1.619367</msg>
<var>${end}</var>
<arg>return document.querySelector("video").currentTime;</arg>
<doc>Executes the given JavaScript code with possible arguments.</doc>
<status status="PASS" start="2025-05-12T13:30:26.168627" elapsed="0.004213"/>
</kw>
<kw name="Should Be True" owner="BuiltIn">
<arg>${end} &gt; ${start}</arg>
<arg>Video by mělo běžet (čas se musí zvětšit)</arg>
<doc>Fails if the given condition is not true.</doc>
<status status="PASS" start="2025-05-12T13:30:26.172995" elapsed="0.000261"/>
</kw>
<arg>${Button_Foto}</arg>
<arg>${URL_Finish}</arg>
<arg>${Button_Foto2}</arg>
<arg>${URL_Finish2}</arg>
<arg>${Button_Foto3}</arg>
<arg>${URL_Finish3}</arg>
<status status="PASS" start="2025-05-12T13:30:22.497123" elapsed="3.676207"/>
</kw>
<status status="PASS" start="2025-05-12T13:30:22.496538" elapsed="3.677139"/>
</test>
<test id="s1-t3" name="Post-conditions" line="17">
<kw name="Close Browser" owner="SeleniumLibrary">
<doc>Closes the current browser.</doc>
<status status="PASS" start="2025-05-12T13:30:26.174346" elapsed="2.268533"/>
</kw>
<status status="PASS" start="2025-05-12T13:30:26.174029" elapsed="2.269331"/>
</test>
<status status="PASS" start="2025-05-12T13:30:17.072828" elapsed="11.371167"/>
</suite>
<statistics>
<total>
<stat pass="3" fail="0" skip="0">All Tests</stat>
</total>
<tag>
</tag>
<suite>
<stat name="TS 064" id="s1" pass="3" fail="0" skip="0">TS 064</stat>
</suite>
</statistics>
<errors>
<msg time="2025-05-12T13:30:17.325170" level="WARN">exexcutable_path is being deprecated. Please use service to configure the driver's executable_path as per documentation.</msg>
</errors>
</robot>
