<?xml version="1.0" encoding="UTF-8"?>
<robot generator="Robot 7.2.2 (Python 3.13.3 on win32)" generated="2025-05-12T13:08:16.429966" rpa="false" schemaversion="5">
<suite id="s1" name="TS 0110" source="C:\Users\Daniel\Desktop\testování\Automatické\HlavniMenu_Navigace\0110\TS_0110.robot">
<test id="s1-t1" name="Pre-conditions" line="11">
<kw name="Otevri Prohlizec Jdi na URL a Zkontroluj" owner="Keywords">
<kw name="Open Browser" owner="SeleniumLibrary">
<msg time="2025-05-12T13:08:16.764610" level="WARN">exexcutable_path is being deprecated. Please use service to configure the driver's executable_path as per documentation.</msg>
<msg time="2025-05-12T13:08:16.764792" level="INFO">Opening browser 'Chrome' to base url 'https://pozlovice.cz/'.</msg>
<arg>${URL}</arg>
<arg>${Browser}</arg>
<arg>executable_path=C:\\Users\\Daniel\\Desktop\\testování\\chromedriver.exe</arg>
<doc>Opens a new browser instance to the optional ``url``.</doc>
<status status="PASS" start="2025-05-12T13:08:16.764348" elapsed="5.129197"/>
</kw>
<kw name="Maximize Browser Window" owner="SeleniumLibrary">
<doc>Maximizes current browser window.</doc>
<status status="PASS" start="2025-05-12T13:08:21.893876" elapsed="0.074424"/>
</kw>
<kw name="Wait Until Element Is Visible" owner="SeleniumLibrary">
<arg>${KontrolovanyElement}</arg>
<doc>Waits until the element ``locator`` is visible.</doc>
<status status="PASS" start="2025-05-12T13:08:21.968625" elapsed="0.185048"/>
</kw>
<arg>${Browser_Chrome}</arg>
<arg>${URL_MainPage}</arg>
<arg>${Button_Zprava}</arg>
<status status="PASS" start="2025-05-12T13:08:16.763537" elapsed="5.390294"/>
</kw>
<status status="PASS" start="2025-05-12T13:08:16.762833" elapsed="5.391313"/>
</test>
<test id="s1-t2" name="Kontrola tlacitka" line="14">
<kw name="Zaloguj a Zkontroluj" owner="Keywords">
<kw name="Element Should Be Visible" owner="SeleniumLibrary">
<msg time="2025-05-12T13:08:22.212815" level="INFO">Element '//img[@src='/theme/base/images/icoig.png']' is displayed.</msg>
<arg>${ButtonZprava}</arg>
<doc>Verifies that the element identified by ``locator`` is visible.</doc>
<status status="PASS" start="2025-05-12T13:08:22.155391" elapsed="0.057564"/>
</kw>
<kw name="Get Window Handles" owner="SeleniumLibrary">
<msg time="2025-05-12T13:08:22.215312" level="INFO">${OldWindows} = ['2D2B4D4A38A6187CFB3D75185FD4175B']</msg>
<var>${OldWindows}</var>
<doc>Returns all child window handles of the selected browser as a list.</doc>
<status status="PASS" start="2025-05-12T13:08:22.213210" elapsed="0.002156"/>
</kw>
<kw name="Click Element" owner="SeleniumLibrary">
<msg time="2025-05-12T13:08:22.215785" level="INFO">Clicking element '//img[@src='/theme/base/images/icoig.png']'.</msg>
<arg>${ButtonZprava}</arg>
<doc>Click the element identified by ``locator``.</doc>
<status status="PASS" start="2025-05-12T13:08:22.215546" elapsed="0.191303"/>
</kw>
<kw name="Wait Until Keyword Succeeds" owner="BuiltIn">
<kw name="Window Handle Should Change" owner="Keywords">
<kw name="Get Window Handles" owner="SeleniumLibrary">
<msg time="2025-05-12T13:08:22.461178" level="INFO">${CurrentWindows} = ['2D2B4D4A38A6187CFB3D75185FD4175B', 'CFF281DF29B9A7CE9CFABCA719639CAB']</msg>
<var>${CurrentWindows}</var>
<doc>Returns all child window handles of the selected browser as a list.</doc>
<status status="PASS" start="2025-05-12T13:08:22.408714" elapsed="0.052533"/>
</kw>
<kw name="Get Length" owner="BuiltIn">
<msg time="2025-05-12T13:08:22.461640" level="INFO">Length is 1.</msg>
<msg time="2025-05-12T13:08:22.461729" level="INFO">${old_len} = 1</msg>
<var>${old_len}</var>
<arg>${OldWindows}</arg>
<doc>Returns and logs the length of the given item as an integer.</doc>
<status status="PASS" start="2025-05-12T13:08:22.461446" elapsed="0.000313"/>
</kw>
<kw name="Get Length" owner="BuiltIn">
<msg time="2025-05-12T13:08:22.462049" level="INFO">Length is 2.</msg>
<msg time="2025-05-12T13:08:22.462119" level="INFO">${new_len} = 2</msg>
<var>${new_len}</var>
<arg>${CurrentWindows}</arg>
<doc>Returns and logs the length of the given item as an integer.</doc>
<status status="PASS" start="2025-05-12T13:08:22.461904" elapsed="0.000238"/>
</kw>
<kw name="Should Be True" owner="BuiltIn">
<arg>${new_len} &gt; ${old_len}</arg>
<doc>Fails if the given condition is not true.</doc>
<status status="PASS" start="2025-05-12T13:08:22.462265" elapsed="0.000247"/>
</kw>
<arg>${OldWindows}</arg>
<status status="PASS" start="2025-05-12T13:08:22.408104" elapsed="0.054496"/>
</kw>
<arg>10x</arg>
<arg>1s</arg>
<arg>Window Handle Should Change</arg>
<arg>${OldWindows}</arg>
<doc>Runs the specified keyword and retries if it fails.</doc>
<status status="PASS" start="2025-05-12T13:08:22.407203" elapsed="0.055459"/>
</kw>
<kw name="Get Window Handles" owner="SeleniumLibrary">
<msg time="2025-05-12T13:08:22.464237" level="INFO">${AllWindows} = ['2D2B4D4A38A6187CFB3D75185FD4175B', 'CFF281DF29B9A7CE9CFABCA719639CAB']</msg>
<var>${AllWindows}</var>
<doc>Returns all child window handles of the selected browser as a list.</doc>
<status status="PASS" start="2025-05-12T13:08:22.462790" elapsed="0.001489"/>
</kw>
<kw name="Get New Window Handle" owner="Keywords">
<for flavor="IN">
<iter>
<kw name="Run Keyword If" owner="BuiltIn">
<arg>'${handle}' not in ${OldHandles}</arg>
<arg>Return From Keyword</arg>
<arg>${handle}</arg>
<doc>Runs the given keyword with the given arguments, if ``condition`` is true.</doc>
<status status="PASS" start="2025-05-12T13:08:22.465234" elapsed="0.000242"/>
</kw>
<var name="${handle}">2D2B4D4A38A6187CFB3D75185FD4175B</var>
<status status="PASS" start="2025-05-12T13:08:22.465074" elapsed="0.000468"/>
</iter>
<iter>
<kw name="Run Keyword If" owner="BuiltIn">
<kw name="Return From Keyword" owner="BuiltIn">
<msg time="2025-05-12T13:08:22.466223" level="INFO">Returning from the enclosing user keyword.</msg>
<arg>${handle}</arg>
<doc>Returns from the enclosing user keyword.</doc>
<status status="PASS" start="2025-05-12T13:08:22.466111" elapsed="0.000239"/>
</kw>
<arg>'${handle}' not in ${OldHandles}</arg>
<arg>Return From Keyword</arg>
<arg>${handle}</arg>
<doc>Runs the given keyword with the given arguments, if ``condition`` is true.</doc>
<status status="PASS" start="2025-05-12T13:08:22.465795" elapsed="0.000665"/>
</kw>
<var name="${handle}">CFF281DF29B9A7CE9CFABCA719639CAB</var>
<status status="PASS" start="2025-05-12T13:08:22.465674" elapsed="0.000865"/>
</iter>
<var>${handle}</var>
<value>@{NewHandles}</value>
<status status="PASS" start="2025-05-12T13:08:22.464857" elapsed="0.001767"/>
</for>
<msg time="2025-05-12T13:08:22.466823" level="INFO">${NewWindow} = CFF281DF29B9A7CE9CFABCA719639CAB</msg>
<var>${NewWindow}</var>
<arg>${OldWindows}</arg>
<arg>${AllWindows}</arg>
<status status="PASS" start="2025-05-12T13:08:22.464521" elapsed="0.002335"/>
</kw>
<kw name="Switch Window" owner="SeleniumLibrary">
<arg>${NewWindow}</arg>
<doc>Switches to browser window matching ``locator``.</doc>
<status status="PASS" start="2025-05-12T13:08:22.467053" elapsed="0.063956"/>
</kw>
<kw name="Location Should Contain" owner="SeleniumLibrary">
<msg time="2025-05-12T13:08:23.164323" level="INFO">Current location contains 'https://www.instagram.com/pozlovice'.</msg>
<arg>${StrankaZprava}</arg>
<doc>Verifies that the current URL contains ``expected``.</doc>
<status status="PASS" start="2025-05-12T13:08:22.531305" elapsed="0.633175"/>
</kw>
<kw name="Close Browser" owner="SeleniumLibrary">
<doc>Closes the current browser.</doc>
<status status="PASS" start="2025-05-12T13:08:23.164700" elapsed="2.287185"/>
</kw>
<arg>${Button_Zprava}</arg>
<arg>${URL_Finish}</arg>
<status status="PASS" start="2025-05-12T13:08:22.155051" elapsed="3.296972"/>
</kw>
<status status="PASS" start="2025-05-12T13:08:22.154559" elapsed="3.297729"/>
</test>
<test id="s1-t3" name="Post-conditions" line="17">
<kw name="Close Browser" owner="SeleniumLibrary">
<doc>Closes the current browser.</doc>
<status status="PASS" start="2025-05-12T13:08:25.453039" elapsed="0.000122"/>
</kw>
<status status="PASS" start="2025-05-12T13:08:25.452643" elapsed="0.000628"/>
</test>
<status status="PASS" start="2025-05-12T13:08:16.431361" elapsed="9.022497"/>
</suite>
<statistics>
<total>
<stat pass="3" fail="0" skip="0">All Tests</stat>
</total>
<tag>
</tag>
<suite>
<stat name="TS 0110" id="s1" pass="3" fail="0" skip="0">TS 0110</stat>
</suite>
</statistics>
<errors>
<msg time="2025-05-12T13:08:16.758867" level="WARN">Imported resource file 'C:\Users\Daniel\Desktop\testování\Automatické\HlavniMenu_Navigace\0110\Values.robot' is empty.</msg>
<msg time="2025-05-12T13:08:16.759548" level="WARN">Imported resource file 'C:\Users\Daniel\Desktop\testování\Automatické\HlavniMenu_Navigace\0110\Inputs.robot' is empty.</msg>
<msg time="2025-05-12T13:08:16.764610" level="WARN">exexcutable_path is being deprecated. Please use service to configure the driver's executable_path as per documentation.</msg>
</errors>
</robot>
