<?xml version="1.0" encoding="UTF-8"?>
<robot generator="Robot 7.2.2 (Python 3.13.3 on win32)" generated="2025-05-13T09:26:49.694815" rpa="false" schemaversion="5">
<suite id="s1" name="TS 043" source="C:\Users\Daniel\Desktop\testování\Automatické\TuristaAVolnyCas\043\TS_043.robot">
<test id="s1-t1" name="Pre-conditions" line="11">
<kw name="Otevri Prohlizec Jdi na URL a Zkontroluj" owner="Keywords">
<kw name="Open Browser" owner="SeleniumLibrary">
<msg time="2025-05-13T09:26:50.128566" level="WARN">exexcutable_path is being deprecated. Please use service to configure the driver's executable_path as per documentation.</msg>
<msg time="2025-05-13T09:26:50.128829" level="INFO">Opening browser 'Chrome' to base url 'https://pozlovice.cz/'.</msg>
<arg>${URL}</arg>
<arg>${Browser}</arg>
<arg>executable_path=C:\\Users\\Daniel\\Desktop\\testování\\chromedriver.exe</arg>
<doc>Opens a new browser instance to the optional ``url``.</doc>
<status status="PASS" start="2025-05-13T09:26:50.128243" elapsed="5.268552"/>
</kw>
<kw name="Maximize Browser Window" owner="SeleniumLibrary">
<doc>Maximizes current browser window.</doc>
<status status="PASS" start="2025-05-13T09:26:55.397441" elapsed="0.053145"/>
</kw>
<kw name="Wait Until Element Is Visible" owner="SeleniumLibrary">
<arg>${KontrolovanyElement}</arg>
<doc>Waits until the element ``locator`` is visible.</doc>
<status status="PASS" start="2025-05-13T09:26:55.450860" elapsed="0.253311"/>
</kw>
<arg>${Browser_Chrome}</arg>
<arg>${URL_MainPage}</arg>
<arg>${Button_Turista}</arg>
<status status="PASS" start="2025-05-13T09:26:50.127099" elapsed="5.577233"/>
</kw>
<status status="PASS" start="2025-05-13T09:26:50.126407" elapsed="5.578239"/>
</test>
<test id="s1-t2" name="Kontrola tlacitka" line="14">
<kw name="Zaloguj a Zkontroluj" owner="Keywords">
<kw name="Element Should Be Visible" owner="SeleniumLibrary">
<msg time="2025-05-13T09:26:55.722773" level="INFO">Element '//a[@href='/obec/turista-a-volny-cas']' is displayed.</msg>
<arg>${ButtonTurista}</arg>
<doc>Verifies that the element identified by ``locator`` is visible.</doc>
<status status="PASS" start="2025-05-13T09:26:55.706365" elapsed="0.016535"/>
</kw>
<kw name="Click Element" owner="SeleniumLibrary">
<msg time="2025-05-13T09:26:55.723395" level="INFO">Clicking element '//a[@href='/obec/turista-a-volny-cas']'.</msg>
<arg>${ButtonTurista}</arg>
<doc>Click the element identified by ``locator``.</doc>
<status status="PASS" start="2025-05-13T09:26:55.723111" elapsed="0.157591"/>
</kw>
<kw name="Location Should Contain" owner="SeleniumLibrary">
<msg time="2025-05-13T09:26:56.802670" level="INFO">Current location contains 'https://pozlovice.cz/obec/turista-a-volny-cas'.</msg>
<arg>${StrankaTurista}</arg>
<doc>Verifies that the current URL contains ``expected``.</doc>
<status status="PASS" start="2025-05-13T09:26:55.880977" elapsed="0.921929"/>
</kw>
<kw name="Element Should Be Visible" owner="SeleniumLibrary">
<msg time="2025-05-13T09:26:56.835525" level="INFO">Element '//div[@class='section-content-main-text']//a[contains(text(),'Půjčovna lodiček')]' is displayed.</msg>
<arg>${ButtonLodicka}</arg>
<doc>Verifies that the element identified by ``locator`` is visible.</doc>
<status status="PASS" start="2025-05-13T09:26:56.803325" elapsed="0.032383"/>
</kw>
<kw name="Click Element" owner="SeleniumLibrary">
<msg time="2025-05-13T09:26:56.836518" level="INFO">Clicking element '//div[@class='section-content-main-text']//a[contains(text(),'Půjčovna lodiček')]'.</msg>
<arg>${ButtonLodicka}</arg>
<doc>Click the element identified by ``locator``.</doc>
<status status="PASS" start="2025-05-13T09:26:56.836073" elapsed="0.544038"/>
</kw>
<kw name="Location Should Contain" owner="SeleniumLibrary">
<msg time="2025-05-13T09:26:57.386843" level="INFO">Current location contains 'https://pozlovice.cz/spol/pujcovna-lodicek'.</msg>
<arg>${StrankaLodicka}</arg>
<doc>Verifies that the current URL contains ``expected``.</doc>
<status status="PASS" start="2025-05-13T09:26:57.380488" elapsed="0.006483"/>
</kw>
<arg>${Button_Turista}</arg>
<arg>${URL_Finish}</arg>
<arg>${Button_Lodicka}</arg>
<arg>${URL_Finish2}</arg>
<status status="PASS" start="2025-05-13T09:26:55.705792" elapsed="1.681380"/>
</kw>
<status status="PASS" start="2025-05-13T09:26:55.705154" elapsed="1.682384"/>
</test>
<test id="s1-t3" name="Post-conditions" line="17">
<kw name="Close Browser" owner="SeleniumLibrary">
<doc>Closes the current browser.</doc>
<status status="PASS" start="2025-05-13T09:26:57.388752" elapsed="2.411471"/>
</kw>
<status status="PASS" start="2025-05-13T09:26:57.388126" elapsed="2.412451"/>
</test>
<status status="PASS" start="2025-05-13T09:26:49.696097" elapsed="10.105045"/>
</suite>
<statistics>
<total>
<stat pass="3" fail="0" skip="0">All Tests</stat>
</total>
<tag>
</tag>
<suite>
<stat name="TS 043" id="s1" pass="3" fail="0" skip="0">TS 043</stat>
</suite>
</statistics>
<errors>
<msg time="2025-05-13T09:26:50.128566" level="WARN">exexcutable_path is being deprecated. Please use service to configure the driver's executable_path as per documentation.</msg>
</errors>
</robot>
