<?xml version="1.0" encoding="UTF-8"?>
<robot generator="Robot 7.2.2 (Python 3.13.3 on win32)" generated="2025-05-13T10:16:41.876741" rpa="false" schemaversion="5">
<suite id="s1" name="TS 034" source="C:\Users\Daniel\Desktop\testování\Automatické\SpolkyAInstituce\034\TS_034.robot">
<test id="s1-t1" name="Pre-conditions" line="11">
<kw name="Otevri Prohlizec Jdi na URL a Zkontroluj" owner="Keywords">
<kw name="Open Browser" owner="SeleniumLibrary">
<msg time="2025-05-13T10:16:42.118090" level="WARN">exexcutable_path is being deprecated. Please use service to configure the driver's executable_path as per documentation.</msg>
<msg time="2025-05-13T10:16:42.118302" level="INFO">Opening browser 'Chrome' to base url 'https://pozlovice.cz/'.</msg>
<arg>${URL}</arg>
<arg>${Browser}</arg>
<arg>executable_path=C:\\Users\\Daniel\\Desktop\\testování\\chromedriver.exe</arg>
<doc>Opens a new browser instance to the optional ``url``.</doc>
<status status="PASS" start="2025-05-13T10:16:42.117839" elapsed="5.333151"/>
</kw>
<kw name="Maximize Browser Window" owner="SeleniumLibrary">
<doc>Maximizes current browser window.</doc>
<status status="PASS" start="2025-05-13T10:16:47.451223" elapsed="0.052589"/>
</kw>
<kw name="Wait Until Element Is Visible" owner="SeleniumLibrary">
<arg>${KontrolovanyElement}</arg>
<doc>Waits until the element ``locator`` is visible.</doc>
<status status="PASS" start="2025-05-13T10:16:47.504077" elapsed="0.104922"/>
</kw>
<arg>${Browser_Chrome}</arg>
<arg>${URL_MainPage}</arg>
<arg>${Button_Spolky}</arg>
<status status="PASS" start="2025-05-13T10:16:42.117161" elapsed="5.492043"/>
</kw>
<status status="PASS" start="2025-05-13T10:16:42.116506" elapsed="5.493003"/>
</test>
<test id="s1-t2" name="Kontrola tlacitka" line="14">
<kw name="Zaloguj a Zkontroluj" owner="Keywords">
<kw name="Element Should Be Visible" owner="SeleniumLibrary">
<msg time="2025-05-13T10:16:47.681338" level="INFO">Element '//a[@class='hbi-item'][normalize-space()='Spolky a instituce']' is displayed.</msg>
<arg>${ButtonSpolky}</arg>
<doc>Verifies that the element identified by ``locator`` is visible.</doc>
<status status="PASS" start="2025-05-13T10:16:47.611176" elapsed="0.070283"/>
</kw>
<kw name="Click Element" owner="SeleniumLibrary">
<msg time="2025-05-13T10:16:47.681943" level="INFO">Clicking element '//a[@class='hbi-item'][normalize-space()='Spolky a instituce']'.</msg>
<arg>${ButtonSpolky}</arg>
<doc>Click the element identified by ``locator``.</doc>
<status status="PASS" start="2025-05-13T10:16:47.681671" elapsed="0.279633"/>
</kw>
<kw name="Location Should Contain" owner="SeleniumLibrary">
<msg time="2025-05-13T10:16:48.122026" level="INFO">Current location contains 'https://pozlovice.cz/spolky-instituce'.</msg>
<arg>${StrankaSpolky}</arg>
<doc>Verifies that the current URL contains ``expected``.</doc>
<status status="PASS" start="2025-05-13T10:16:47.961534" elapsed="0.160726"/>
</kw>
<kw name="Element Should Be Visible" owner="SeleniumLibrary">
<msg time="2025-05-13T10:16:48.141647" level="INFO">Element '//h3[normalize-space()='Skauti Pozlovice']' is displayed.</msg>
<arg>${ButtonSkaut}</arg>
<doc>Verifies that the element identified by ``locator`` is visible.</doc>
<status status="PASS" start="2025-05-13T10:16:48.122569" elapsed="0.019200"/>
</kw>
<kw name="Click Element" owner="SeleniumLibrary">
<msg time="2025-05-13T10:16:48.142233" level="INFO">Clicking element '//h3[normalize-space()='Skauti Pozlovice']'.</msg>
<arg>${ButtonSkaut}</arg>
<doc>Click the element identified by ``locator``.</doc>
<status status="PASS" start="2025-05-13T10:16:48.141977" elapsed="0.974232"/>
</kw>
<kw name="Location Should Contain" owner="SeleniumLibrary">
<msg time="2025-05-13T10:16:49.122469" level="INFO">Current location contains 'https://skautipozlovice.cz/'.</msg>
<arg>${StrankaSkaut}</arg>
<doc>Verifies that the current URL contains ``expected``.</doc>
<status status="PASS" start="2025-05-13T10:16:49.116464" elapsed="0.006128"/>
</kw>
<arg>${Button_Spolky}</arg>
<arg>${URL_Finish}</arg>
<arg>${Button_Skaut}</arg>
<arg>${URL_Finish2}</arg>
<status status="PASS" start="2025-05-13T10:16:47.610663" elapsed="1.512047"/>
</kw>
<status status="PASS" start="2025-05-13T10:16:47.610039" elapsed="1.512992"/>
</test>
<test id="s1-t3" name="Post-conditions" line="17">
<kw name="Close Browser" owner="SeleniumLibrary">
<doc>Closes the current browser.</doc>
<status status="PASS" start="2025-05-13T10:16:49.124222" elapsed="2.258664"/>
</kw>
<status status="PASS" start="2025-05-13T10:16:49.123652" elapsed="2.259759"/>
</test>
<status status="PASS" start="2025-05-13T10:16:41.878332" elapsed="9.505856"/>
</suite>
<statistics>
<total>
<stat pass="3" fail="0" skip="0">All Tests</stat>
</total>
<tag>
</tag>
<suite>
<stat name="TS 034" id="s1" pass="3" fail="0" skip="0">TS 034</stat>
</suite>
</statistics>
<errors>
<msg time="2025-05-13T10:16:42.113938" level="WARN">Imported resource file 'C:\Users\Daniel\Desktop\testování\Automatické\SpolkyAInstituce\034\Inputs.robot' is empty.</msg>
<msg time="2025-05-13T10:16:42.118090" level="WARN">exexcutable_path is being deprecated. Please use service to configure the driver's executable_path as per documentation.</msg>
</errors>
</robot>
