<?xml version="1.0" encoding="UTF-8"?>
<robot generator="Robot 7.2.2 (Python 3.13.3 on win32)" generated="2025-05-13T09:53:19.937247" rpa="false" schemaversion="5">
<suite id="s1" name="TS 048" source="C:\Users\Daniel\Desktop\testování\Automatické\TuristaAVolnyCas\048\TS_048.robot">
<test id="s1-t1" name="Pre-conditions" line="11">
<kw name="Otevri Prohlizec Jdi na URL a Zkontroluj" owner="Keywords">
<kw name="Open Browser" owner="SeleniumLibrary">
<msg time="2025-05-13T09:53:20.216827" level="WARN">exexcutable_path is being deprecated. Please use service to configure the driver's executable_path as per documentation.</msg>
<msg time="2025-05-13T09:53:20.217138" level="INFO">Opening browser 'Chrome' to base url 'https://pozlovice.cz/'.</msg>
<arg>${URL}</arg>
<arg>${Browser}</arg>
<arg>executable_path=C:\\Users\\Daniel\\Desktop\\testování\\chromedriver.exe</arg>
<doc>Opens a new browser instance to the optional ``url``.</doc>
<status status="PASS" start="2025-05-13T09:53:20.216545" elapsed="5.221886"/>
</kw>
<kw name="Maximize Browser Window" owner="SeleniumLibrary">
<doc>Maximizes current browser window.</doc>
<status status="PASS" start="2025-05-13T09:53:25.438671" elapsed="0.061020"/>
</kw>
<kw name="Wait Until Element Is Visible" owner="SeleniumLibrary">
<arg>${KontrolovanyElement}</arg>
<doc>Waits until the element ``locator`` is visible.</doc>
<status status="PASS" start="2025-05-13T09:53:25.500013" elapsed="0.063103"/>
</kw>
<arg>${Browser_Chrome}</arg>
<arg>${URL_MainPage}</arg>
<arg>${Button_Turista}</arg>
<status status="PASS" start="2025-05-13T09:53:20.215809" elapsed="5.347468"/>
</kw>
<status status="PASS" start="2025-05-13T09:53:20.214996" elapsed="5.348683"/>
</test>
<test id="s1-t2" name="Kontrola tlacitka" line="14">
<kw name="Zaloguj a Zkontroluj" owner="Keywords">
<kw name="Element Should Be Visible" owner="SeleniumLibrary">
<msg time="2025-05-13T09:53:25.744328" level="INFO">Element '//a[@href='/obec/turista-a-volny-cas']' is displayed.</msg>
<arg>${ButtonTurista}</arg>
<doc>Verifies that the element identified by ``locator`` is visible.</doc>
<status status="PASS" start="2025-05-13T09:53:25.565422" elapsed="0.179027"/>
</kw>
<kw name="Click Element" owner="SeleniumLibrary">
<msg time="2025-05-13T09:53:25.744938" level="INFO">Clicking element '//a[@href='/obec/turista-a-volny-cas']'.</msg>
<arg>${ButtonTurista}</arg>
<doc>Click the element identified by ``locator``.</doc>
<status status="PASS" start="2025-05-13T09:53:25.744661" elapsed="0.154956"/>
</kw>
<kw name="Location Should Contain" owner="SeleniumLibrary">
<msg time="2025-05-13T09:53:26.845778" level="INFO">Current location contains 'https://pozlovice.cz/obec/turista-a-volny-cas'.</msg>
<arg>${StrankaTurista}</arg>
<doc>Verifies that the current URL contains ``expected``.</doc>
<status status="PASS" start="2025-05-13T09:53:25.899920" elapsed="0.945996"/>
</kw>
<kw name="Element Should Be Visible" owner="SeleniumLibrary">
<msg time="2025-05-13T09:53:26.875475" level="INFO">Element '//div[@class='section-content-main-text']//a[contains(text(),'Turistické informační centrum')]' is displayed.</msg>
<arg>${ButtonInfo}</arg>
<doc>Verifies that the element identified by ``locator`` is visible.</doc>
<status status="PASS" start="2025-05-13T09:53:26.846192" elapsed="0.029491"/>
</kw>
<kw name="Click Element" owner="SeleniumLibrary">
<msg time="2025-05-13T09:53:26.876588" level="INFO">Clicking element '//div[@class='section-content-main-text']//a[contains(text(),'Turistické informační centrum')]'.</msg>
<arg>${ButtonInfo}</arg>
<doc>Click the element identified by ``locator``.</doc>
<status status="PASS" start="2025-05-13T09:53:26.876078" elapsed="0.296184"/>
</kw>
<kw name="Location Should Contain" owner="SeleniumLibrary">
<msg time="2025-05-13T09:53:27.177136" level="INFO">Current location contains 'https://pozlovice.cz/spol/turisticke-informacni-centrum'.</msg>
<arg>${StrankaInfo}</arg>
<doc>Verifies that the current URL contains ``expected``.</doc>
<status status="PASS" start="2025-05-13T09:53:27.172516" elapsed="0.004785"/>
</kw>
<kw name="Element Should Be Visible" owner="SeleniumLibrary">
<msg time="2025-05-13T09:53:27.204525" level="INFO">Element '//h4[normalize-space()='Certifikát']' is displayed.</msg>
<arg>${ButtonCert}</arg>
<doc>Verifies that the element identified by ``locator`` is visible.</doc>
<status status="PASS" start="2025-05-13T09:53:27.177584" elapsed="0.027150"/>
</kw>
<kw name="Get Window Handles" owner="SeleniumLibrary">
<msg time="2025-05-13T09:53:27.208534" level="INFO">${OldWindows} = ['87356FB31023FA6A1E6185CC65225F4A']</msg>
<var>${OldWindows}</var>
<doc>Returns all child window handles of the selected browser as a list.</doc>
<status status="PASS" start="2025-05-13T09:53:27.205101" elapsed="0.003662"/>
</kw>
<kw name="Click Element" owner="SeleniumLibrary">
<msg time="2025-05-13T09:53:27.209933" level="INFO">Clicking element '//h4[normalize-space()='Certifikát']'.</msg>
<arg>${ButtonCert}</arg>
<doc>Click the element identified by ``locator``.</doc>
<status status="PASS" start="2025-05-13T09:53:27.209189" elapsed="0.172131"/>
</kw>
<kw name="Wait Until Keyword Succeeds" owner="BuiltIn">
<kw name="Window Handle Should Change" owner="Keywords">
<kw name="Get Window Handles" owner="SeleniumLibrary">
<msg time="2025-05-13T09:53:27.455267" level="INFO">${CurrentWindows} = ['87356FB31023FA6A1E6185CC65225F4A', 'E812ABCF05D92FDFBF0C3C1F90F5164F']</msg>
<var>${CurrentWindows}</var>
<doc>Returns all child window handles of the selected browser as a list.</doc>
<status status="PASS" start="2025-05-13T09:53:27.383087" elapsed="0.072290"/>
</kw>
<kw name="Get Length" owner="BuiltIn">
<msg time="2025-05-13T09:53:27.456009" level="INFO">Length is 1.</msg>
<msg time="2025-05-13T09:53:27.456154" level="INFO">${old_len} = 1</msg>
<var>${old_len}</var>
<arg>${OldWindows}</arg>
<doc>Returns and logs the length of the given item as an integer.</doc>
<status status="PASS" start="2025-05-13T09:53:27.455667" elapsed="0.000536"/>
</kw>
<kw name="Get Length" owner="BuiltIn">
<msg time="2025-05-13T09:53:27.456756" level="INFO">Length is 2.</msg>
<msg time="2025-05-13T09:53:27.456911" level="INFO">${new_len} = 2</msg>
<var>${new_len}</var>
<arg>${CurrentWindows}</arg>
<doc>Returns and logs the length of the given item as an integer.</doc>
<status status="PASS" start="2025-05-13T09:53:27.456443" elapsed="0.000526"/>
</kw>
<kw name="Should Be True" owner="BuiltIn">
<arg>${new_len} &gt; ${old_len}</arg>
<doc>Fails if the given condition is not true.</doc>
<status status="PASS" start="2025-05-13T09:53:27.457245" elapsed="0.000369"/>
</kw>
<arg>${OldWindows}</arg>
<status status="PASS" start="2025-05-13T09:53:27.382481" elapsed="0.075254"/>
</kw>
<arg>10x</arg>
<arg>1s</arg>
<arg>Window Handle Should Change</arg>
<arg>${OldWindows}</arg>
<doc>Runs the specified keyword and retries if it fails.</doc>
<status status="PASS" start="2025-05-13T09:53:27.381711" elapsed="0.076108"/>
</kw>
<kw name="Get Window Handles" owner="SeleniumLibrary">
<msg time="2025-05-13T09:53:27.460212" level="INFO">${AllWindows} = ['87356FB31023FA6A1E6185CC65225F4A', 'E812ABCF05D92FDFBF0C3C1F90F5164F']</msg>
<var>${AllWindows}</var>
<doc>Returns all child window handles of the selected browser as a list.</doc>
<status status="PASS" start="2025-05-13T09:53:27.458002" elapsed="0.002296"/>
</kw>
<kw name="Get New Window Handle" owner="Keywords">
<for flavor="IN">
<iter>
<kw name="Run Keyword If" owner="BuiltIn">
<arg>'${handle}' not in ${OldHandles}</arg>
<arg>Return From Keyword</arg>
<arg>${handle}</arg>
<doc>Runs the given keyword with the given arguments, if ``condition`` is true.</doc>
<status status="PASS" start="2025-05-13T09:53:27.461732" elapsed="0.000460"/>
</kw>
<var name="${handle}">87356FB31023FA6A1E6185CC65225F4A</var>
<status status="PASS" start="2025-05-13T09:53:27.461453" elapsed="0.000870"/>
</iter>
<iter>
<kw name="Run Keyword If" owner="BuiltIn">
<kw name="Return From Keyword" owner="BuiltIn">
<msg time="2025-05-13T09:53:27.463956" level="INFO">Returning from the enclosing user keyword.</msg>
<arg>${handle}</arg>
<doc>Returns from the enclosing user keyword.</doc>
<status status="PASS" start="2025-05-13T09:53:27.463061" elapsed="0.001341"/>
</kw>
<arg>'${handle}' not in ${OldHandles}</arg>
<arg>Return From Keyword</arg>
<arg>${handle}</arg>
<doc>Runs the given keyword with the given arguments, if ``condition`` is true.</doc>
<status status="PASS" start="2025-05-13T09:53:27.462696" elapsed="0.001888"/>
</kw>
<var name="${handle}">E812ABCF05D92FDFBF0C3C1F90F5164F</var>
<status status="PASS" start="2025-05-13T09:53:27.462533" elapsed="0.002180"/>
</iter>
<var>${handle}</var>
<value>@{NewHandles}</value>
<status status="PASS" start="2025-05-13T09:53:27.461121" elapsed="0.003733"/>
</for>
<msg time="2025-05-13T09:53:27.465202" level="INFO">${NewWindow} = E812ABCF05D92FDFBF0C3C1F90F5164F</msg>
<var>${NewWindow}</var>
<arg>${OldWindows}</arg>
<arg>${AllWindows}</arg>
<status status="PASS" start="2025-05-13T09:53:27.460622" elapsed="0.004645"/>
</kw>
<kw name="Switch Window" owner="SeleniumLibrary">
<arg>${NewWindow}</arg>
<doc>Switches to browser window matching ``locator``.</doc>
<status status="PASS" start="2025-05-13T09:53:27.465580" elapsed="0.080448"/>
</kw>
<kw name="Location Should Contain" owner="SeleniumLibrary">
<msg time="2025-05-13T09:53:27.640376" level="INFO">Current location contains 'https://pozlovice.cz/soubory/org/2/files/vmwmlqsg.jpeg'.</msg>
<arg>${StrankaCert}</arg>
<doc>Verifies that the current URL contains ``expected``.</doc>
<status status="PASS" start="2025-05-13T09:53:27.546391" elapsed="0.094106"/>
</kw>
<kw name="Close Browser" owner="SeleniumLibrary">
<doc>Closes the current browser.</doc>
<status status="PASS" start="2025-05-13T09:53:27.640723" elapsed="3.830504"/>
</kw>
<arg>${Button_Turista}</arg>
<arg>${URL_Finish}</arg>
<arg>${Button_Info}</arg>
<arg>${URL_Finish2}</arg>
<arg>${Button_Cert}</arg>
<arg>${URL_Finish3}</arg>
<status status="PASS" start="2025-05-13T09:53:25.564896" elapsed="5.906512"/>
</kw>
<status status="PASS" start="2025-05-13T09:53:25.564288" elapsed="5.907381"/>
</test>
<test id="s1-t3" name="Post-conditions" line="17">
<kw name="Close Browser" owner="SeleniumLibrary">
<doc>Closes the current browser.</doc>
<status status="PASS" start="2025-05-13T09:53:31.472328" elapsed="0.000123"/>
</kw>
<status status="PASS" start="2025-05-13T09:53:31.472040" elapsed="0.000547"/>
</test>
<status status="PASS" start="2025-05-13T09:53:19.938838" elapsed="11.534220"/>
</suite>
<statistics>
<total>
<stat pass="3" fail="0" skip="0">All Tests</stat>
</total>
<tag>
</tag>
<suite>
<stat name="TS 048" id="s1" pass="3" fail="0" skip="0">TS 048</stat>
</suite>
</statistics>
<errors>
<msg time="2025-05-13T09:53:20.211849" level="WARN">Imported resource file 'C:\Users\Daniel\Desktop\testování\Automatické\TuristaAVolnyCas\048\Inputs.robot' is empty.</msg>
<msg time="2025-05-13T09:53:20.216827" level="WARN">exexcutable_path is being deprecated. Please use service to configure the driver's executable_path as per documentation.</msg>
</errors>
</robot>
