<?xml version="1.0" encoding="UTF-8"?>
<robot generator="Robot 7.2.2 (Python 3.13.3 on win32)" generated="2025-05-13T12:00:46.263890" rpa="false" schemaversion="5">
<suite id="s1" name="TS 062" source="C:\Users\Daniel\Desktop\testování\Automatické\FotogalerieAVideo\062\TS_062.robot">
<test id="s1-t1" name="Pre-conditions" line="11">
<kw name="Otevri Prohlizec Jdi na URL a Zkontroluj" owner="Keywords">
<kw name="Open Browser" owner="SeleniumLibrary">
<msg time="2025-05-13T12:00:46.532739" level="WARN">exexcutable_path is being deprecated. Please use service to configure the driver's executable_path as per documentation.</msg>
<msg time="2025-05-13T12:00:46.532970" level="INFO">Opening browser 'Chrome' to base url 'https://pozlovice.cz/'.</msg>
<arg>${URL}</arg>
<arg>${Browser}</arg>
<arg>executable_path=C:\\Users\\Daniel\\Desktop\\testování\\chromedriver.exe</arg>
<doc>Opens a new browser instance to the optional ``url``.</doc>
<status status="PASS" start="2025-05-13T12:00:46.532452" elapsed="5.244681"/>
</kw>
<kw name="Maximize Browser Window" owner="SeleniumLibrary">
<doc>Maximizes current browser window.</doc>
<status status="PASS" start="2025-05-13T12:00:51.777487" elapsed="0.053031"/>
</kw>
<kw name="Wait Until Element Is Visible" owner="SeleniumLibrary">
<arg>${KontrolovanyElement}</arg>
<doc>Waits until the element ``locator`` is visible.</doc>
<status status="PASS" start="2025-05-13T12:00:51.830834" elapsed="0.096256"/>
</kw>
<arg>${Browser_Chrome}</arg>
<arg>${URL_MainPage}</arg>
<arg>${Button_Foto}</arg>
<status status="PASS" start="2025-05-13T12:00:46.531756" elapsed="5.395517"/>
</kw>
<status status="PASS" start="2025-05-13T12:00:46.531027" elapsed="5.396594"/>
</test>
<test id="s1-t2" name="Kontrola tlacitka" line="14">
<kw name="Zaloguj a Zkontroluj" owner="Keywords">
<kw name="Element Should Be Visible" owner="SeleniumLibrary">
<msg time="2025-05-13T12:00:51.947829" level="INFO">Element '//a[normalize-space()='Fotogalerie a videa']' is displayed.</msg>
<arg>${ButtonFoto}</arg>
<doc>Verifies that the element identified by ``locator`` is visible.</doc>
<status status="PASS" start="2025-05-13T12:00:51.929189" elapsed="0.018904"/>
</kw>
<kw name="Click Element" owner="SeleniumLibrary">
<msg time="2025-05-13T12:00:51.949049" level="INFO">Clicking element '//a[normalize-space()='Fotogalerie a videa']'.</msg>
<arg>${ButtonFoto}</arg>
<doc>Click the element identified by ``locator``.</doc>
<status status="PASS" start="2025-05-13T12:00:51.948509" elapsed="0.260550"/>
</kw>
<kw name="Location Should Contain" owner="SeleniumLibrary">
<msg time="2025-05-13T12:00:52.329017" level="INFO">Current location contains 'https://pozlovice.cz/obec/fotogalerie-a-video'.</msg>
<arg>${StrankaFoto}</arg>
<doc>Verifies that the current URL contains ``expected``.</doc>
<status status="PASS" start="2025-05-13T12:00:52.209296" elapsed="0.119853"/>
</kw>
<kw name="Element Should Be Visible" owner="SeleniumLibrary">
<msg time="2025-05-13T12:00:52.348498" level="INFO">Element '//a[contains(text(),'Fotogalerie')]' is displayed.</msg>
<arg>${ButtonFoto2}</arg>
<doc>Verifies that the element identified by ``locator`` is visible.</doc>
<status status="PASS" start="2025-05-13T12:00:52.329360" elapsed="0.019262"/>
</kw>
<kw name="Click Element" owner="SeleniumLibrary">
<msg time="2025-05-13T12:00:52.349107" level="INFO">Clicking element '//a[contains(text(),'Fotogalerie')]'.</msg>
<arg>${ButtonFoto2}</arg>
<doc>Click the element identified by ``locator``.</doc>
<status status="PASS" start="2025-05-13T12:00:52.348836" elapsed="0.403536"/>
</kw>
<kw name="Location Should Contain" owner="SeleniumLibrary">
<msg time="2025-05-13T12:00:54.371976" level="INFO">Current location contains 'https://pozlovice.cz/obec/fotogalerie'.</msg>
<arg>${StrankaFoto2}</arg>
<doc>Verifies that the current URL contains ``expected``.</doc>
<status status="PASS" start="2025-05-13T12:00:52.752584" elapsed="1.619525"/>
</kw>
<kw name="Element Should Be Visible" owner="SeleniumLibrary">
<msg time="2025-05-13T12:00:54.390002" level="INFO">Element '//h5[contains(text(),'Stavění máje')]' is displayed.</msg>
<arg>${ButtonFoto3}</arg>
<doc>Verifies that the element identified by ``locator`` is visible.</doc>
<status status="PASS" start="2025-05-13T12:00:54.372328" elapsed="0.017787"/>
</kw>
<kw name="Click Element" owner="SeleniumLibrary">
<msg time="2025-05-13T12:00:54.390540" level="INFO">Clicking element '//h5[contains(text(),'Stavění máje')]'.</msg>
<arg>${ButtonFoto3}</arg>
<doc>Click the element identified by ``locator``.</doc>
<status status="PASS" start="2025-05-13T12:00:54.390301" elapsed="1.083717"/>
</kw>
<kw name="Location Should Contain" owner="SeleniumLibrary">
<msg time="2025-05-13T12:00:55.478209" level="INFO">Current location contains 'https://pozlovice.cz/spol/hasici/p1081-staveni-maje'.</msg>
<arg>${StrankaFoto3}</arg>
<doc>Verifies that the current URL contains ``expected``.</doc>
<status status="PASS" start="2025-05-13T12:00:55.474242" elapsed="0.004131"/>
</kw>
<kw name="Element Should Be Visible" owner="SeleniumLibrary">
<msg time="2025-05-13T12:00:55.492132" level="INFO">Element '//a[@title='Foto 1/7']' is displayed.</msg>
<arg>${ButtonFoto4}</arg>
<doc>Verifies that the element identified by ``locator`` is visible.</doc>
<status status="PASS" start="2025-05-13T12:00:55.478635" elapsed="0.013597"/>
</kw>
<kw name="Click Element" owner="SeleniumLibrary">
<msg time="2025-05-13T12:00:55.492609" level="INFO">Clicking element '//a[@title='Foto 1/7']'.</msg>
<arg>${ButtonFoto4}</arg>
<doc>Click the element identified by ``locator``.</doc>
<status status="PASS" start="2025-05-13T12:00:55.492400" elapsed="0.067331"/>
</kw>
<kw name="Location Should Contain" owner="SeleniumLibrary">
<msg time="2025-05-13T12:00:55.564534" level="INFO">Current location contains 'https://pozlovice.cz/spol/hasici/p1081-staveni-maje#lg=1&amp;slide=0'.</msg>
<arg>${StrankaFoto4}</arg>
<doc>Verifies that the current URL contains ``expected``.</doc>
<status status="PASS" start="2025-05-13T12:00:55.560044" elapsed="0.004620"/>
</kw>
<arg>${Button_Foto}</arg>
<arg>${URL_Finish}</arg>
<arg>${Button_Foto2}</arg>
<arg>${URL_Finish2}</arg>
<arg>${Button_Foto3}</arg>
<arg>${URL_Finish3}</arg>
<arg>${Button_Foto4}</arg>
<arg>${URL_Finish4}</arg>
<status status="PASS" start="2025-05-13T12:00:51.928606" elapsed="3.636201"/>
</kw>
<status status="PASS" start="2025-05-13T12:00:51.928070" elapsed="3.637174"/>
</test>
<test id="s1-t3" name="Post-conditions" line="17">
<kw name="Close Browser" owner="SeleniumLibrary">
<doc>Closes the current browser.</doc>
<status status="PASS" start="2025-05-13T12:00:55.566404" elapsed="2.316077"/>
</kw>
<status status="PASS" start="2025-05-13T12:00:55.565826" elapsed="2.317017"/>
</test>
<status status="PASS" start="2025-05-13T12:00:46.265246" elapsed="11.618420"/>
</suite>
<statistics>
<total>
<stat pass="3" fail="0" skip="0">All Tests</stat>
</total>
<tag>
</tag>
<suite>
<stat name="TS 062" id="s1" pass="3" fail="0" skip="0">TS 062</stat>
</suite>
</statistics>
<errors>
<msg time="2025-05-13T12:00:46.532739" level="WARN">exexcutable_path is being deprecated. Please use service to configure the driver's executable_path as per documentation.</msg>
</errors>
</robot>
