<?xml version="1.0" encoding="UTF-8"?>
<robot generator="Robot 7.2.2 (Python 3.13.3 on win32)" generated="2025-05-13T10:20:00.509158" rpa="false" schemaversion="5">
<suite id="s1" name="TS 035" source="C:\Users\Daniel\Desktop\testování\Automatické\SpolkyAInstituce\035\TS_035.robot">
<test id="s1-t1" name="Pre-conditions" line="11">
<kw name="Otevri Prohlizec Jdi na URL a Zkontroluj" owner="Keywords">
<kw name="Open Browser" owner="SeleniumLibrary">
<msg time="2025-05-13T10:20:00.790871" level="WARN">exexcutable_path is being deprecated. Please use service to configure the driver's executable_path as per documentation.</msg>
<msg time="2025-05-13T10:20:00.791150" level="INFO">Opening browser 'Chrome' to base url 'https://pozlovice.cz/'.</msg>
<arg>${URL}</arg>
<arg>${Browser}</arg>
<arg>executable_path=C:\\Users\\Daniel\\Desktop\\testování\\chromedriver.exe</arg>
<doc>Opens a new browser instance to the optional ``url``.</doc>
<status status="PASS" start="2025-05-13T10:20:00.790598" elapsed="5.123825"/>
</kw>
<kw name="Maximize Browser Window" owner="SeleniumLibrary">
<doc>Maximizes current browser window.</doc>
<status status="PASS" start="2025-05-13T10:20:05.914671" elapsed="0.043920"/>
</kw>
<kw name="Wait Until Element Is Visible" owner="SeleniumLibrary">
<arg>${KontrolovanyElement}</arg>
<doc>Waits until the element ``locator`` is visible.</doc>
<status status="PASS" start="2025-05-13T10:20:05.958955" elapsed="0.116411"/>
</kw>
<arg>${Browser_Chrome}</arg>
<arg>${URL_MainPage}</arg>
<arg>${Button_Spolky}</arg>
<status status="PASS" start="2025-05-13T10:20:00.789944" elapsed="5.285583"/>
</kw>
<status status="PASS" start="2025-05-13T10:20:00.789330" elapsed="5.286593"/>
</test>
<test id="s1-t2" name="Kontrola tlacitka" line="14">
<kw name="Zaloguj a Zkontroluj" owner="Keywords">
<kw name="Element Should Be Visible" owner="SeleniumLibrary">
<msg time="2025-05-13T10:20:06.141320" level="INFO">Element '//a[@class='hbi-item'][normalize-space()='Spolky a instituce']' is displayed.</msg>
<arg>${ButtonSpolky}</arg>
<doc>Verifies that the element identified by ``locator`` is visible.</doc>
<status status="PASS" start="2025-05-13T10:20:06.077546" elapsed="0.063893"/>
</kw>
<kw name="Click Element" owner="SeleniumLibrary">
<msg time="2025-05-13T10:20:06.141917" level="INFO">Clicking element '//a[@class='hbi-item'][normalize-space()='Spolky a instituce']'.</msg>
<arg>${ButtonSpolky}</arg>
<doc>Click the element identified by ``locator``.</doc>
<status status="PASS" start="2025-05-13T10:20:06.141644" elapsed="0.209806"/>
</kw>
<kw name="Location Should Contain" owner="SeleniumLibrary">
<msg time="2025-05-13T10:20:06.511629" level="INFO">Current location contains 'https://pozlovice.cz/spolky-instituce'.</msg>
<arg>${StrankaSpolky}</arg>
<doc>Verifies that the current URL contains ``expected``.</doc>
<status status="PASS" start="2025-05-13T10:20:06.351698" elapsed="0.160067"/>
</kw>
<kw name="Element Should Be Visible" owner="SeleniumLibrary">
<msg time="2025-05-13T10:20:06.530736" level="INFO">Element '//h3[normalize-space()='Farnost Pozlovice']' is displayed.</msg>
<arg>${ButtonFara}</arg>
<doc>Verifies that the element identified by ``locator`` is visible.</doc>
<status status="PASS" start="2025-05-13T10:20:06.512006" elapsed="0.018850"/>
</kw>
<kw name="Click Element" owner="SeleniumLibrary">
<msg time="2025-05-13T10:20:06.531393" level="INFO">Clicking element '//h3[normalize-space()='Farnost Pozlovice']'.</msg>
<arg>${ButtonFara}</arg>
<doc>Click the element identified by ``locator``.</doc>
<status status="PASS" start="2025-05-13T10:20:06.531103" elapsed="0.572974"/>
</kw>
<kw name="Location Should Contain" owner="SeleniumLibrary">
<msg time="2025-05-13T10:20:07.107836" level="INFO">Current location contains 'https://pozlovice.cz/spol/farnost'.</msg>
<arg>${StrankaFara}</arg>
<doc>Verifies that the current URL contains ``expected``.</doc>
<status status="PASS" start="2025-05-13T10:20:07.104296" elapsed="0.003680"/>
</kw>
<kw name="Element Should Be Visible" owner="SeleniumLibrary">
<msg time="2025-05-13T10:20:07.132751" level="INFO">Element '//a[normalize-space()='www.luhacovicefarnost.cz']' is displayed.</msg>
<arg>${ButtonWeb}</arg>
<doc>Verifies that the element identified by ``locator`` is visible.</doc>
<status status="PASS" start="2025-05-13T10:20:07.108221" elapsed="0.024654"/>
</kw>
<kw name="Get Window Handles" owner="SeleniumLibrary">
<msg time="2025-05-13T10:20:07.134518" level="INFO">${OldWindows} = ['C2E12EDE9059E7A37B4B08FEAAA7B677']</msg>
<var>${OldWindows}</var>
<doc>Returns all child window handles of the selected browser as a list.</doc>
<status status="PASS" start="2025-05-13T10:20:07.133096" elapsed="0.001469"/>
</kw>
<kw name="Click Element" owner="SeleniumLibrary">
<msg time="2025-05-13T10:20:07.134992" level="INFO">Clicking element '//a[normalize-space()='www.luhacovicefarnost.cz']'.</msg>
<arg>${ButtonWeb}</arg>
<doc>Click the element identified by ``locator``.</doc>
<status status="PASS" start="2025-05-13T10:20:07.134747" elapsed="0.097067"/>
</kw>
<kw name="Wait Until Keyword Succeeds" owner="BuiltIn">
<kw name="Window Handle Should Change" owner="Keywords">
<kw name="Get Window Handles" owner="SeleniumLibrary">
<msg time="2025-05-13T10:20:07.242716" level="INFO">${CurrentWindows} = ['C2E12EDE9059E7A37B4B08FEAAA7B677', '8BAB8BACF69562869AE30453D22090FB']</msg>
<var>${CurrentWindows}</var>
<doc>Returns all child window handles of the selected browser as a list.</doc>
<status status="PASS" start="2025-05-13T10:20:07.233205" elapsed="0.009609"/>
</kw>
<kw name="Get Length" owner="BuiltIn">
<msg time="2025-05-13T10:20:07.243500" level="INFO">Length is 1.</msg>
<msg time="2025-05-13T10:20:07.243657" level="INFO">${old_len} = 1</msg>
<var>${old_len}</var>
<arg>${OldWindows}</arg>
<doc>Returns and logs the length of the given item as an integer.</doc>
<status status="PASS" start="2025-05-13T10:20:07.243162" elapsed="0.000538"/>
</kw>
<kw name="Get Length" owner="BuiltIn">
<msg time="2025-05-13T10:20:07.244156" level="INFO">Length is 2.</msg>
<msg time="2025-05-13T10:20:07.244258" level="INFO">${new_len} = 2</msg>
<var>${new_len}</var>
<arg>${CurrentWindows}</arg>
<doc>Returns and logs the length of the given item as an integer.</doc>
<status status="PASS" start="2025-05-13T10:20:07.243948" elapsed="0.000344"/>
</kw>
<kw name="Should Be True" owner="BuiltIn">
<arg>${new_len} &gt; ${old_len}</arg>
<doc>Fails if the given condition is not true.</doc>
<status status="PASS" start="2025-05-13T10:20:07.244482" elapsed="0.000373"/>
</kw>
<arg>${OldWindows}</arg>
<status status="PASS" start="2025-05-13T10:20:07.232803" elapsed="0.012174"/>
</kw>
<arg>10x</arg>
<arg>1s</arg>
<arg>Window Handle Should Change</arg>
<arg>${OldWindows}</arg>
<doc>Runs the specified keyword and retries if it fails.</doc>
<status status="PASS" start="2025-05-13T10:20:07.232202" elapsed="0.012860"/>
</kw>
<kw name="Get Window Handles" owner="SeleniumLibrary">
<msg time="2025-05-13T10:20:07.247032" level="INFO">${AllWindows} = ['C2E12EDE9059E7A37B4B08FEAAA7B677', '8BAB8BACF69562869AE30453D22090FB']</msg>
<var>${AllWindows}</var>
<doc>Returns all child window handles of the selected browser as a list.</doc>
<status status="PASS" start="2025-05-13T10:20:07.245272" elapsed="0.001810"/>
</kw>
<kw name="Get New Window Handle" owner="Keywords">
<for flavor="IN">
<iter>
<kw name="Run Keyword If" owner="BuiltIn">
<arg>'${handle}' not in ${OldHandles}</arg>
<arg>Return From Keyword</arg>
<arg>${handle}</arg>
<doc>Runs the given keyword with the given arguments, if ``condition`` is true.</doc>
<status status="PASS" start="2025-05-13T10:20:07.248045" elapsed="0.000253"/>
</kw>
<var name="${handle}">C2E12EDE9059E7A37B4B08FEAAA7B677</var>
<status status="PASS" start="2025-05-13T10:20:07.247882" elapsed="0.000487"/>
</iter>
<iter>
<kw name="Run Keyword If" owner="BuiltIn">
<kw name="Return From Keyword" owner="BuiltIn">
<msg time="2025-05-13T10:20:07.249517" level="INFO">Returning from the enclosing user keyword.</msg>
<arg>${handle}</arg>
<doc>Returns from the enclosing user keyword.</doc>
<status status="PASS" start="2025-05-13T10:20:07.248938" elapsed="0.000677"/>
</kw>
<arg>'${handle}' not in ${OldHandles}</arg>
<arg>Return From Keyword</arg>
<arg>${handle}</arg>
<doc>Runs the given keyword with the given arguments, if ``condition`` is true.</doc>
<status status="PASS" start="2025-05-13T10:20:07.248635" elapsed="0.001242"/>
</kw>
<var name="${handle}">8BAB8BACF69562869AE30453D22090FB</var>
<status status="PASS" start="2025-05-13T10:20:07.248502" elapsed="0.001440"/>
</iter>
<var>${handle}</var>
<value>@{NewHandles}</value>
<status status="PASS" start="2025-05-13T10:20:07.247688" elapsed="0.002320"/>
</for>
<msg time="2025-05-13T10:20:07.250186" level="INFO">${NewWindow} = 8BAB8BACF69562869AE30453D22090FB</msg>
<var>${NewWindow}</var>
<arg>${OldWindows}</arg>
<arg>${AllWindows}</arg>
<status status="PASS" start="2025-05-13T10:20:07.247353" elapsed="0.002865"/>
</kw>
<kw name="Switch Window" owner="SeleniumLibrary">
<arg>${NewWindow}</arg>
<doc>Switches to browser window matching ``locator``.</doc>
<status status="PASS" start="2025-05-13T10:20:07.250364" elapsed="0.055770"/>
</kw>
<kw name="Location Should Contain" owner="SeleniumLibrary">
<msg time="2025-05-13T10:20:11.423383" level="INFO">Current location contains 'https://www.luhacovicefarnost.cz/'.</msg>
<arg>${StrankaWeb}</arg>
<doc>Verifies that the current URL contains ``expected``.</doc>
<status status="PASS" start="2025-05-13T10:20:07.306402" elapsed="4.117111"/>
</kw>
<kw name="Close Browser" owner="SeleniumLibrary">
<doc>Closes the current browser.</doc>
<status status="PASS" start="2025-05-13T10:20:11.423706" elapsed="2.405292"/>
</kw>
<arg>${Button_Spolky}</arg>
<arg>${URL_Finish}</arg>
<arg>${Button_Fara}</arg>
<arg>${URL_Finish2}</arg>
<arg>${Button_Web}</arg>
<arg>${URL_Finish3}</arg>
<status status="PASS" start="2025-05-13T10:20:06.077024" elapsed="7.752149"/>
</kw>
<status status="PASS" start="2025-05-13T10:20:06.076466" elapsed="7.753018"/>
</test>
<test id="s1-t3" name="Post-conditions" line="17">
<kw name="Close Browser" owner="SeleniumLibrary">
<doc>Closes the current browser.</doc>
<status status="PASS" start="2025-05-13T10:20:13.830323" elapsed="0.000125"/>
</kw>
<status status="PASS" start="2025-05-13T10:20:13.829990" elapsed="0.000572"/>
</test>
<status status="PASS" start="2025-05-13T10:20:00.510522" elapsed="13.320514"/>
</suite>
<statistics>
<total>
<stat pass="3" fail="0" skip="0">All Tests</stat>
</total>
<tag>
</tag>
<suite>
<stat name="TS 035" id="s1" pass="3" fail="0" skip="0">TS 035</stat>
</suite>
</statistics>
<errors>
<msg time="2025-05-13T10:20:00.786130" level="WARN">Imported resource file 'C:\Users\Daniel\Desktop\testování\Automatické\SpolkyAInstituce\035\Inputs.robot' is empty.</msg>
<msg time="2025-05-13T10:20:00.790871" level="WARN">exexcutable_path is being deprecated. Please use service to configure the driver's executable_path as per documentation.</msg>
</errors>
</robot>
