<?xml version="1.0" encoding="UTF-8"?>
<robot generator="Robot 7.2.2 (Python 3.13.3 on win32)" generated="2025-05-13T10:01:48.680302" rpa="false" schemaversion="5">
<suite id="s1" name="TS 031" source="C:\Users\Daniel\Desktop\testování\Automatické\SpolkyAInstituce\031\TS_031.robot">
<test id="s1-t1" name="Pre-conditions" line="11">
<kw name="Otevri Prohlizec Jdi na URL a Zkontroluj" owner="Keywords">
<kw name="Open Browser" owner="SeleniumLibrary">
<msg time="2025-05-13T10:01:48.988434" level="WARN">exexcutable_path is being deprecated. Please use service to configure the driver's executable_path as per documentation.</msg>
<msg time="2025-05-13T10:01:48.988769" level="INFO">Opening browser 'Chrome' to base url 'https://pozlovice.cz/'.</msg>
<arg>${URL}</arg>
<arg>${Browser}</arg>
<arg>executable_path=C:\\Users\\Daniel\\Desktop\\testování\\chromedriver.exe</arg>
<doc>Opens a new browser instance to the optional ``url``.</doc>
<status status="PASS" start="2025-05-13T10:01:48.988077" elapsed="1.358133"/>
</kw>
<kw name="Maximize Browser Window" owner="SeleniumLibrary">
<doc>Maximizes current browser window.</doc>
<status status="PASS" start="2025-05-13T10:01:50.346681" elapsed="8.076457"/>
</kw>
<kw name="Wait Until Element Is Visible" owner="SeleniumLibrary">
<arg>${KontrolovanyElement}</arg>
<doc>Waits until the element ``locator`` is visible.</doc>
<status status="PASS" start="2025-05-13T10:01:58.423347" elapsed="0.019886"/>
</kw>
<arg>${Browser_Chrome}</arg>
<arg>${URL_MainPage}</arg>
<arg>${Button_Spolky}</arg>
<status status="PASS" start="2025-05-13T10:01:48.987267" elapsed="9.456196"/>
</kw>
<status status="PASS" start="2025-05-13T10:01:48.986488" elapsed="9.457378"/>
</test>
<test id="s1-t2" name="Kontrola tlacitka" line="14">
<kw name="Zaloguj a Zkontroluj" owner="Keywords">
<kw name="Element Should Be Visible" owner="SeleniumLibrary">
<msg time="2025-05-13T10:01:58.455723" level="INFO">Element '//a[@class='hbi-item'][normalize-space()='Spolky a instituce']' is displayed.</msg>
<arg>${ButtonSpolky}</arg>
<doc>Verifies that the element identified by ``locator`` is visible.</doc>
<status status="PASS" start="2025-05-13T10:01:58.445528" elapsed="0.010294"/>
</kw>
<kw name="Click Element" owner="SeleniumLibrary">
<msg time="2025-05-13T10:01:58.456202" level="INFO">Clicking element '//a[@class='hbi-item'][normalize-space()='Spolky a instituce']'.</msg>
<arg>${ButtonSpolky}</arg>
<doc>Click the element identified by ``locator``.</doc>
<status status="PASS" start="2025-05-13T10:01:58.455993" elapsed="0.255247"/>
</kw>
<kw name="Location Should Contain" owner="SeleniumLibrary">
<msg time="2025-05-13T10:01:58.973370" level="INFO">Current location contains 'https://pozlovice.cz/spolky-instituce'.</msg>
<arg>${StrankaSpolky}</arg>
<doc>Verifies that the current URL contains ``expected``.</doc>
<status status="PASS" start="2025-05-13T10:01:58.711515" elapsed="0.261967"/>
</kw>
<kw name="Element Should Be Visible" owner="SeleniumLibrary">
<msg time="2025-05-13T10:01:58.990691" level="INFO">Element '//h3[normalize-space()='Místní knihovna']' is displayed.</msg>
<arg>${ButtonKnihovna}</arg>
<doc>Verifies that the element identified by ``locator`` is visible.</doc>
<status status="PASS" start="2025-05-13T10:01:58.973683" elapsed="0.017121"/>
</kw>
<kw name="Click Element" owner="SeleniumLibrary">
<msg time="2025-05-13T10:01:58.991244" level="INFO">Clicking element '//h3[normalize-space()='Místní knihovna']'.</msg>
<arg>${ButtonKnihovna}</arg>
<doc>Click the element identified by ``locator``.</doc>
<status status="PASS" start="2025-05-13T10:01:58.991001" elapsed="0.518655"/>
</kw>
<kw name="Location Should Contain" owner="SeleniumLibrary">
<msg time="2025-05-13T10:01:59.513969" level="INFO">Current location contains 'https://pozlovice.cz/spol/mistni-knihovna'.</msg>
<arg>${StrankaKnihovna}</arg>
<doc>Verifies that the current URL contains ``expected``.</doc>
<status status="PASS" start="2025-05-13T10:01:59.509905" elapsed="0.004164"/>
</kw>
<kw name="Element Should Be Visible" owner="SeleniumLibrary">
<msg time="2025-05-13T10:01:59.525810" level="INFO">Element '//a[normalize-space()='katalog knihovny']' is displayed.</msg>
<arg>${ButtonKatalog}</arg>
<doc>Verifies that the element identified by ``locator`` is visible.</doc>
<status status="PASS" start="2025-05-13T10:01:59.514252" elapsed="0.011657"/>
</kw>
<kw name="Get Window Handles" owner="SeleniumLibrary">
<msg time="2025-05-13T10:01:59.527983" level="INFO">${OldWindows} = ['B10A2CAB6C367BD6BCF046781D2A6A51']</msg>
<var>${OldWindows}</var>
<doc>Returns all child window handles of the selected browser as a list.</doc>
<status status="PASS" start="2025-05-13T10:01:59.526079" elapsed="0.001990"/>
</kw>
<kw name="Click Element" owner="SeleniumLibrary">
<msg time="2025-05-13T10:01:59.528599" level="INFO">Clicking element '//a[normalize-space()='katalog knihovny']'.</msg>
<arg>${ButtonKatalog}</arg>
<doc>Click the element identified by ``locator``.</doc>
<status status="PASS" start="2025-05-13T10:01:59.528310" elapsed="0.081108"/>
</kw>
<kw name="Wait Until Keyword Succeeds" owner="BuiltIn">
<kw name="Window Handle Should Change" owner="Keywords">
<kw name="Get Window Handles" owner="SeleniumLibrary">
<msg time="2025-05-13T10:01:59.639628" level="INFO">${CurrentWindows} = ['B10A2CAB6C367BD6BCF046781D2A6A51', 'BA6697026E2D1A89AA3CB6C0E8D49E4C']</msg>
<var>${CurrentWindows}</var>
<doc>Returns all child window handles of the selected browser as a list.</doc>
<status status="PASS" start="2025-05-13T10:01:59.611306" elapsed="0.028391"/>
</kw>
<kw name="Get Length" owner="BuiltIn">
<msg time="2025-05-13T10:01:59.640106" level="INFO">Length is 1.</msg>
<msg time="2025-05-13T10:01:59.640186" level="INFO">${old_len} = 1</msg>
<var>${old_len}</var>
<arg>${OldWindows}</arg>
<doc>Returns and logs the length of the given item as an integer.</doc>
<status status="PASS" start="2025-05-13T10:01:59.639920" elapsed="0.000294"/>
</kw>
<kw name="Get Length" owner="BuiltIn">
<msg time="2025-05-13T10:01:59.640450" level="INFO">Length is 2.</msg>
<msg time="2025-05-13T10:01:59.640518" level="INFO">${new_len} = 2</msg>
<var>${new_len}</var>
<arg>${CurrentWindows}</arg>
<doc>Returns and logs the length of the given item as an integer.</doc>
<status status="PASS" start="2025-05-13T10:01:59.640332" elapsed="0.000211"/>
</kw>
<kw name="Should Be True" owner="BuiltIn">
<arg>${new_len} &gt; ${old_len}</arg>
<doc>Fails if the given condition is not true.</doc>
<status status="PASS" start="2025-05-13T10:01:59.640655" elapsed="0.000228"/>
</kw>
<arg>${OldWindows}</arg>
<status status="PASS" start="2025-05-13T10:01:59.610631" elapsed="0.030343"/>
</kw>
<arg>10x</arg>
<arg>1s</arg>
<arg>Window Handle Should Change</arg>
<arg>${OldWindows}</arg>
<doc>Runs the specified keyword and retries if it fails.</doc>
<status status="PASS" start="2025-05-13T10:01:59.609785" elapsed="0.031250"/>
</kw>
<kw name="Get Window Handles" owner="SeleniumLibrary">
<msg time="2025-05-13T10:01:59.642428" level="INFO">${AllWindows} = ['B10A2CAB6C367BD6BCF046781D2A6A51', 'BA6697026E2D1A89AA3CB6C0E8D49E4C']</msg>
<var>${AllWindows}</var>
<doc>Returns all child window handles of the selected browser as a list.</doc>
<status status="PASS" start="2025-05-13T10:01:59.641158" elapsed="0.001310"/>
</kw>
<kw name="Get New Window Handle" owner="Keywords">
<for flavor="IN">
<iter>
<kw name="Run Keyword If" owner="BuiltIn">
<arg>'${handle}' not in ${OldHandles}</arg>
<arg>Return From Keyword</arg>
<arg>${handle}</arg>
<doc>Runs the given keyword with the given arguments, if ``condition`` is true.</doc>
<status status="PASS" start="2025-05-13T10:01:59.643333" elapsed="0.000257"/>
</kw>
<var name="${handle}">B10A2CAB6C367BD6BCF046781D2A6A51</var>
<status status="PASS" start="2025-05-13T10:01:59.643165" elapsed="0.000518"/>
</iter>
<iter>
<kw name="Run Keyword If" owner="BuiltIn">
<kw name="Return From Keyword" owner="BuiltIn">
<msg time="2025-05-13T10:01:59.644827" level="INFO">Returning from the enclosing user keyword.</msg>
<arg>${handle}</arg>
<doc>Returns from the enclosing user keyword.</doc>
<status status="PASS" start="2025-05-13T10:01:59.644286" elapsed="0.000832"/>
</kw>
<arg>'${handle}' not in ${OldHandles}</arg>
<arg>Return From Keyword</arg>
<arg>${handle}</arg>
<doc>Runs the given keyword with the given arguments, if ``condition`` is true.</doc>
<status status="PASS" start="2025-05-13T10:01:59.643995" elapsed="0.001207"/>
</kw>
<var name="${handle}">BA6697026E2D1A89AA3CB6C0E8D49E4C</var>
<status status="PASS" start="2025-05-13T10:01:59.643849" elapsed="0.001408"/>
</iter>
<var>${handle}</var>
<value>@{NewHandles}</value>
<status status="PASS" start="2025-05-13T10:01:59.642965" elapsed="0.002359"/>
</for>
<msg time="2025-05-13T10:01:59.645510" level="INFO">${NewWindow} = BA6697026E2D1A89AA3CB6C0E8D49E4C</msg>
<var>${NewWindow}</var>
<arg>${OldWindows}</arg>
<arg>${AllWindows}</arg>
<status status="PASS" start="2025-05-13T10:01:59.642679" elapsed="0.002863"/>
</kw>
<kw name="Switch Window" owner="SeleniumLibrary">
<arg>${NewWindow}</arg>
<doc>Switches to browser window matching ``locator``.</doc>
<status status="PASS" start="2025-05-13T10:01:59.645685" elapsed="0.050473"/>
</kw>
<kw name="Location Should Contain" owner="SeleniumLibrary">
<msg time="2025-05-13T10:02:01.015184" level="INFO">Current location contains 'https://luhacovice.tritius.cz/library/pozlovice/'.</msg>
<arg>${StrankaKatalog}</arg>
<doc>Verifies that the current URL contains ``expected``.</doc>
<status status="PASS" start="2025-05-13T10:01:59.696400" elapsed="1.318915"/>
</kw>
<kw name="Close Browser" owner="SeleniumLibrary">
<doc>Closes the current browser.</doc>
<status status="PASS" start="2025-05-13T10:02:01.015533" elapsed="2.218335"/>
</kw>
<arg>${Button_Spolky}</arg>
<arg>${URL_Finish}</arg>
<arg>${Button_Knihovna}</arg>
<arg>${URL_Finish2}</arg>
<arg>${Button_Katalog}</arg>
<arg>${URL_Finish3}</arg>
<status status="PASS" start="2025-05-13T10:01:58.445071" elapsed="4.789059"/>
</kw>
<status status="PASS" start="2025-05-13T10:01:58.444458" elapsed="4.790084"/>
</test>
<test id="s1-t3" name="Post-conditions" line="17">
<kw name="Close Browser" owner="SeleniumLibrary">
<doc>Closes the current browser.</doc>
<status status="PASS" start="2025-05-13T10:02:03.235305" elapsed="0.000129"/>
</kw>
<status status="PASS" start="2025-05-13T10:02:03.234953" elapsed="0.000615"/>
</test>
<status status="PASS" start="2025-05-13T10:01:48.681864" elapsed="14.554106"/>
</suite>
<statistics>
<total>
<stat pass="3" fail="0" skip="0">All Tests</stat>
</total>
<tag>
</tag>
<suite>
<stat name="TS 031" id="s1" pass="3" fail="0" skip="0">TS 031</stat>
</suite>
</statistics>
<errors>
<msg time="2025-05-13T10:01:48.982535" level="WARN">Imported resource file 'C:\Users\Daniel\Desktop\testování\Automatické\SpolkyAInstituce\031\Inputs.robot' is empty.</msg>
<msg time="2025-05-13T10:01:48.988434" level="WARN">exexcutable_path is being deprecated. Please use service to configure the driver's executable_path as per documentation.</msg>
</errors>
</robot>
