<?xml version="1.0" encoding="UTF-8"?>
<robot generator="Robot 7.2.2 (Python 3.13.3 on win32)" generated="2025-05-13T14:21:42.345678" rpa="false" schemaversion="5">
<suite id="s1" name="TS 072" source="C:\Users\Daniel\Desktop\testování\Automatické\Rezervace\072\TS_072.robot">
<test id="s1-t1" name="Pre-conditions" line="11">
<kw name="Otevri Prohlizec Jdi na URL a Zkontroluj" owner="Keywords">
<kw name="Open Browser" owner="SeleniumLibrary">
<msg time="2025-05-13T14:21:42.904260" level="WARN">exexcutable_path is being deprecated. Please use service to configure the driver's executable_path as per documentation.</msg>
<msg time="2025-05-13T14:21:42.904498" level="INFO">Opening browser 'Chrome' to base url 'https://pozlovice.cz/obec/rezervacni-system'.</msg>
<arg>${URL}</arg>
<arg>${Browser}</arg>
<arg>executable_path=C:\\Users\\Daniel\\Desktop\\testování\\chromedriver.exe</arg>
<doc>Opens a new browser instance to the optional ``url``.</doc>
<status status="PASS" start="2025-05-13T14:21:42.903971" elapsed="3.909063"/>
</kw>
<kw name="Maximize Browser Window" owner="SeleniumLibrary">
<doc>Maximizes current browser window.</doc>
<status status="PASS" start="2025-05-13T14:21:46.813590" elapsed="0.035582"/>
</kw>
<kw name="Wait Until Element Is Visible" owner="SeleniumLibrary">
<arg>${KontrolovanyElement}</arg>
<doc>Waits until the element ``locator`` is visible.</doc>
<status status="PASS" start="2025-05-13T14:21:46.849610" elapsed="0.190369"/>
</kw>
<arg>${Browser_Chrome}</arg>
<arg>${URL_MainPage}</arg>
<arg>${Button_Sys}</arg>
<status status="PASS" start="2025-05-13T14:21:42.902965" elapsed="4.137201"/>
</kw>
<status status="PASS" start="2025-05-13T14:21:42.902169" elapsed="4.138368"/>
</test>
<test id="s1-t2" name="Kontrola prihlaseni - Nevalidni heslo" line="14">
<kw name="Zaloguj a Zkontroluj" owner="Keywords">
<kw name="Element Should Be Visible" owner="SeleniumLibrary">
<msg time="2025-05-13T14:21:47.092145" level="INFO">Element '//a[@href='https://pozlovice.rezervace.online/']' is displayed.</msg>
<arg>${Button_Sys}</arg>
<doc>Verifies that the element identified by ``locator`` is visible.</doc>
<status status="PASS" start="2025-05-13T14:21:47.044313" elapsed="0.048033"/>
</kw>
<kw name="Get Window Handles" owner="SeleniumLibrary">
<msg time="2025-05-13T14:21:47.094717" level="INFO">${OldWindows} = ['13C301BD37350DBB3867064FA44A2BE3']</msg>
<var>${OldWindows}</var>
<doc>Returns all child window handles of the selected browser as a list.</doc>
<status status="PASS" start="2025-05-13T14:21:47.092652" elapsed="0.002137"/>
</kw>
<kw name="Click Element" owner="SeleniumLibrary">
<msg time="2025-05-13T14:21:47.095399" level="INFO">Clicking element '//a[@href='https://pozlovice.rezervace.online/']'.</msg>
<arg>${Button_Sys}</arg>
<doc>Click the element identified by ``locator``.</doc>
<status status="PASS" start="2025-05-13T14:21:47.095026" elapsed="0.158865"/>
</kw>
<kw name="Wait Until Keyword Succeeds" owner="BuiltIn">
<kw name="Window Handle Should Change" owner="Keywords">
<kw name="Get Window Handles" owner="SeleniumLibrary">
<msg time="2025-05-13T14:21:47.422594" level="INFO">${CurrentWindows} = ['13C301BD37350DBB3867064FA44A2BE3', '2ECD81A2EE0DAEEB194757E93596C78E']</msg>
<var>${CurrentWindows}</var>
<doc>Returns all child window handles of the selected browser as a list.</doc>
<status status="PASS" start="2025-05-13T14:21:47.256053" elapsed="0.166629"/>
</kw>
<kw name="Get Length" owner="BuiltIn">
<msg time="2025-05-13T14:21:47.423246" level="INFO">Length is 1.</msg>
<msg time="2025-05-13T14:21:47.423377" level="INFO">${old_len} = 1</msg>
<var>${old_len}</var>
<arg>${OldWindows}</arg>
<doc>Returns and logs the length of the given item as an integer.</doc>
<status status="PASS" start="2025-05-13T14:21:47.422964" elapsed="0.000458"/>
</kw>
<kw name="Get Length" owner="BuiltIn">
<msg time="2025-05-13T14:21:47.423897" level="INFO">Length is 2.</msg>
<msg time="2025-05-13T14:21:47.424030" level="INFO">${new_len} = 2</msg>
<var>${new_len}</var>
<arg>${CurrentWindows}</arg>
<doc>Returns and logs the length of the given item as an integer.</doc>
<status status="PASS" start="2025-05-13T14:21:47.423655" elapsed="0.000416"/>
</kw>
<kw name="Should Be True" owner="BuiltIn">
<arg>${new_len} &gt; ${old_len}</arg>
<doc>Fails if the given condition is not true.</doc>
<status status="PASS" start="2025-05-13T14:21:47.424297" elapsed="0.000392"/>
</kw>
<arg>${OldWindows}</arg>
<status status="PASS" start="2025-05-13T14:21:47.255314" elapsed="0.169507"/>
</kw>
<arg>10x</arg>
<arg>1s</arg>
<arg>Window Handle Should Change</arg>
<arg>${OldWindows}</arg>
<doc>Runs the specified keyword and retries if it fails.</doc>
<status status="PASS" start="2025-05-13T14:21:47.254329" elapsed="0.170588"/>
</kw>
<kw name="Get Window Handles" owner="SeleniumLibrary">
<msg time="2025-05-13T14:21:47.427014" level="INFO">${AllWindows} = ['13C301BD37350DBB3867064FA44A2BE3', '2ECD81A2EE0DAEEB194757E93596C78E']</msg>
<var>${AllWindows}</var>
<doc>Returns all child window handles of the selected browser as a list.</doc>
<status status="PASS" start="2025-05-13T14:21:47.425125" elapsed="0.001944"/>
</kw>
<kw name="Get New Window Handle" owner="Keywords">
<for flavor="IN">
<iter>
<kw name="Run Keyword If" owner="BuiltIn">
<arg>'${handle}' not in ${OldHandles}</arg>
<arg>Return From Keyword</arg>
<arg>${handle}</arg>
<doc>Runs the given keyword with the given arguments, if ``condition`` is true.</doc>
<status status="PASS" start="2025-05-13T14:21:47.428184" elapsed="0.000294"/>
</kw>
<var name="${handle}">13C301BD37350DBB3867064FA44A2BE3</var>
<status status="PASS" start="2025-05-13T14:21:47.428023" elapsed="0.000525"/>
</iter>
<iter>
<kw name="Run Keyword If" owner="BuiltIn">
<kw name="Return From Keyword" owner="BuiltIn">
<msg time="2025-05-13T14:21:47.429246" level="INFO">Returning from the enclosing user keyword.</msg>
<arg>${handle}</arg>
<doc>Returns from the enclosing user keyword.</doc>
<status status="PASS" start="2025-05-13T14:21:47.429152" elapsed="0.000190"/>
</kw>
<arg>'${handle}' not in ${OldHandles}</arg>
<arg>Return From Keyword</arg>
<arg>${handle}</arg>
<doc>Runs the given keyword with the given arguments, if ``condition`` is true.</doc>
<status status="PASS" start="2025-05-13T14:21:47.428841" elapsed="0.000612"/>
</kw>
<var name="${handle}">2ECD81A2EE0DAEEB194757E93596C78E</var>
<status status="PASS" start="2025-05-13T14:21:47.428704" elapsed="0.000808"/>
</iter>
<var>${handle}</var>
<value>@{NewHandles}</value>
<status status="PASS" start="2025-05-13T14:21:47.427803" elapsed="0.001799"/>
</for>
<msg time="2025-05-13T14:21:47.429974" level="INFO">${NewWindow} = 2ECD81A2EE0DAEEB194757E93596C78E</msg>
<var>${NewWindow}</var>
<arg>${OldWindows}</arg>
<arg>${AllWindows}</arg>
<status status="PASS" start="2025-05-13T14:21:47.427407" elapsed="0.002631"/>
</kw>
<kw name="Switch Window" owner="SeleniumLibrary">
<arg>${NewWindow}</arg>
<doc>Switches to browser window matching ``locator``.</doc>
<status status="PASS" start="2025-05-13T14:21:47.430323" elapsed="0.093863"/>
</kw>
<kw name="Sleep" owner="BuiltIn">
<msg time="2025-05-13T14:21:50.525545" level="INFO">Slept 3 seconds.</msg>
<arg>3s</arg>
<doc>Pauses the test executed for the given time.</doc>
<status status="PASS" start="2025-05-13T14:21:47.524566" elapsed="3.001107"/>
</kw>
<kw name="Location Should Contain" owner="SeleniumLibrary">
<msg time="2025-05-13T14:21:50.530755" level="INFO">Current location contains 'https://pozlovice.rezervace.online/cs/terms'.</msg>
<arg>${StrankaSys}</arg>
<doc>Verifies that the current URL contains ``expected``.</doc>
<status status="PASS" start="2025-05-13T14:21:50.525849" elapsed="0.005005"/>
</kw>
<kw name="Element Should Be Visible" owner="SeleniumLibrary">
<msg time="2025-05-13T14:21:50.546670" level="INFO">Element '//a[normalize-space()='Registrace']' is displayed.</msg>
<arg>${Button_Reg}</arg>
<doc>Verifies that the element identified by ``locator`` is visible.</doc>
<status status="PASS" start="2025-05-13T14:21:50.531019" elapsed="0.015752"/>
</kw>
<kw name="Click Element" owner="SeleniumLibrary">
<msg time="2025-05-13T14:21:50.547336" level="INFO">Clicking element '//a[normalize-space()='Registrace']'.</msg>
<arg>${Button_Reg}</arg>
<doc>Click the element identified by ``locator``.</doc>
<status status="PASS" start="2025-05-13T14:21:50.547100" elapsed="0.051764"/>
</kw>
<kw name="Sleep" owner="BuiltIn">
<msg time="2025-05-13T14:21:52.599461" level="INFO">Slept 2 seconds.</msg>
<arg>2s</arg>
<doc>Pauses the test executed for the given time.</doc>
<status status="PASS" start="2025-05-13T14:21:50.599116" elapsed="2.000512"/>
</kw>
<kw name="Location Should Contain" owner="SeleniumLibrary">
<msg time="2025-05-13T14:21:52.603757" level="INFO">Current location contains 'https://pozlovice.rezervace.online/cs/account/register'.</msg>
<arg>${StrankaReg}</arg>
<doc>Verifies that the current URL contains ``expected``.</doc>
<status status="PASS" start="2025-05-13T14:21:52.599855" elapsed="0.004028"/>
</kw>
<kw name="Element Should Be Visible" owner="SeleniumLibrary">
<msg time="2025-05-13T14:21:52.618773" level="INFO">Element '//input[@id='dynamic-form-control-0']' is displayed.</msg>
<arg>${Input_email}</arg>
<doc>Verifies that the element identified by ``locator`` is visible.</doc>
<status status="PASS" start="2025-05-13T14:21:52.604068" elapsed="0.014803"/>
</kw>
<kw name="Element Should Be Visible" owner="SeleniumLibrary">
<msg time="2025-05-13T14:21:52.630654" level="INFO">Element '//input[@id='dynamic-form-control-1']' is displayed.</msg>
<arg>${Input_heslo}</arg>
<doc>Verifies that the element identified by ``locator`` is visible.</doc>
<status status="PASS" start="2025-05-13T14:21:52.619039" elapsed="0.011712"/>
</kw>
<kw name="Element Should Be Visible" owner="SeleniumLibrary">
<msg time="2025-05-13T14:21:52.643497" level="INFO">Element '//input[@id='dynamic-form-control-2']' is displayed.</msg>
<arg>${Input_hesloVerify}</arg>
<doc>Verifies that the element identified by ``locator`` is visible.</doc>
<status status="PASS" start="2025-05-13T14:21:52.630921" elapsed="0.012683"/>
</kw>
<kw name="Element Should Be Visible" owner="SeleniumLibrary">
<msg time="2025-05-13T14:21:52.658361" level="INFO">Element '//input[@id='dynamic-form-control-3']' is displayed.</msg>
<arg>${Input_jmeno}</arg>
<doc>Verifies that the element identified by ``locator`` is visible.</doc>
<status status="PASS" start="2025-05-13T14:21:52.643813" elapsed="0.014652"/>
</kw>
<kw name="Element Should Be Visible" owner="SeleniumLibrary">
<msg time="2025-05-13T14:21:52.672080" level="INFO">Element '//input[@id='dynamic-form-control-4']' is displayed.</msg>
<arg>${Input_prijmeni}</arg>
<doc>Verifies that the element identified by ``locator`` is visible.</doc>
<status status="PASS" start="2025-05-13T14:21:52.658651" elapsed="0.013530"/>
</kw>
<kw name="Element Should Be Visible" owner="SeleniumLibrary">
<msg time="2025-05-13T14:21:52.683764" level="INFO">Element '//input[@id='dynamic-form-control-5']' is displayed.</msg>
<arg>${Input_tel}</arg>
<doc>Verifies that the element identified by ``locator`` is visible.</doc>
<status status="PASS" start="2025-05-13T14:21:52.672355" elapsed="0.011507"/>
</kw>
<kw name="Input Text" owner="SeleniumLibrary">
<msg time="2025-05-13T14:21:52.684254" level="INFO">Typing text 'testik@pes.cz' into text field '//input[@id='dynamic-form-control-0']'.</msg>
<arg>${Input_email}</arg>
<arg>${Value_NevalidniEmail}</arg>
<doc>Types the given ``text`` into the text field identified by ``locator``.</doc>
<status status="PASS" start="2025-05-13T14:21:52.684028" elapsed="0.117840"/>
</kw>
<kw name="Input Text" owner="SeleniumLibrary">
<msg time="2025-05-13T14:21:52.802380" level="INFO">Typing text 'pepa' into text field '//input[@id='dynamic-form-control-1']'.</msg>
<arg>${Input_heslo}</arg>
<arg>${Value_Validniheslo}</arg>
<doc>Types the given ``text`` into the text field identified by ``locator``.</doc>
<status status="PASS" start="2025-05-13T14:21:52.802091" elapsed="0.078699"/>
</kw>
<kw name="Input Text" owner="SeleniumLibrary">
<msg time="2025-05-13T14:21:52.881346" level="INFO">Typing text 'pepa' into text field '//input[@id='dynamic-form-control-2']'.</msg>
<arg>${Input_hesloVerify}</arg>
<arg>${Value_Validniheslo}</arg>
<doc>Types the given ``text`` into the text field identified by ``locator``.</doc>
<status status="PASS" start="2025-05-13T14:21:52.881026" elapsed="0.065010"/>
</kw>
<kw name="Input Text" owner="SeleniumLibrary">
<msg time="2025-05-13T14:21:52.946807" level="INFO">Typing text 'Daniel' into text field '//input[@id='dynamic-form-control-3']'.</msg>
<arg>${Input_jmeno}</arg>
<arg>${Value_Validnijmeno}</arg>
<doc>Types the given ``text`` into the text field identified by ``locator``.</doc>
<status status="PASS" start="2025-05-13T14:21:52.946383" elapsed="0.067604"/>
</kw>
<kw name="Input Text" owner="SeleniumLibrary">
<msg time="2025-05-13T14:21:53.014505" level="INFO">Typing text 'Kubicek' into text field '//input[@id='dynamic-form-control-4']'.</msg>
<arg>${Input_prijmeni}</arg>
<arg>${Value_Validniprijmeni}</arg>
<doc>Types the given ``text`` into the text field identified by ``locator``.</doc>
<status status="PASS" start="2025-05-13T14:21:53.014210" elapsed="0.069201"/>
</kw>
<kw name="Input Text" owner="SeleniumLibrary">
<msg time="2025-05-13T14:21:53.083958" level="INFO">Typing text '123456789' into text field '//input[@id='dynamic-form-control-5']'.</msg>
<arg>${Input_tel}</arg>
<arg>${Value_ValidniTelefon}</arg>
<doc>Types the given ``text`` into the text field identified by ``locator``.</doc>
<status status="PASS" start="2025-05-13T14:21:53.083644" elapsed="0.081420"/>
</kw>
<kw name="Wait Until Element Is Visible" owner="SeleniumLibrary">
<arg>${SpatneUdaje}</arg>
<doc>Waits until the element ``locator`` is visible.</doc>
<status status="PASS" start="2025-05-13T14:21:53.165402" elapsed="0.016574"/>
</kw>
<arg>${Button_Sys}</arg>
<arg>${URL_Sys}</arg>
<arg>${Button_Reg}</arg>
<arg>${URL_Reg}</arg>
<arg>${Input_email}</arg>
<arg>${Input_heslo}</arg>
<arg>${Input_hesloVerify}</arg>
<arg>${Input_jmeno}</arg>
<arg>${Input_prijmeni}</arg>
<arg>${Input_tel}</arg>
<arg>${Value_ValidniEmail}</arg>
<arg>${Value_Nevalidniheslo}</arg>
<arg>${Value_Validnijmeno}</arg>
<arg>${Value_Validniprijmeni}</arg>
<arg>${Value_ValidniTelefon}</arg>
<arg>${SpatneUdaje}</arg>
<status status="PASS" start="2025-05-13T14:21:47.042338" elapsed="6.139771"/>
</kw>
<status status="PASS" start="2025-05-13T14:21:47.041089" elapsed="6.141329"/>
</test>
<test id="s1-t3" name="Post-conditions" line="17">
<kw name="Close Browser" owner="SeleniumLibrary">
<doc>Closes the current browser.</doc>
<status status="PASS" start="2025-05-13T14:21:53.183140" elapsed="2.306587"/>
</kw>
<status status="PASS" start="2025-05-13T14:21:53.182804" elapsed="2.307197"/>
</test>
<status status="PASS" start="2025-05-13T14:21:42.347745" elapsed="13.142783"/>
</suite>
<statistics>
<total>
<stat pass="3" fail="0" skip="0">All Tests</stat>
</total>
<tag>
</tag>
<suite>
<stat name="TS 072" id="s1" pass="3" fail="0" skip="0">TS 072</stat>
</suite>
</statistics>
<errors>
<msg time="2025-05-13T14:21:42.904260" level="WARN">exexcutable_path is being deprecated. Please use service to configure the driver's executable_path as per documentation.</msg>
</errors>
</robot>
