<?xml version="1.0" encoding="UTF-8"?>
<robot generator="Robot 7.2.2 (Python 3.13.3 on win32)" generated="2025-05-13T10:08:16.044653" rpa="false" schemaversion="5">
<suite id="s1" name="TS 033" source="C:\Users\Daniel\Desktop\testování\Automatické\SpolkyAInstituce\033\TS_033.robot">
<test id="s1-t1" name="Pre-conditions" line="11">
<kw name="Otevri Prohlizec Jdi na URL a Zkontroluj" owner="Keywords">
<kw name="Open Browser" owner="SeleniumLibrary">
<msg time="2025-05-13T10:08:16.273239" level="WARN">exexcutable_path is being deprecated. Please use service to configure the driver's executable_path as per documentation.</msg>
<msg time="2025-05-13T10:08:16.273450" level="INFO">Opening browser 'Chrome' to base url 'https://pozlovice.cz/'.</msg>
<arg>${URL}</arg>
<arg>${Browser}</arg>
<arg>executable_path=C:\\Users\\Daniel\\Desktop\\testování\\chromedriver.exe</arg>
<doc>Opens a new browser instance to the optional ``url``.</doc>
<status status="PASS" start="2025-05-13T10:08:16.272982" elapsed="5.423620"/>
</kw>
<kw name="Maximize Browser Window" owner="SeleniumLibrary">
<doc>Maximizes current browser window.</doc>
<status status="PASS" start="2025-05-13T10:08:21.696842" elapsed="0.045743"/>
</kw>
<kw name="Wait Until Element Is Visible" owner="SeleniumLibrary">
<arg>${KontrolovanyElement}</arg>
<doc>Waits until the element ``locator`` is visible.</doc>
<status status="PASS" start="2025-05-13T10:08:21.742870" elapsed="0.055468"/>
</kw>
<arg>${Browser_Chrome}</arg>
<arg>${URL_MainPage}</arg>
<arg>${Button_Spolky}</arg>
<status status="PASS" start="2025-05-13T10:08:16.272315" elapsed="5.526172"/>
</kw>
<status status="PASS" start="2025-05-13T10:08:16.271700" elapsed="5.527068"/>
</test>
<test id="s1-t2" name="Kontrola tlacitka" line="14">
<kw name="Zaloguj a Zkontroluj" owner="Keywords">
<kw name="Element Should Be Visible" owner="SeleniumLibrary">
<msg time="2025-05-13T10:08:21.813206" level="INFO">Element '//a[@class='hbi-item'][normalize-space()='Spolky a instituce']' is displayed.</msg>
<arg>${ButtonSpolky}</arg>
<doc>Verifies that the element identified by ``locator`` is visible.</doc>
<status status="PASS" start="2025-05-13T10:08:21.800259" elapsed="0.013106"/>
</kw>
<kw name="Click Element" owner="SeleniumLibrary">
<msg time="2025-05-13T10:08:21.813827" level="INFO">Clicking element '//a[@class='hbi-item'][normalize-space()='Spolky a instituce']'.</msg>
<arg>${ButtonSpolky}</arg>
<doc>Click the element identified by ``locator``.</doc>
<status status="PASS" start="2025-05-13T10:08:21.813580" elapsed="0.373564"/>
</kw>
<kw name="Location Should Contain" owner="SeleniumLibrary">
<msg time="2025-05-13T10:08:22.343959" level="INFO">Current location contains 'https://pozlovice.cz/spolky-instituce'.</msg>
<arg>${StrankaSpolky}</arg>
<doc>Verifies that the current URL contains ``expected``.</doc>
<status status="PASS" start="2025-05-13T10:08:22.187444" elapsed="0.156647"/>
</kw>
<kw name="Element Should Be Visible" owner="SeleniumLibrary">
<msg time="2025-05-13T10:08:22.373125" level="INFO">Element '//h3[contains(text(),'Mateřská škola Pozlovice')]' is displayed.</msg>
<arg>${ButtonSkola}</arg>
<doc>Verifies that the element identified by ``locator`` is visible.</doc>
<status status="PASS" start="2025-05-13T10:08:22.344305" elapsed="0.028958"/>
</kw>
<kw name="Click Element" owner="SeleniumLibrary">
<msg time="2025-05-13T10:08:22.373804" level="INFO">Clicking element '//h3[contains(text(),'Mateřská škola Pozlovice')]'.</msg>
<arg>${ButtonSkola}</arg>
<doc>Click the element identified by ``locator``.</doc>
<status status="PASS" start="2025-05-13T10:08:22.373498" elapsed="0.444110"/>
</kw>
<kw name="Location Should Contain" owner="SeleniumLibrary">
<msg time="2025-05-13T10:08:22.821576" level="INFO">Current location contains 'https://pozlovice.cz/spol/materska-skola-pozlovice'.</msg>
<arg>${StrankaSkola}</arg>
<doc>Verifies that the current URL contains ``expected``.</doc>
<status status="PASS" start="2025-05-13T10:08:22.817837" elapsed="0.003895"/>
</kw>
<kw name="Element Should Be Visible" owner="SeleniumLibrary">
<msg time="2025-05-13T10:08:22.838774" level="INFO">Element '//a[normalize-space()='https://www.mspozlovice.cz']' is displayed.</msg>
<arg>${ButtonWeb}</arg>
<doc>Verifies that the element identified by ``locator`` is visible.</doc>
<status status="PASS" start="2025-05-13T10:08:22.821943" elapsed="0.016976"/>
</kw>
<kw name="Get Window Handles" owner="SeleniumLibrary">
<msg time="2025-05-13T10:08:22.840434" level="INFO">${OldWindows} = ['23FF6112FEC43F0CD984C6558B9F7C45']</msg>
<var>${OldWindows}</var>
<doc>Returns all child window handles of the selected browser as a list.</doc>
<status status="PASS" start="2025-05-13T10:08:22.839152" elapsed="0.001335"/>
</kw>
<kw name="Click Element" owner="SeleniumLibrary">
<msg time="2025-05-13T10:08:22.840951" level="INFO">Clicking element '//a[normalize-space()='https://www.mspozlovice.cz']'.</msg>
<arg>${ButtonWeb}</arg>
<doc>Click the element identified by ``locator``.</doc>
<status status="PASS" start="2025-05-13T10:08:22.840690" elapsed="0.105483"/>
</kw>
<kw name="Wait Until Keyword Succeeds" owner="BuiltIn">
<kw name="Window Handle Should Change" owner="Keywords">
<kw name="Get Window Handles" owner="SeleniumLibrary">
<msg time="2025-05-13T10:08:22.956804" level="INFO">${CurrentWindows} = ['23FF6112FEC43F0CD984C6558B9F7C45', 'FAB132748DF67781AFC66E155BEA89D0']</msg>
<var>${CurrentWindows}</var>
<doc>Returns all child window handles of the selected browser as a list.</doc>
<status status="PASS" start="2025-05-13T10:08:22.947243" elapsed="0.009640"/>
</kw>
<kw name="Get Length" owner="BuiltIn">
<msg time="2025-05-13T10:08:22.957413" level="INFO">Length is 1.</msg>
<msg time="2025-05-13T10:08:22.957526" level="INFO">${old_len} = 1</msg>
<var>${old_len}</var>
<arg>${OldWindows}</arg>
<doc>Returns and logs the length of the given item as an integer.</doc>
<status status="PASS" start="2025-05-13T10:08:22.957159" elapsed="0.000407"/>
</kw>
<kw name="Get Length" owner="BuiltIn">
<msg time="2025-05-13T10:08:22.957906" level="INFO">Length is 2.</msg>
<msg time="2025-05-13T10:08:22.957981" level="INFO">${new_len} = 2</msg>
<var>${new_len}</var>
<arg>${CurrentWindows}</arg>
<doc>Returns and logs the length of the given item as an integer.</doc>
<status status="PASS" start="2025-05-13T10:08:22.957742" elapsed="0.000265"/>
</kw>
<kw name="Should Be True" owner="BuiltIn">
<arg>${new_len} &gt; ${old_len}</arg>
<doc>Fails if the given condition is not true.</doc>
<status status="PASS" start="2025-05-13T10:08:22.958123" elapsed="0.000335"/>
</kw>
<arg>${OldWindows}</arg>
<status status="PASS" start="2025-05-13T10:08:22.946822" elapsed="0.011867"/>
</kw>
<arg>10x</arg>
<arg>1s</arg>
<arg>Window Handle Should Change</arg>
<arg>${OldWindows}</arg>
<doc>Runs the specified keyword and retries if it fails.</doc>
<status status="PASS" start="2025-05-13T10:08:22.946424" elapsed="0.012436"/>
</kw>
<kw name="Get Window Handles" owner="SeleniumLibrary">
<msg time="2025-05-13T10:08:22.962664" level="INFO">${AllWindows} = ['23FF6112FEC43F0CD984C6558B9F7C45', 'FAB132748DF67781AFC66E155BEA89D0']</msg>
<var>${AllWindows}</var>
<doc>Returns all child window handles of the selected browser as a list.</doc>
<status status="PASS" start="2025-05-13T10:08:22.959170" elapsed="0.003557"/>
</kw>
<kw name="Get New Window Handle" owner="Keywords">
<for flavor="IN">
<iter>
<kw name="Run Keyword If" owner="BuiltIn">
<arg>'${handle}' not in ${OldHandles}</arg>
<arg>Return From Keyword</arg>
<arg>${handle}</arg>
<doc>Runs the given keyword with the given arguments, if ``condition`` is true.</doc>
<status status="PASS" start="2025-05-13T10:08:22.963805" elapsed="0.000249"/>
</kw>
<var name="${handle}">23FF6112FEC43F0CD984C6558B9F7C45</var>
<status status="PASS" start="2025-05-13T10:08:22.963646" elapsed="0.000514"/>
</iter>
<iter>
<kw name="Run Keyword If" owner="BuiltIn">
<kw name="Return From Keyword" owner="BuiltIn">
<msg time="2025-05-13T10:08:22.965253" level="INFO">Returning from the enclosing user keyword.</msg>
<arg>${handle}</arg>
<doc>Returns from the enclosing user keyword.</doc>
<status status="PASS" start="2025-05-13T10:08:22.964711" elapsed="0.000821"/>
</kw>
<arg>'${handle}' not in ${OldHandles}</arg>
<arg>Return From Keyword</arg>
<arg>${handle}</arg>
<doc>Runs the given keyword with the given arguments, if ``condition`` is true.</doc>
<status status="PASS" start="2025-05-13T10:08:22.964408" elapsed="0.001208"/>
</kw>
<var name="${handle}">FAB132748DF67781AFC66E155BEA89D0</var>
<status status="PASS" start="2025-05-13T10:08:22.964291" elapsed="0.001382"/>
</iter>
<var>${handle}</var>
<value>@{NewHandles}</value>
<status status="PASS" start="2025-05-13T10:08:22.963463" elapsed="0.002275"/>
</for>
<msg time="2025-05-13T10:08:22.966085" level="INFO">${NewWindow} = FAB132748DF67781AFC66E155BEA89D0</msg>
<var>${NewWindow}</var>
<arg>${OldWindows}</arg>
<arg>${AllWindows}</arg>
<status status="PASS" start="2025-05-13T10:08:22.963123" elapsed="0.003005"/>
</kw>
<kw name="Switch Window" owner="SeleniumLibrary">
<arg>${NewWindow}</arg>
<doc>Switches to browser window matching ``locator``.</doc>
<status status="PASS" start="2025-05-13T10:08:22.966334" elapsed="0.057153"/>
</kw>
<kw name="Location Should Contain" owner="SeleniumLibrary">
<msg time="2025-05-13T10:08:23.723803" level="INFO">Current location contains 'https://www.mspozlovice.cz/'.</msg>
<arg>${StrankaWeb}</arg>
<doc>Verifies that the current URL contains ``expected``.</doc>
<status status="PASS" start="2025-05-13T10:08:23.023833" elapsed="0.700080"/>
</kw>
<kw name="Close Browser" owner="SeleniumLibrary">
<doc>Closes the current browser.</doc>
<status status="PASS" start="2025-05-13T10:08:23.724094" elapsed="2.266404"/>
</kw>
<arg>${Button_Spolky}</arg>
<arg>${URL_Finish}</arg>
<arg>${Button_Skola}</arg>
<arg>${URL_Finish2}</arg>
<arg>${Button_Web}</arg>
<arg>${URL_Finish3}</arg>
<status status="PASS" start="2025-05-13T10:08:21.799742" elapsed="4.190989"/>
</kw>
<status status="PASS" start="2025-05-13T10:08:21.799189" elapsed="4.192052"/>
</test>
<test id="s1-t3" name="Post-conditions" line="17">
<kw name="Close Browser" owner="SeleniumLibrary">
<doc>Closes the current browser.</doc>
<status status="PASS" start="2025-05-13T10:08:25.991986" elapsed="0.000129"/>
</kw>
<status status="PASS" start="2025-05-13T10:08:25.991665" elapsed="0.000563"/>
</test>
<status status="PASS" start="2025-05-13T10:08:16.046228" elapsed="9.946441"/>
</suite>
<statistics>
<total>
<stat pass="3" fail="0" skip="0">All Tests</stat>
</total>
<tag>
</tag>
<suite>
<stat name="TS 033" id="s1" pass="3" fail="0" skip="0">TS 033</stat>
</suite>
</statistics>
<errors>
<msg time="2025-05-13T10:08:16.268530" level="WARN">Imported resource file 'C:\Users\Daniel\Desktop\testování\Automatické\SpolkyAInstituce\033\Inputs.robot' is empty.</msg>
<msg time="2025-05-13T10:08:16.273239" level="WARN">exexcutable_path is being deprecated. Please use service to configure the driver's executable_path as per documentation.</msg>
</errors>
</robot>
