<?xml version="1.0" encoding="UTF-8"?>
<robot generator="Robot 7.2.2 (Python 3.13.3 on win32)" generated="2025-05-13T10:07:45.103683" rpa="false" schemaversion="5">
<suite id="s1" name="TS 032" source="C:\Users\Daniel\Desktop\testování\Automatické\SpolkyAInstituce\032\TS_032.robot">
<test id="s1-t1" name="Pre-conditions" line="11">
<kw name="Otevri Prohlizec Jdi na URL a Zkontroluj" owner="Keywords">
<kw name="Open Browser" owner="SeleniumLibrary">
<msg time="2025-05-13T10:07:45.371946" level="WARN">exexcutable_path is being deprecated. Please use service to configure the driver's executable_path as per documentation.</msg>
<msg time="2025-05-13T10:07:45.372155" level="INFO">Opening browser 'Chrome' to base url 'https://pozlovice.cz/'.</msg>
<arg>${URL}</arg>
<arg>${Browser}</arg>
<arg>executable_path=C:\\Users\\Daniel\\Desktop\\testování\\chromedriver.exe</arg>
<doc>Opens a new browser instance to the optional ``url``.</doc>
<status status="PASS" start="2025-05-13T10:07:45.371691" elapsed="5.429811"/>
</kw>
<kw name="Maximize Browser Window" owner="SeleniumLibrary">
<doc>Maximizes current browser window.</doc>
<status status="PASS" start="2025-05-13T10:07:50.801741" elapsed="0.046959"/>
</kw>
<kw name="Wait Until Element Is Visible" owner="SeleniumLibrary">
<arg>${KontrolovanyElement}</arg>
<doc>Waits until the element ``locator`` is visible.</doc>
<status status="PASS" start="2025-05-13T10:07:50.848998" elapsed="0.091465"/>
</kw>
<arg>${Browser_Chrome}</arg>
<arg>${URL_MainPage}</arg>
<arg>${Button_Spolky}</arg>
<status status="PASS" start="2025-05-13T10:07:45.370953" elapsed="5.569670"/>
</kw>
<status status="PASS" start="2025-05-13T10:07:45.370265" elapsed="5.570746"/>
</test>
<test id="s1-t2" name="Kontrola tlacitka" line="14">
<kw name="Zaloguj a Zkontroluj" owner="Keywords">
<kw name="Element Should Be Visible" owner="SeleniumLibrary">
<msg time="2025-05-13T10:07:51.038006" level="INFO">Element '//a[@class='hbi-item'][normalize-space()='Spolky a instituce']' is displayed.</msg>
<arg>${ButtonSpolky}</arg>
<doc>Verifies that the element identified by ``locator`` is visible.</doc>
<status status="PASS" start="2025-05-13T10:07:50.943221" elapsed="0.094932"/>
</kw>
<kw name="Click Element" owner="SeleniumLibrary">
<msg time="2025-05-13T10:07:51.038771" level="INFO">Clicking element '//a[@class='hbi-item'][normalize-space()='Spolky a instituce']'.</msg>
<arg>${ButtonSpolky}</arg>
<doc>Click the element identified by ``locator``.</doc>
<status status="PASS" start="2025-05-13T10:07:51.038428" elapsed="0.271570"/>
</kw>
<kw name="Location Should Contain" owner="SeleniumLibrary">
<msg time="2025-05-13T10:07:51.464875" level="INFO">Current location contains 'https://pozlovice.cz/spolky-instituce'.</msg>
<arg>${StrankaSpolky}</arg>
<doc>Verifies that the current URL contains ``expected``.</doc>
<status status="PASS" start="2025-05-13T10:07:51.310289" elapsed="0.154739"/>
</kw>
<kw name="Element Should Be Visible" owner="SeleniumLibrary">
<msg time="2025-05-13T10:07:51.484879" level="INFO">Element '//h3[contains(text(),'Základní škola Pozlovice')]' is displayed.</msg>
<arg>${ButtonSkola}</arg>
<doc>Verifies that the element identified by ``locator`` is visible.</doc>
<status status="PASS" start="2025-05-13T10:07:51.465307" elapsed="0.019696"/>
</kw>
<kw name="Click Element" owner="SeleniumLibrary">
<msg time="2025-05-13T10:07:51.485488" level="INFO">Clicking element '//h3[contains(text(),'Základní škola Pozlovice')]'.</msg>
<arg>${ButtonSkola}</arg>
<doc>Click the element identified by ``locator``.</doc>
<status status="PASS" start="2025-05-13T10:07:51.485220" elapsed="0.381766"/>
</kw>
<kw name="Location Should Contain" owner="SeleniumLibrary">
<msg time="2025-05-13T10:07:51.870462" level="INFO">Current location contains 'https://pozlovice.cz/spol/zakladni-skola-pozlovice'.</msg>
<arg>${StrankaSkola}</arg>
<doc>Verifies that the current URL contains ``expected``.</doc>
<status status="PASS" start="2025-05-13T10:07:51.867253" elapsed="0.003312"/>
</kw>
<kw name="Element Should Be Visible" owner="SeleniumLibrary">
<msg time="2025-05-13T10:07:51.887163" level="INFO">Element '//a[normalize-space()='https://www.zspozlovice.cz']' is displayed.</msg>
<arg>${ButtonWeb}</arg>
<doc>Verifies that the element identified by ``locator`` is visible.</doc>
<status status="PASS" start="2025-05-13T10:07:51.870773" elapsed="0.016546"/>
</kw>
<kw name="Get Window Handles" owner="SeleniumLibrary">
<msg time="2025-05-13T10:07:51.889004" level="INFO">${OldWindows} = ['45EFD07D9858F814B8FC9017D40D0730']</msg>
<var>${OldWindows}</var>
<doc>Returns all child window handles of the selected browser as a list.</doc>
<status status="PASS" start="2025-05-13T10:07:51.887595" elapsed="0.001460"/>
</kw>
<kw name="Click Element" owner="SeleniumLibrary">
<msg time="2025-05-13T10:07:51.889474" level="INFO">Clicking element '//a[normalize-space()='https://www.zspozlovice.cz']'.</msg>
<arg>${ButtonWeb}</arg>
<doc>Click the element identified by ``locator``.</doc>
<status status="PASS" start="2025-05-13T10:07:51.889244" elapsed="0.092018"/>
</kw>
<kw name="Wait Until Keyword Succeeds" owner="BuiltIn">
<kw name="Window Handle Should Change" owner="Keywords">
<kw name="Get Window Handles" owner="SeleniumLibrary">
<msg time="2025-05-13T10:07:51.998669" level="INFO">${CurrentWindows} = ['45EFD07D9858F814B8FC9017D40D0730', 'D100159196380996CD65A26839D76859']</msg>
<var>${CurrentWindows}</var>
<doc>Returns all child window handles of the selected browser as a list.</doc>
<status status="PASS" start="2025-05-13T10:07:51.982212" elapsed="0.016515"/>
</kw>
<kw name="Get Length" owner="BuiltIn">
<msg time="2025-05-13T10:07:51.999110" level="INFO">Length is 1.</msg>
<msg time="2025-05-13T10:07:51.999190" level="INFO">${old_len} = 1</msg>
<var>${old_len}</var>
<arg>${OldWindows}</arg>
<doc>Returns and logs the length of the given item as an integer.</doc>
<status status="PASS" start="2025-05-13T10:07:51.998930" elapsed="0.000287"/>
</kw>
<kw name="Get Length" owner="BuiltIn">
<msg time="2025-05-13T10:07:51.999496" level="INFO">Length is 2.</msg>
<msg time="2025-05-13T10:07:51.999589" level="INFO">${new_len} = 2</msg>
<var>${new_len}</var>
<arg>${CurrentWindows}</arg>
<doc>Returns and logs the length of the given item as an integer.</doc>
<status status="PASS" start="2025-05-13T10:07:51.999339" elapsed="0.000278"/>
</kw>
<kw name="Should Be True" owner="BuiltIn">
<arg>${new_len} &gt; ${old_len}</arg>
<doc>Fails if the given condition is not true.</doc>
<status status="PASS" start="2025-05-13T10:07:51.999739" elapsed="0.000282"/>
</kw>
<arg>${OldWindows}</arg>
<status status="PASS" start="2025-05-13T10:07:51.981882" elapsed="0.018247"/>
</kw>
<arg>10x</arg>
<arg>1s</arg>
<arg>Window Handle Should Change</arg>
<arg>${OldWindows}</arg>
<doc>Runs the specified keyword and retries if it fails.</doc>
<status status="PASS" start="2025-05-13T10:07:51.981523" elapsed="0.018672"/>
</kw>
<kw name="Get Window Handles" owner="SeleniumLibrary">
<msg time="2025-05-13T10:07:52.001880" level="INFO">${AllWindows} = ['45EFD07D9858F814B8FC9017D40D0730', 'D100159196380996CD65A26839D76859']</msg>
<var>${AllWindows}</var>
<doc>Returns all child window handles of the selected browser as a list.</doc>
<status status="PASS" start="2025-05-13T10:07:52.000328" elapsed="0.001606"/>
</kw>
<kw name="Get New Window Handle" owner="Keywords">
<for flavor="IN">
<iter>
<kw name="Run Keyword If" owner="BuiltIn">
<arg>'${handle}' not in ${OldHandles}</arg>
<arg>Return From Keyword</arg>
<arg>${handle}</arg>
<doc>Runs the given keyword with the given arguments, if ``condition`` is true.</doc>
<status status="PASS" start="2025-05-13T10:07:52.002940" elapsed="0.000251"/>
</kw>
<var name="${handle}">45EFD07D9858F814B8FC9017D40D0730</var>
<status status="PASS" start="2025-05-13T10:07:52.002771" elapsed="0.000491"/>
</iter>
<iter>
<kw name="Run Keyword If" owner="BuiltIn">
<kw name="Return From Keyword" owner="BuiltIn">
<msg time="2025-05-13T10:07:52.004460" level="INFO">Returning from the enclosing user keyword.</msg>
<arg>${handle}</arg>
<doc>Returns from the enclosing user keyword.</doc>
<status status="PASS" start="2025-05-13T10:07:52.003928" elapsed="0.000790"/>
</kw>
<arg>'${handle}' not in ${OldHandles}</arg>
<arg>Return From Keyword</arg>
<arg>${handle}</arg>
<doc>Runs the given keyword with the given arguments, if ``condition`` is true.</doc>
<status status="PASS" start="2025-05-13T10:07:52.003517" elapsed="0.001279"/>
</kw>
<var name="${handle}">D100159196380996CD65A26839D76859</var>
<status status="PASS" start="2025-05-13T10:07:52.003394" elapsed="0.001456"/>
</iter>
<var>${handle}</var>
<value>@{NewHandles}</value>
<status status="PASS" start="2025-05-13T10:07:52.002557" elapsed="0.002354"/>
</for>
<msg time="2025-05-13T10:07:52.005080" level="INFO">${NewWindow} = D100159196380996CD65A26839D76859</msg>
<var>${NewWindow}</var>
<arg>${OldWindows}</arg>
<arg>${AllWindows}</arg>
<status status="PASS" start="2025-05-13T10:07:52.002212" elapsed="0.002899"/>
</kw>
<kw name="Switch Window" owner="SeleniumLibrary">
<arg>${NewWindow}</arg>
<doc>Switches to browser window matching ``locator``.</doc>
<status status="PASS" start="2025-05-13T10:07:52.005243" elapsed="0.060667"/>
</kw>
<kw name="Location Should Contain" owner="SeleniumLibrary">
<msg time="2025-05-13T10:07:53.174918" level="INFO">Current location contains 'https://www.zspozlovice.cz/'.</msg>
<arg>${StrankaWeb}</arg>
<doc>Verifies that the current URL contains ``expected``.</doc>
<status status="PASS" start="2025-05-13T10:07:52.066230" elapsed="1.108787"/>
</kw>
<kw name="Close Browser" owner="SeleniumLibrary">
<doc>Closes the current browser.</doc>
<status status="PASS" start="2025-05-13T10:07:53.175183" elapsed="2.255778"/>
</kw>
<arg>${Button_Spolky}</arg>
<arg>${URL_Finish}</arg>
<arg>${Button_Skola}</arg>
<arg>${URL_Finish2}</arg>
<arg>${Button_Web}</arg>
<arg>${URL_Finish3}</arg>
<status status="PASS" start="2025-05-13T10:07:50.942384" elapsed="4.488722"/>
</kw>
<status status="PASS" start="2025-05-13T10:07:50.941599" elapsed="4.489760"/>
</test>
<test id="s1-t3" name="Post-conditions" line="17">
<kw name="Close Browser" owner="SeleniumLibrary">
<doc>Closes the current browser.</doc>
<status status="PASS" start="2025-05-13T10:07:55.432045" elapsed="0.000126"/>
</kw>
<status status="PASS" start="2025-05-13T10:07:55.431718" elapsed="0.000576"/>
</test>
<status status="PASS" start="2025-05-13T10:07:45.105516" elapsed="10.327226"/>
</suite>
<statistics>
<total>
<stat pass="3" fail="0" skip="0">All Tests</stat>
</total>
<tag>
</tag>
<suite>
<stat name="TS 032" id="s1" pass="3" fail="0" skip="0">TS 032</stat>
</suite>
</statistics>
<errors>
<msg time="2025-05-13T10:07:45.367172" level="WARN">Imported resource file 'C:\Users\Daniel\Desktop\testování\Automatické\SpolkyAInstituce\032\Inputs.robot' is empty.</msg>
<msg time="2025-05-13T10:07:45.371946" level="WARN">exexcutable_path is being deprecated. Please use service to configure the driver's executable_path as per documentation.</msg>
</errors>
</robot>
