<?xml version="1.0" encoding="UTF-8"?>
<robot generator="Robot 7.2.2 (Python 3.13.3 on win32)" generated="2025-05-13T11:53:55.433998" rpa="false" schemaversion="5">
<suite id="s1" name="TS 076" source="C:\Users\Daniel\Desktop\testování\Automatické\Rezervace\076\TS_076.robot">
<test id="s1-t1" name="Pre-conditions" line="11">
<kw name="Otevri Prohlizec Jdi na URL a Zkontroluj" owner="Keywords">
<kw name="Open Browser" owner="SeleniumLibrary">
<msg time="2025-05-13T11:53:55.752622" level="WARN">exexcutable_path is being deprecated. Please use service to configure the driver's executable_path as per documentation.</msg>
<msg time="2025-05-13T11:53:55.752815" level="INFO">Opening browser 'Chrome' to base url 'https://pozlovice.cz/obec/rezervacni-system'.</msg>
<arg>${URL}</arg>
<arg>${Browser}</arg>
<arg>executable_path=C:\\Users\\Daniel\\Desktop\\testování\\chromedriver.exe</arg>
<doc>Opens a new browser instance to the optional ``url``.</doc>
<status status="PASS" start="2025-05-13T11:53:55.752336" elapsed="2.549455"/>
</kw>
<kw name="Maximize Browser Window" owner="SeleniumLibrary">
<doc>Maximizes current browser window.</doc>
<status status="PASS" start="2025-05-13T11:53:58.302143" elapsed="0.030944"/>
</kw>
<kw name="Wait Until Element Is Visible" owner="SeleniumLibrary">
<arg>${KontrolovanyElement}</arg>
<doc>Waits until the element ``locator`` is visible.</doc>
<status status="PASS" start="2025-05-13T11:53:58.333553" elapsed="0.041233"/>
</kw>
<arg>${Browser_Chrome}</arg>
<arg>${URL_MainPage}</arg>
<arg>${Button_Sys}</arg>
<status status="PASS" start="2025-05-13T11:53:55.751604" elapsed="2.623484"/>
</kw>
<status status="PASS" start="2025-05-13T11:53:55.750889" elapsed="2.624753"/>
</test>
<test id="s1-t2" name="Kontrola prihlaseni - Nezadani prijmeni" line="14">
<kw name="Zaloguj a Zkontroluj" owner="Keywords">
<kw name="Element Should Be Visible" owner="SeleniumLibrary">
<msg time="2025-05-13T11:53:58.400036" level="INFO">Element '//a[@href='https://pozlovice.rezervace.online/']' is displayed.</msg>
<arg>${Button_Sys}</arg>
<doc>Verifies that the element identified by ``locator`` is visible.</doc>
<status status="PASS" start="2025-05-13T11:53:58.378510" elapsed="0.021667"/>
</kw>
<kw name="Get Window Handles" owner="SeleniumLibrary">
<msg time="2025-05-13T11:53:58.401805" level="INFO">${OldWindows} = ['2B32BCB872E21AFBEAA8C3B0141DF3FA']</msg>
<var>${OldWindows}</var>
<doc>Returns all child window handles of the selected browser as a list.</doc>
<status status="PASS" start="2025-05-13T11:53:58.400400" elapsed="0.001464"/>
</kw>
<kw name="Click Element" owner="SeleniumLibrary">
<msg time="2025-05-13T11:53:58.402426" level="INFO">Clicking element '//a[@href='https://pozlovice.rezervace.online/']'.</msg>
<arg>${Button_Sys}</arg>
<doc>Click the element identified by ``locator``.</doc>
<status status="PASS" start="2025-05-13T11:53:58.402082" elapsed="0.202703"/>
</kw>
<kw name="Wait Until Keyword Succeeds" owner="BuiltIn">
<kw name="Window Handle Should Change" owner="Keywords">
<kw name="Get Window Handles" owner="SeleniumLibrary">
<msg time="2025-05-13T11:53:58.646123" level="INFO">${CurrentWindows} = ['2B32BCB872E21AFBEAA8C3B0141DF3FA', '7DB94925E08F4E2E44681D9583035EDF']</msg>
<var>${CurrentWindows}</var>
<doc>Returns all child window handles of the selected browser as a list.</doc>
<status status="PASS" start="2025-05-13T11:53:58.606810" elapsed="0.039411"/>
</kw>
<kw name="Get Length" owner="BuiltIn">
<msg time="2025-05-13T11:53:58.646862" level="INFO">Length is 1.</msg>
<msg time="2025-05-13T11:53:58.647014" level="INFO">${old_len} = 1</msg>
<var>${old_len}</var>
<arg>${OldWindows}</arg>
<doc>Returns and logs the length of the given item as an integer.</doc>
<status status="PASS" start="2025-05-13T11:53:58.646539" elapsed="0.000521"/>
</kw>
<kw name="Get Length" owner="BuiltIn">
<msg time="2025-05-13T11:53:58.647517" level="INFO">Length is 2.</msg>
<msg time="2025-05-13T11:53:58.647627" level="INFO">${new_len} = 2</msg>
<var>${new_len}</var>
<arg>${CurrentWindows}</arg>
<doc>Returns and logs the length of the given item as an integer.</doc>
<status status="PASS" start="2025-05-13T11:53:58.647304" elapsed="0.000359"/>
</kw>
<kw name="Should Be True" owner="BuiltIn">
<arg>${new_len} &gt; ${old_len}</arg>
<doc>Fails if the given condition is not true.</doc>
<status status="PASS" start="2025-05-13T11:53:58.647864" elapsed="0.000418"/>
</kw>
<arg>${OldWindows}</arg>
<status status="PASS" start="2025-05-13T11:53:58.605928" elapsed="0.042496"/>
</kw>
<arg>10x</arg>
<arg>1s</arg>
<arg>Window Handle Should Change</arg>
<arg>${OldWindows}</arg>
<doc>Runs the specified keyword and retries if it fails.</doc>
<status status="PASS" start="2025-05-13T11:53:58.605220" elapsed="0.043297"/>
</kw>
<kw name="Get Window Handles" owner="SeleniumLibrary">
<msg time="2025-05-13T11:53:58.650564" level="INFO">${AllWindows} = ['2B32BCB872E21AFBEAA8C3B0141DF3FA', '7DB94925E08F4E2E44681D9583035EDF']</msg>
<var>${AllWindows}</var>
<doc>Returns all child window handles of the selected browser as a list.</doc>
<status status="PASS" start="2025-05-13T11:53:58.648733" elapsed="0.001888"/>
</kw>
<kw name="Get New Window Handle" owner="Keywords">
<for flavor="IN">
<iter>
<kw name="Run Keyword If" owner="BuiltIn">
<arg>'${handle}' not in ${OldHandles}</arg>
<arg>Return From Keyword</arg>
<arg>${handle}</arg>
<doc>Runs the given keyword with the given arguments, if ``condition`` is true.</doc>
<status status="PASS" start="2025-05-13T11:53:58.651658" elapsed="0.000277"/>
</kw>
<var name="${handle}">2B32BCB872E21AFBEAA8C3B0141DF3FA</var>
<status status="PASS" start="2025-05-13T11:53:58.651478" elapsed="0.000534"/>
</iter>
<iter>
<kw name="Run Keyword If" owner="BuiltIn">
<kw name="Return From Keyword" owner="BuiltIn">
<msg time="2025-05-13T11:53:58.652756" level="INFO">Returning from the enclosing user keyword.</msg>
<arg>${handle}</arg>
<doc>Returns from the enclosing user keyword.</doc>
<status status="PASS" start="2025-05-13T11:53:58.652647" elapsed="0.000217"/>
</kw>
<arg>'${handle}' not in ${OldHandles}</arg>
<arg>Return From Keyword</arg>
<arg>${handle}</arg>
<doc>Runs the given keyword with the given arguments, if ``condition`` is true.</doc>
<status status="PASS" start="2025-05-13T11:53:58.652302" elapsed="0.000646"/>
</kw>
<var name="${handle}">7DB94925E08F4E2E44681D9583035EDF</var>
<status status="PASS" start="2025-05-13T11:53:58.652161" elapsed="0.000855"/>
</iter>
<var>${handle}</var>
<value>@{NewHandles}</value>
<status status="PASS" start="2025-05-13T11:53:58.651271" elapsed="0.001812"/>
</for>
<msg time="2025-05-13T11:53:58.653406" level="INFO">${NewWindow} = 7DB94925E08F4E2E44681D9583035EDF</msg>
<var>${NewWindow}</var>
<arg>${OldWindows}</arg>
<arg>${AllWindows}</arg>
<status status="PASS" start="2025-05-13T11:53:58.650904" elapsed="0.002552"/>
</kw>
<kw name="Switch Window" owner="SeleniumLibrary">
<arg>${NewWindow}</arg>
<doc>Switches to browser window matching ``locator``.</doc>
<status status="PASS" start="2025-05-13T11:53:58.653710" elapsed="0.059665"/>
</kw>
<kw name="Sleep" owner="BuiltIn">
<msg time="2025-05-13T11:54:01.714514" level="INFO">Slept 3 seconds.</msg>
<arg>3s</arg>
<doc>Pauses the test executed for the given time.</doc>
<status status="PASS" start="2025-05-13T11:53:58.713754" elapsed="3.000896"/>
</kw>
<kw name="Location Should Contain" owner="SeleniumLibrary">
<msg time="2025-05-13T11:54:01.720889" level="INFO">Current location contains 'https://pozlovice.rezervace.online/cs/terms'.</msg>
<arg>${StrankaSys}</arg>
<doc>Verifies that the current URL contains ``expected``.</doc>
<status status="PASS" start="2025-05-13T11:54:01.714848" elapsed="0.006164"/>
</kw>
<kw name="Element Should Be Visible" owner="SeleniumLibrary">
<msg time="2025-05-13T11:54:01.741818" level="INFO">Element '//a[normalize-space()='Registrace']' is displayed.</msg>
<arg>${Button_Reg}</arg>
<doc>Verifies that the element identified by ``locator`` is visible.</doc>
<status status="PASS" start="2025-05-13T11:54:01.721235" elapsed="0.020700"/>
</kw>
<kw name="Click Element" owner="SeleniumLibrary">
<msg time="2025-05-13T11:54:01.766141" level="INFO">Clicking element '//a[normalize-space()='Registrace']'.</msg>
<arg>${Button_Reg}</arg>
<doc>Click the element identified by ``locator``.</doc>
<status status="PASS" start="2025-05-13T11:54:01.765670" elapsed="0.059017"/>
</kw>
<kw name="Sleep" owner="BuiltIn">
<msg time="2025-05-13T11:54:03.825462" level="INFO">Slept 2 seconds.</msg>
<arg>2s</arg>
<doc>Pauses the test executed for the given time.</doc>
<status status="PASS" start="2025-05-13T11:54:01.824909" elapsed="2.000715"/>
</kw>
<kw name="Location Should Contain" owner="SeleniumLibrary">
<msg time="2025-05-13T11:54:03.829651" level="INFO">Current location contains 'https://pozlovice.rezervace.online/cs/account/register'.</msg>
<arg>${StrankaReg}</arg>
<doc>Verifies that the current URL contains ``expected``.</doc>
<status status="PASS" start="2025-05-13T11:54:03.825903" elapsed="0.003824"/>
</kw>
<kw name="Element Should Be Visible" owner="SeleniumLibrary">
<msg time="2025-05-13T11:54:03.843170" level="INFO">Element '//input[@id='dynamic-form-control-0']' is displayed.</msg>
<arg>${Input_email}</arg>
<doc>Verifies that the element identified by ``locator`` is visible.</doc>
<status status="PASS" start="2025-05-13T11:54:03.829872" elapsed="0.013438"/>
</kw>
<kw name="Element Should Be Visible" owner="SeleniumLibrary">
<msg time="2025-05-13T11:54:03.856307" level="INFO">Element '//input[@id='dynamic-form-control-1']' is displayed.</msg>
<arg>${Input_heslo}</arg>
<doc>Verifies that the element identified by ``locator`` is visible.</doc>
<status status="PASS" start="2025-05-13T11:54:03.843504" elapsed="0.012906"/>
</kw>
<kw name="Element Should Be Visible" owner="SeleniumLibrary">
<msg time="2025-05-13T11:54:03.867259" level="INFO">Element '//input[@id='dynamic-form-control-2']' is displayed.</msg>
<arg>${Input_hesloVerify}</arg>
<doc>Verifies that the element identified by ``locator`` is visible.</doc>
<status status="PASS" start="2025-05-13T11:54:03.856586" elapsed="0.010773"/>
</kw>
<kw name="Element Should Be Visible" owner="SeleniumLibrary">
<msg time="2025-05-13T11:54:03.878255" level="INFO">Element '//input[@id='dynamic-form-control-3']' is displayed.</msg>
<arg>${Input_jmeno}</arg>
<doc>Verifies that the element identified by ``locator`` is visible.</doc>
<status status="PASS" start="2025-05-13T11:54:03.867527" elapsed="0.010828"/>
</kw>
<kw name="Element Should Be Visible" owner="SeleniumLibrary">
<msg time="2025-05-13T11:54:03.889234" level="INFO">Element '//input[@id='dynamic-form-control-4']' is displayed.</msg>
<arg>${Input_prijmeni}</arg>
<doc>Verifies that the element identified by ``locator`` is visible.</doc>
<status status="PASS" start="2025-05-13T11:54:03.878527" elapsed="0.010805"/>
</kw>
<kw name="Element Should Be Visible" owner="SeleniumLibrary">
<msg time="2025-05-13T11:54:03.900050" level="INFO">Element '//input[@id='dynamic-form-control-5']' is displayed.</msg>
<arg>${Input_tel}</arg>
<doc>Verifies that the element identified by ``locator`` is visible.</doc>
<status status="PASS" start="2025-05-13T11:54:03.889499" elapsed="0.010648"/>
</kw>
<kw name="Input Text" owner="SeleniumLibrary">
<msg time="2025-05-13T11:54:03.900535" level="INFO">Typing text 'testik@pes.cz' into text field '//input[@id='dynamic-form-control-0']'.</msg>
<arg>${Input_email}</arg>
<arg>${Value_NevalidniEmail}</arg>
<doc>Types the given ``text`` into the text field identified by ``locator``.</doc>
<status status="PASS" start="2025-05-13T11:54:03.900309" elapsed="0.107049"/>
</kw>
<kw name="Input Text" owner="SeleniumLibrary">
<msg time="2025-05-13T11:54:04.007891" level="INFO">Typing text 'pepa1234' into text field '//input[@id='dynamic-form-control-1']'.</msg>
<arg>${Input_heslo}</arg>
<arg>${Value_Validniheslo}</arg>
<doc>Types the given ``text`` into the text field identified by ``locator``.</doc>
<status status="PASS" start="2025-05-13T11:54:04.007570" elapsed="0.076386"/>
</kw>
<kw name="Input Text" owner="SeleniumLibrary">
<msg time="2025-05-13T11:54:04.084555" level="INFO">Typing text 'pepa1234' into text field '//input[@id='dynamic-form-control-2']'.</msg>
<arg>${Input_hesloVerify}</arg>
<arg>${Value_ValidnihesloVer}</arg>
<doc>Types the given ``text`` into the text field identified by ``locator``.</doc>
<status status="PASS" start="2025-05-13T11:54:04.084241" elapsed="0.066095"/>
</kw>
<kw name="Input Text" owner="SeleniumLibrary">
<msg time="2025-05-13T11:54:04.150873" level="INFO">Typing text 'Daniel' into text field '//input[@id='dynamic-form-control-3']'.</msg>
<arg>${Input_jmeno}</arg>
<arg>${Value_Validnijmeno}</arg>
<doc>Types the given ``text`` into the text field identified by ``locator``.</doc>
<status status="PASS" start="2025-05-13T11:54:04.150564" elapsed="0.066964"/>
</kw>
<kw name="Input Text" owner="SeleniumLibrary">
<msg time="2025-05-13T11:54:04.218060" level="INFO">Typing text '1234567892' into text field '//input[@id='dynamic-form-control-5']'.</msg>
<arg>${Input_tel}</arg>
<arg>${Value_ValidniTelefon}</arg>
<doc>Types the given ``text`` into the text field identified by ``locator``.</doc>
<status status="PASS" start="2025-05-13T11:54:04.217755" elapsed="0.078663"/>
</kw>
<kw name="Element Should Be Visible" owner="SeleniumLibrary">
<msg time="2025-05-13T11:54:04.311248" level="INFO">Element '//button[@type='submit']' is displayed.</msg>
<arg>${Button_FinalReg}</arg>
<doc>Verifies that the element identified by ``locator`` is visible.</doc>
<status status="PASS" start="2025-05-13T11:54:04.296716" elapsed="0.014640"/>
</kw>
<kw name="Get Element Attribute" owner="SeleniumLibrary">
<msg time="2025-05-13T11:54:04.323324" level="INFO">${state} = true</msg>
<var>${state}</var>
<arg>${Button_FinalReg}</arg>
<arg>disabled</arg>
<doc>Returns the value of ``attribute`` from the element ``locator``.</doc>
<status status="PASS" start="2025-05-13T11:54:04.311548" elapsed="0.011834"/>
</kw>
<kw name="Should Be Equal As Strings" owner="BuiltIn">
<arg>${state}</arg>
<arg>true</arg>
<doc>Fails if objects are unequal after converting them to strings.</doc>
<status status="PASS" start="2025-05-13T11:54:04.323590" elapsed="0.000227"/>
</kw>
<arg>${Button_Sys}</arg>
<arg>${URL_Sys}</arg>
<arg>${Button_Reg}</arg>
<arg>${URL_Reg}</arg>
<arg>${Input_email}</arg>
<arg>${Input_heslo}</arg>
<arg>${Input_hesloVerify}</arg>
<arg>${Input_jmeno}</arg>
<arg>${Input_prijmeni}</arg>
<arg>${Input_tel}</arg>
<arg>${Value_NevalidniEmail}</arg>
<arg>${Value_Validniheslo}</arg>
<arg>${Value_ValidnihesloVer}</arg>
<arg>${Value_Validnijmeno}</arg>
<arg>${Value_Validniprijmeni}</arg>
<arg>${Value_ValidniTelefon}</arg>
<arg>${Button_FinalReg}</arg>
<arg>${SpatneUdaje}</arg>
<status status="PASS" start="2025-05-13T11:53:58.377503" elapsed="5.946396"/>
</kw>
<status status="PASS" start="2025-05-13T11:53:58.376454" elapsed="5.947705"/>
</test>
<test id="s1-t3" name="Post-conditions" line="17">
<kw name="Close Browser" owner="SeleniumLibrary">
<doc>Closes the current browser.</doc>
<status status="PASS" start="2025-05-13T11:54:04.324873" elapsed="2.287954"/>
</kw>
<status status="PASS" start="2025-05-13T11:54:04.324529" elapsed="2.288580"/>
</test>
<status status="PASS" start="2025-05-13T11:53:55.435401" elapsed="11.178239"/>
</suite>
<statistics>
<total>
<stat pass="3" fail="0" skip="0">All Tests</stat>
</total>
<tag>
</tag>
<suite>
<stat name="TS 076" id="s1" pass="3" fail="0" skip="0">TS 076</stat>
</suite>
</statistics>
<errors>
<msg time="2025-05-13T11:53:55.752622" level="WARN">exexcutable_path is being deprecated. Please use service to configure the driver's executable_path as per documentation.</msg>
</errors>
</robot>
