<?xml version="1.0" encoding="UTF-8"?>
<robot generator="Robot 7.2.2 (Python 3.13.3 on win32)" generated="2025-05-12T14:39:02.411275" rpa="false" schemaversion="5">
<suite id="s1" name="TS 041" source="C:\Users\Daniel\Desktop\testování\Automatické\TuristaAVolnyCas\041\TS_041.robot">
<test id="s1-t1" name="Pre-conditions" line="11">
<kw name="Otevri Prohlizec Jdi na URL a Zkontroluj" owner="Keywords">
<kw name="Open Browser" owner="SeleniumLibrary">
<msg time="2025-05-12T14:39:02.695268" level="WARN">exexcutable_path is being deprecated. Please use service to configure the driver's executable_path as per documentation.</msg>
<msg time="2025-05-12T14:39:02.695603" level="INFO">Opening browser 'Chrome' to base url 'https://pozlovice.cz/'.</msg>
<arg>${URL}</arg>
<arg>${Browser}</arg>
<arg>executable_path=C:\\Users\\Daniel\\Desktop\\testování\\chromedriver.exe</arg>
<doc>Opens a new browser instance to the optional ``url``.</doc>
<status status="PASS" start="2025-05-12T14:39:02.694842" elapsed="6.990250"/>
</kw>
<kw name="Maximize Browser Window" owner="SeleniumLibrary">
<doc>Maximizes current browser window.</doc>
<status status="PASS" start="2025-05-12T14:39:09.685369" elapsed="0.055747"/>
</kw>
<kw name="Wait Until Element Is Visible" owner="SeleniumLibrary">
<arg>${KontrolovanyElement}</arg>
<doc>Waits until the element ``locator`` is visible.</doc>
<status status="PASS" start="2025-05-12T14:39:09.741408" elapsed="0.122017"/>
</kw>
<arg>${Browser_Chrome}</arg>
<arg>${URL_MainPage}</arg>
<arg>${Button_Turista}</arg>
<status status="PASS" start="2025-05-12T14:39:02.693483" elapsed="7.170108"/>
</kw>
<status status="PASS" start="2025-05-12T14:39:02.692563" elapsed="7.171335"/>
</test>
<test id="s1-t2" name="Kontrola tlacitka" line="14">
<kw name="Zaloguj a Zkontroluj" owner="Keywords">
<kw name="Element Should Be Visible" owner="SeleniumLibrary">
<msg time="2025-05-12T14:39:09.879124" level="INFO">Element '//a[@href='/obec/turista-a-volny-cas']' is displayed.</msg>
<arg>${ButtonTurista}</arg>
<doc>Verifies that the element identified by ``locator`` is visible.</doc>
<status status="PASS" start="2025-05-12T14:39:09.865426" elapsed="0.013888"/>
</kw>
<kw name="Click Element" owner="SeleniumLibrary">
<msg time="2025-05-12T14:39:09.880013" level="INFO">Clicking element '//a[@href='/obec/turista-a-volny-cas']'.</msg>
<arg>${ButtonTurista}</arg>
<doc>Click the element identified by ``locator``.</doc>
<status status="PASS" start="2025-05-12T14:39:09.879635" elapsed="0.328974"/>
</kw>
<kw name="Location Should Contain" owner="SeleniumLibrary">
<msg time="2025-05-12T14:39:11.135015" level="INFO">Current location contains 'https://pozlovice.cz/obec/turista-a-volny-cas'.</msg>
<arg>${StrankaTurista}</arg>
<doc>Verifies that the current URL contains ``expected``.</doc>
<status status="PASS" start="2025-05-12T14:39:10.208835" elapsed="0.926360"/>
</kw>
<kw name="Element Should Be Visible" owner="SeleniumLibrary">
<msg time="2025-05-12T14:39:11.165105" level="INFO">Element '//div[@class='section-content-main-text']//a[contains(text(),'Luhačovická přehrada')]' is displayed.</msg>
<arg>${ButtonPrehrada}</arg>
<doc>Verifies that the element identified by ``locator`` is visible.</doc>
<status status="PASS" start="2025-05-12T14:39:11.135544" elapsed="0.029753"/>
</kw>
<kw name="Click Element" owner="SeleniumLibrary">
<msg time="2025-05-12T14:39:11.166101" level="INFO">Clicking element '//div[@class='section-content-main-text']//a[contains(text(),'Luhačovická přehrada')]'.</msg>
<arg>${ButtonPrehrada}</arg>
<doc>Click the element identified by ``locator``.</doc>
<status status="PASS" start="2025-05-12T14:39:11.165626" elapsed="0.712315"/>
</kw>
<kw name="Location Should Contain" owner="SeleniumLibrary">
<msg time="2025-05-12T14:39:11.883987" level="INFO">Current location contains 'https://pozlovice.cz/spol/luhacovicka-prehrada'.</msg>
<arg>${StrankaPrehrada}</arg>
<doc>Verifies that the current URL contains ``expected``.</doc>
<status status="PASS" start="2025-05-12T14:39:11.878393" elapsed="0.005707"/>
</kw>
<kw name="Element Should Be Visible" owner="SeleniumLibrary">
<msg time="2025-05-12T14:39:11.901555" level="INFO">Element '//a[contains(text(),'koupaliště Duha')]' is displayed.</msg>
<arg>${ButtonDuha}</arg>
<doc>Verifies that the element identified by ``locator`` is visible.</doc>
<status status="PASS" start="2025-05-12T14:39:11.884301" elapsed="0.017373"/>
</kw>
<kw name="Get Window Handles" owner="SeleniumLibrary">
<msg time="2025-05-12T14:39:11.903921" level="INFO">${OldWindows} = ['7E223F80A17118C572F20F5C09475470']</msg>
<var>${OldWindows}</var>
<doc>Returns all child window handles of the selected browser as a list.</doc>
<status status="PASS" start="2025-05-12T14:39:11.901875" elapsed="0.002100"/>
</kw>
<kw name="Click Element" owner="SeleniumLibrary">
<msg time="2025-05-12T14:39:11.904412" level="INFO">Clicking element '//a[contains(text(),'koupaliště Duha')]'.</msg>
<arg>${ButtonDuha}</arg>
<doc>Click the element identified by ``locator``.</doc>
<status status="PASS" start="2025-05-12T14:39:11.904166" elapsed="0.116521"/>
</kw>
<kw name="Wait Until Keyword Succeeds" owner="BuiltIn">
<kw name="Window Handle Should Change" owner="Keywords">
<kw name="Get Window Handles" owner="SeleniumLibrary">
<msg time="2025-05-12T14:39:12.085612" level="INFO">${CurrentWindows} = ['7E223F80A17118C572F20F5C09475470', 'F1F13414FA85D73AF1979ECE5905439A']</msg>
<var>${CurrentWindows}</var>
<doc>Returns all child window handles of the selected browser as a list.</doc>
<status status="PASS" start="2025-05-12T14:39:12.022608" elapsed="0.063287"/>
</kw>
<kw name="Get Length" owner="BuiltIn">
<msg time="2025-05-12T14:39:12.086600" level="INFO">Length is 1.</msg>
<msg time="2025-05-12T14:39:12.086760" level="INFO">${old_len} = 1</msg>
<var>${old_len}</var>
<arg>${OldWindows}</arg>
<doc>Returns and logs the length of the given item as an integer.</doc>
<status status="PASS" start="2025-05-12T14:39:12.086288" elapsed="0.000520"/>
</kw>
<kw name="Get Length" owner="BuiltIn">
<msg time="2025-05-12T14:39:12.087251" level="INFO">Length is 2.</msg>
<msg time="2025-05-12T14:39:12.087375" level="INFO">${new_len} = 2</msg>
<var>${new_len}</var>
<arg>${CurrentWindows}</arg>
<doc>Returns and logs the length of the given item as an integer.</doc>
<status status="PASS" start="2025-05-12T14:39:12.087043" elapsed="0.000366"/>
</kw>
<kw name="Should Be True" owner="BuiltIn">
<arg>${new_len} &gt; ${old_len}</arg>
<doc>Fails if the given condition is not true.</doc>
<status status="PASS" start="2025-05-12T14:39:12.087558" elapsed="0.000285"/>
</kw>
<arg>${OldWindows}</arg>
<status status="PASS" start="2025-05-12T14:39:12.021963" elapsed="0.066017"/>
</kw>
<arg>10x</arg>
<arg>1s</arg>
<arg>Window Handle Should Change</arg>
<arg>${OldWindows}</arg>
<doc>Runs the specified keyword and retries if it fails.</doc>
<status status="PASS" start="2025-05-12T14:39:12.021077" elapsed="0.067006"/>
</kw>
<kw name="Get Window Handles" owner="SeleniumLibrary">
<msg time="2025-05-12T14:39:12.090263" level="INFO">${AllWindows} = ['7E223F80A17118C572F20F5C09475470', 'F1F13414FA85D73AF1979ECE5905439A']</msg>
<var>${AllWindows}</var>
<doc>Returns all child window handles of the selected browser as a list.</doc>
<status status="PASS" start="2025-05-12T14:39:12.088304" elapsed="0.002027"/>
</kw>
<kw name="Get New Window Handle" owner="Keywords">
<for flavor="IN">
<iter>
<kw name="Run Keyword If" owner="BuiltIn">
<arg>'${handle}' not in ${OldHandles}</arg>
<arg>Return From Keyword</arg>
<arg>${handle}</arg>
<doc>Runs the given keyword with the given arguments, if ``condition`` is true.</doc>
<status status="PASS" start="2025-05-12T14:39:12.091845" elapsed="0.000409"/>
</kw>
<var name="${handle}">7E223F80A17118C572F20F5C09475470</var>
<status status="PASS" start="2025-05-12T14:39:12.091568" elapsed="0.000807"/>
</iter>
<iter>
<kw name="Run Keyword If" owner="BuiltIn">
<kw name="Return From Keyword" owner="BuiltIn">
<msg time="2025-05-12T14:39:12.093936" level="INFO">Returning from the enclosing user keyword.</msg>
<arg>${handle}</arg>
<doc>Returns from the enclosing user keyword.</doc>
<status status="PASS" start="2025-05-12T14:39:12.093210" elapsed="0.001063"/>
</kw>
<arg>'${handle}' not in ${OldHandles}</arg>
<arg>Return From Keyword</arg>
<arg>${handle}</arg>
<doc>Runs the given keyword with the given arguments, if ``condition`` is true.</doc>
<status status="PASS" start="2025-05-12T14:39:12.092763" elapsed="0.001637"/>
</kw>
<var name="${handle}">F1F13414FA85D73AF1979ECE5905439A</var>
<status status="PASS" start="2025-05-12T14:39:12.092568" elapsed="0.001923"/>
</iter>
<var>${handle}</var>
<value>@{NewHandles}</value>
<status status="PASS" start="2025-05-12T14:39:12.091245" elapsed="0.003345"/>
</for>
<msg time="2025-05-12T14:39:12.094871" level="INFO">${NewWindow} = F1F13414FA85D73AF1979ECE5905439A</msg>
<var>${NewWindow}</var>
<arg>${OldWindows}</arg>
<arg>${AllWindows}</arg>
<status status="PASS" start="2025-05-12T14:39:12.090669" elapsed="0.004251"/>
</kw>
<kw name="Switch Window" owner="SeleniumLibrary">
<arg>${NewWindow}</arg>
<doc>Switches to browser window matching ``locator``.</doc>
<status status="PASS" start="2025-05-12T14:39:12.095132" elapsed="0.078273"/>
</kw>
<kw name="Location Should Contain" owner="SeleniumLibrary">
<msg time="2025-05-12T14:39:13.908107" level="INFO">Current location contains 'https://pozlovice.cz/spol/koupaliste-duha'.</msg>
<arg>${StrankaDuha}</arg>
<doc>Verifies that the current URL contains ``expected``.</doc>
<status status="PASS" start="2025-05-12T14:39:12.173728" elapsed="1.734534"/>
</kw>
<kw name="Close Browser" owner="SeleniumLibrary">
<doc>Closes the current browser.</doc>
<status status="PASS" start="2025-05-12T14:39:13.908481" elapsed="3.523627"/>
</kw>
<arg>${Button_Turista}</arg>
<arg>${URL_Finish}</arg>
<arg>${Button_prehrada}</arg>
<arg>${URL_Finish2}</arg>
<arg>${Button_Duha}</arg>
<arg>${URL_Finish3}</arg>
<status status="PASS" start="2025-05-12T14:39:09.864917" elapsed="7.567317"/>
</kw>
<status status="PASS" start="2025-05-12T14:39:09.864338" elapsed="7.568180"/>
</test>
<test id="s1-t3" name="Post-conditions" line="17">
<kw name="Close Browser" owner="SeleniumLibrary">
<doc>Closes the current browser.</doc>
<status status="PASS" start="2025-05-12T14:39:17.433264" elapsed="0.000136"/>
</kw>
<status status="PASS" start="2025-05-12T14:39:17.432886" elapsed="0.000650"/>
</test>
<status status="PASS" start="2025-05-12T14:39:02.412842" elapsed="15.021128"/>
</suite>
<statistics>
<total>
<stat pass="3" fail="0" skip="0">All Tests</stat>
</total>
<tag>
</tag>
<suite>
<stat name="TS 041" id="s1" pass="3" fail="0" skip="0">TS 041</stat>
</suite>
</statistics>
<errors>
<msg time="2025-05-12T14:39:02.688785" level="WARN">Imported resource file 'C:\Users\Daniel\Desktop\testování\Automatické\TuristaAVolnyCas\041\Values.robot' is empty.</msg>
<msg time="2025-05-12T14:39:02.689556" level="WARN">Imported resource file 'C:\Users\Daniel\Desktop\testování\Automatické\TuristaAVolnyCas\041\Inputs.robot' is empty.</msg>
<msg time="2025-05-12T14:39:02.695268" level="WARN">exexcutable_path is being deprecated. Please use service to configure the driver's executable_path as per documentation.</msg>
</errors>
</robot>
