<?xml version="1.0" encoding="UTF-8"?>
<robot generator="Robot 7.2.2 (Python 3.13.3 on win32)" generated="2025-05-12T14:05:28.584907" rpa="false" schemaversion="5">
<suite id="s1" name="TS 051" source="C:\Users\Daniel\Desktop\testování\Automatické\UbytovaniSluzby\051\TS_051.robot">
<test id="s1-t1" name="Pre-conditions" line="11">
<kw name="Otevri Prohlizec Jdi na URL a Zkontroluj" owner="Keywords">
<kw name="Open Browser" owner="SeleniumLibrary">
<msg time="2025-05-12T14:05:28.934812" level="WARN">exexcutable_path is being deprecated. Please use service to configure the driver's executable_path as per documentation.</msg>
<msg time="2025-05-12T14:05:28.935037" level="INFO">Opening browser 'Chrome' to base url 'https://pozlovice.cz/'.</msg>
<arg>${URL}</arg>
<arg>${Browser}</arg>
<arg>executable_path=C:\\Users\\Daniel\\Desktop\\testování\\chromedriver.exe</arg>
<doc>Opens a new browser instance to the optional ``url``.</doc>
<status status="PASS" start="2025-05-12T14:05:28.934544" elapsed="5.288581"/>
</kw>
<kw name="Maximize Browser Window" owner="SeleniumLibrary">
<doc>Maximizes current browser window.</doc>
<status status="PASS" start="2025-05-12T14:05:34.223638" elapsed="0.059161"/>
</kw>
<kw name="Wait Until Element Is Visible" owner="SeleniumLibrary">
<arg>${KontrolovanyElement}</arg>
<doc>Waits until the element ``locator`` is visible.</doc>
<status status="PASS" start="2025-05-12T14:05:34.283053" elapsed="0.175259"/>
</kw>
<arg>${Browser_Chrome}</arg>
<arg>${URL_MainPage}</arg>
<arg>${Button_Sluzby}</arg>
<status status="PASS" start="2025-05-12T14:05:28.933591" elapsed="5.524906"/>
</kw>
<status status="PASS" start="2025-05-12T14:05:28.932845" elapsed="5.526147"/>
</test>
<test id="s1-t2" name="Kontrola tlacitka" line="14">
<kw name="Zaloguj a Zkontroluj" owner="Keywords">
<kw name="Element Should Be Visible" owner="SeleniumLibrary">
<msg time="2025-05-12T14:05:34.533461" level="INFO">Element '//a[@href='/obec/ubytovani-a-sluzby']' is displayed.</msg>
<arg>${ButtonSluzby}</arg>
<doc>Verifies that the element identified by ``locator`` is visible.</doc>
<status status="PASS" start="2025-05-12T14:05:34.461001" elapsed="0.072668"/>
</kw>
<kw name="Click Element" owner="SeleniumLibrary">
<msg time="2025-05-12T14:05:34.534438" level="INFO">Clicking element '//a[@href='/obec/ubytovani-a-sluzby']'.</msg>
<arg>${ButtonSluzby}</arg>
<doc>Click the element identified by ``locator``.</doc>
<status status="PASS" start="2025-05-12T14:05:34.534023" elapsed="0.185471"/>
</kw>
<kw name="Location Should Contain" owner="SeleniumLibrary">
<msg time="2025-05-12T14:05:34.842477" level="INFO">Current location contains 'https://pozlovice.cz/obec/ubytovani-a-sluzby'.</msg>
<arg>${StrankaSluzby}</arg>
<doc>Verifies that the current URL contains ``expected``.</doc>
<status status="PASS" start="2025-05-12T14:05:34.719793" elapsed="0.122834"/>
</kw>
<kw name="Element Should Be Visible" owner="SeleniumLibrary">
<msg time="2025-05-12T14:05:34.874482" level="INFO">Element '//div[@class='tag-menu pills']//a[normalize-space()='Hotely']' is displayed.</msg>
<arg>${ButtonHotely}</arg>
<doc>Verifies that the element identified by ``locator`` is visible.</doc>
<status status="PASS" start="2025-05-12T14:05:34.842900" elapsed="0.031782"/>
</kw>
<kw name="Click Element" owner="SeleniumLibrary">
<msg time="2025-05-12T14:05:34.875589" level="INFO">Clicking element '//div[@class='tag-menu pills']//a[normalize-space()='Hotely']'.</msg>
<arg>${ButtonHotely}</arg>
<doc>Click the element identified by ``locator``.</doc>
<status status="PASS" start="2025-05-12T14:05:34.875023" elapsed="0.262841"/>
</kw>
<kw name="Location Should Contain" owner="SeleniumLibrary">
<msg time="2025-05-12T14:05:35.298676" level="INFO">Current location contains 'https://pozlovice.cz/firmy-sluzby/hotel'.</msg>
<arg>${StrankaHotely}</arg>
<doc>Verifies that the current URL contains ``expected``.</doc>
<status status="PASS" start="2025-05-12T14:05:35.138098" elapsed="0.160705"/>
</kw>
<kw name="Element Should Be Visible" owner="SeleniumLibrary">
<msg time="2025-05-12T14:05:35.319656" level="INFO">Element '//h3[normalize-space()='Hotel Adamantino']' is displayed.</msg>
<arg>${ButtonHotel}</arg>
<doc>Verifies that the element identified by ``locator`` is visible.</doc>
<status status="PASS" start="2025-05-12T14:05:35.299021" elapsed="0.020763"/>
</kw>
<kw name="Click Element" owner="SeleniumLibrary">
<msg time="2025-05-12T14:05:35.320282" level="INFO">Clicking element '//h3[normalize-space()='Hotel Adamantino']'.</msg>
<arg>${ButtonHotel}</arg>
<doc>Click the element identified by ``locator``.</doc>
<status status="PASS" start="2025-05-12T14:05:35.320007" elapsed="0.856188"/>
</kw>
<kw name="Location Should Contain" owner="SeleniumLibrary">
<msg time="2025-05-12T14:05:36.181208" level="INFO">Current location contains 'https://www.adamantino.cz/'.</msg>
<arg>${StrankaHotel}</arg>
<doc>Verifies that the current URL contains ``expected``.</doc>
<status status="PASS" start="2025-05-12T14:05:36.176499" elapsed="0.004841"/>
</kw>
<arg>${Button_Sluzby}</arg>
<arg>${URL_Finish1}</arg>
<arg>${Button_Hotely}</arg>
<arg>${URL_Finish2}</arg>
<arg>${Button_Hotel}</arg>
<arg>${URL_Finish3}</arg>
<status status="PASS" start="2025-05-12T14:05:34.460397" elapsed="1.721119"/>
</kw>
<status status="PASS" start="2025-05-12T14:05:34.459668" elapsed="1.722182"/>
</test>
<test id="s1-t3" name="Post-conditions" line="17">
<kw name="Close Browser" owner="SeleniumLibrary">
<doc>Closes the current browser.</doc>
<status status="PASS" start="2025-05-12T14:05:36.182747" elapsed="2.315490"/>
</kw>
<status status="PASS" start="2025-05-12T14:05:36.182320" elapsed="2.316184"/>
</test>
<status status="PASS" start="2025-05-12T14:05:28.586454" elapsed="9.912511"/>
</suite>
<statistics>
<total>
<stat pass="3" fail="0" skip="0">All Tests</stat>
</total>
<tag>
</tag>
<suite>
<stat name="TS 051" id="s1" pass="3" fail="0" skip="0">TS 051</stat>
</suite>
</statistics>
<errors>
<msg time="2025-05-12T14:05:28.934812" level="WARN">exexcutable_path is being deprecated. Please use service to configure the driver's executable_path as per documentation.</msg>
</errors>
</robot>
