<?xml version="1.0" encoding="UTF-8"?>
<robot generator="Robot 7.2.2 (Python 3.13.3 on win32)" generated="2025-05-12T14:14:52.357098" rpa="false" schemaversion="5">
<suite id="s1" name="TS 053" source="C:\Users\Daniel\Desktop\testování\Automatické\UbytovaniSluzby\053\TS_053.robot">
<test id="s1-t1" name="Pre-conditions" line="11">
<kw name="Otevri Prohlizec Jdi na URL a Zkontroluj" owner="Keywords">
<kw name="Open Browser" owner="SeleniumLibrary">
<msg time="2025-05-12T14:14:52.646314" level="WARN">exexcutable_path is being deprecated. Please use service to configure the driver's executable_path as per documentation.</msg>
<msg time="2025-05-12T14:14:52.646559" level="INFO">Opening browser 'Chrome' to base url 'https://pozlovice.cz/'.</msg>
<arg>${URL}</arg>
<arg>${Browser}</arg>
<arg>executable_path=C:\\Users\\Daniel\\Desktop\\testování\\chromedriver.exe</arg>
<doc>Opens a new browser instance to the optional ``url``.</doc>
<status status="PASS" start="2025-05-12T14:14:52.645990" elapsed="5.272895"/>
</kw>
<kw name="Maximize Browser Window" owner="SeleniumLibrary">
<doc>Maximizes current browser window.</doc>
<status status="PASS" start="2025-05-12T14:14:57.919181" elapsed="0.059720"/>
</kw>
<kw name="Wait Until Element Is Visible" owner="SeleniumLibrary">
<arg>${KontrolovanyElement}</arg>
<doc>Waits until the element ``locator`` is visible.</doc>
<status status="PASS" start="2025-05-12T14:14:57.979207" elapsed="0.078672"/>
</kw>
<arg>${Browser_Chrome}</arg>
<arg>${URL_MainPage}</arg>
<arg>${Button_Sluzby}</arg>
<status status="PASS" start="2025-05-12T14:14:52.645102" elapsed="5.413019"/>
</kw>
<status status="PASS" start="2025-05-12T14:14:52.644456" elapsed="5.414130"/>
</test>
<test id="s1-t2" name="Kontrola tlacitka" line="14">
<kw name="Zaloguj a Zkontroluj" owner="Keywords">
<kw name="Element Should Be Visible" owner="SeleniumLibrary">
<msg time="2025-05-12T14:14:58.078588" level="INFO">Element '//a[@href='/obec/ubytovani-a-sluzby']' is displayed.</msg>
<arg>${ButtonSluzby}</arg>
<doc>Verifies that the element identified by ``locator`` is visible.</doc>
<status status="PASS" start="2025-05-12T14:14:58.060536" elapsed="0.018206"/>
</kw>
<kw name="Click Element" owner="SeleniumLibrary">
<msg time="2025-05-12T14:14:58.079372" level="INFO">Clicking element '//a[@href='/obec/ubytovani-a-sluzby']'.</msg>
<arg>${ButtonSluzby}</arg>
<doc>Click the element identified by ``locator``.</doc>
<status status="PASS" start="2025-05-12T14:14:58.079024" elapsed="0.302502"/>
</kw>
<kw name="Location Should Contain" owner="SeleniumLibrary">
<msg time="2025-05-12T14:14:58.496419" level="INFO">Current location contains 'https://pozlovice.cz/obec/ubytovani-a-sluzby'.</msg>
<arg>${StrankaSluzby}</arg>
<doc>Verifies that the current URL contains ``expected``.</doc>
<status status="PASS" start="2025-05-12T14:14:58.381842" elapsed="0.114706"/>
</kw>
<kw name="Element Should Be Visible" owner="SeleniumLibrary">
<msg time="2025-05-12T14:14:58.521152" level="INFO">Element '//a[normalize-space()='Ubytování v soukromí']' is displayed.</msg>
<arg>${ButtonUbyt1}</arg>
<doc>Verifies that the element identified by ``locator`` is visible.</doc>
<status status="PASS" start="2025-05-12T14:14:58.496771" elapsed="0.024509"/>
</kw>
<kw name="Click Element" owner="SeleniumLibrary">
<msg time="2025-05-12T14:14:58.521752" level="INFO">Clicking element '//a[normalize-space()='Ubytování v soukromí']'.</msg>
<arg>${ButtonUbyt1}</arg>
<doc>Click the element identified by ``locator``.</doc>
<status status="PASS" start="2025-05-12T14:14:58.521492" elapsed="0.219209"/>
</kw>
<kw name="Location Should Contain" owner="SeleniumLibrary">
<msg time="2025-05-12T14:14:58.927980" level="INFO">Current location contains 'https://pozlovice.cz/firmy-sluzby/ubytovani-v-soukromi'.</msg>
<arg>${StrankaUbyt1}</arg>
<doc>Verifies that the current URL contains ``expected``.</doc>
<status status="PASS" start="2025-05-12T14:14:58.740918" elapsed="0.187204"/>
</kw>
<kw name="Element Should Be Visible" owner="SeleniumLibrary">
<msg time="2025-05-12T14:14:58.947939" level="INFO">Element '//h3[normalize-space()='Coufalíková Lenka']' is displayed.</msg>
<arg>${ButtonUbyt2}</arg>
<doc>Verifies that the element identified by ``locator`` is visible.</doc>
<status status="PASS" start="2025-05-12T14:14:58.928394" elapsed="0.019694"/>
</kw>
<kw name="Click Element" owner="SeleniumLibrary">
<msg time="2025-05-12T14:14:58.948756" level="INFO">Clicking element '//h3[normalize-space()='Coufalíková Lenka']'.</msg>
<arg>${ButtonUbyt2}</arg>
<doc>Click the element identified by ``locator``.</doc>
<status status="PASS" start="2025-05-12T14:14:58.948340" elapsed="0.472364"/>
</kw>
<kw name="Location Should Contain" owner="SeleniumLibrary">
<msg time="2025-05-12T14:14:59.423861" level="INFO">Current location contains 'http://www.relax-ubytovani.cz/'.</msg>
<arg>${StrankaUbyt2}</arg>
<doc>Verifies that the current URL contains ``expected``.</doc>
<status status="PASS" start="2025-05-12T14:14:59.420900" elapsed="0.003041"/>
</kw>
<arg>${Button_Sluzby}</arg>
<arg>${URL_Finish1}</arg>
<arg>${Button_Ubyt1}</arg>
<arg>${URL_Finish2}</arg>
<arg>${Button_Ubyt2}</arg>
<arg>${URL_Finish3}</arg>
<status status="PASS" start="2025-05-12T14:14:58.059838" elapsed="1.364195"/>
</kw>
<status status="PASS" start="2025-05-12T14:14:58.059205" elapsed="1.365056"/>
</test>
<test id="s1-t3" name="Post-conditions" line="17">
<kw name="Close Browser" owner="SeleniumLibrary">
<doc>Closes the current browser.</doc>
<status status="PASS" start="2025-05-12T14:14:59.424931" elapsed="2.272619"/>
</kw>
<status status="PASS" start="2025-05-12T14:14:59.424604" elapsed="2.273555"/>
</test>
<status status="PASS" start="2025-05-12T14:14:52.358495" elapsed="9.340232"/>
</suite>
<statistics>
<total>
<stat pass="3" fail="0" skip="0">All Tests</stat>
</total>
<tag>
</tag>
<suite>
<stat name="TS 053" id="s1" pass="3" fail="0" skip="0">TS 053</stat>
</suite>
</statistics>
<errors>
<msg time="2025-05-12T14:14:52.646314" level="WARN">exexcutable_path is being deprecated. Please use service to configure the driver's executable_path as per documentation.</msg>
</errors>
</robot>
